HyPar - Parallel (MPI) version with 4 processes
Compiled with PETSc time integration.
Reading solver inputs from file "solver.inp".
	No. of dimensions                          : 3
	No. of variables                           : 5
	Domain size                                : 200 96 3 
	Processes along each dimension             : 2 2 1 
	No. of ghosts pts                          : 3
	No. of iter.                               : 50000
	Restart iteration                          : 0
	Time integration scheme                    : rk (44)
	Spatial discretization scheme (hyperbolic) : weno5
	Split hyperbolic flux term?                : no
	Interpolation type for hyperbolic term     : components
	Spatial discretization type   (parabolic ) : nonconservative-2stage
	Spatial discretization scheme (parabolic ) : 4
	Time Step                                  : 4.000000E-02
	Check for conservation                     : no
	Screen output iterations                   : 200
	File output iterations                     : 1000
	Initial solution file type                 : binary
	Initial solution read mode                 : serial
	Solution file write mode                   : serial
	Solution file format                       : binary
	Overwrite solution file                    : yes
	Physical model                             : navierstokes3d
	Immersed Body                              : cylinder.stl
Partitioning domain.
Allocating data arrays.
Reading array from binary file initial.inp (Serial mode).
Volume integral of the initial solution:
 0:  2.5654236261034362E+02
 1:  2.5654236261037145E+01
 2:  0.0000000000000000E+00
 3:  0.0000000000000000E+00
 4:  4.5939407361726899E+02
Reading boundary conditions from "boundary.inp".
  Boundary                subsonic-inflow:  Along dimension  0 and face +1
  Boundary               subsonic-outflow:  Along dimension  0 and face -1
  Boundary            subsonic-ambivalent:  Along dimension  1 and face +1
  Boundary            subsonic-ambivalent:  Along dimension  1 and face -1
  Boundary                       periodic:  Along dimension  2 and face +1
  Boundary                       periodic:  Along dimension  2 and face -1
6 boundary condition(s) read.
Immersed body read from cylinder.stl:
    Number of facets: 628
    Bounding box: [-1.0,1.0] X [-1.0,1.0] X [-5.0,5.0]
    Number of grid points inside immersed body: 3288 ( 5.7%).
    Number of immersed boundary points        : 882 ( 1.5%).
Initializing solvers.
Warning: File weno.inp not found. Using default parameters for WENO5/CRWENO5/HCWENO5 scheme.
Initializing physics. Model = "navierstokes3d"
Reading physical model inputs from file "physics.inp".
Writing solution file iblank.bin.
Setting up time integration.
Solving in time (from 0 to 50000 iterations)
Writing solution file op.bin.
Iteration:     200  Time: 8.000E+00  Max CFL: 8.612E-01  Max Diff. No.: -1.000E+00  Norm: 2.8703E-04  
Iteration:     400  Time: 1.600E+01  Max CFL: 8.540E-01  Max Diff. No.: -1.000E+00  Norm: 6.3401E-05  
Iteration:     600  Time: 2.400E+01  Max CFL: 8.509E-01  Max Diff. No.: -1.000E+00  Norm: 5.6620E-05  
Iteration:     800  Time: 3.200E+01  Max CFL: 8.511E-01  Max Diff. No.: -1.000E+00  Norm: 5.8072E-05  
Iteration:    1000  Time: 4.000E+01  Max CFL: 8.455E-01  Max Diff. No.: -1.000E+00  Norm: 7.1805E-05  
Writing solution file op.bin.
Iteration:    1200  Time: 4.800E+01  Max CFL: 8.452E-01  Max Diff. No.: -1.000E+00  Norm: 4.7237E-05  
Iteration:    1400  Time: 5.600E+01  Max CFL: 8.450E-01  Max Diff. No.: -1.000E+00  Norm: 2.3228E-05  
Iteration:    1600  Time: 6.400E+01  Max CFL: 8.443E-01  Max Diff. No.: -1.000E+00  Norm: 1.5946E-05  
Iteration:    1800  Time: 7.200E+01  Max CFL: 8.437E-01  Max Diff. No.: -1.000E+00  Norm: 1.6643E-05  
Iteration:    2000  Time: 8.000E+01  Max CFL: 8.433E-01  Max Diff. No.: -1.000E+00  Norm: 1.2999E-05  
Writing solution file op.bin.
Iteration:    2200  Time: 8.800E+01  Max CFL: 8.421E-01  Max Diff. No.: -1.000E+00  Norm: 1.4637E-05  
Iteration:    2400  Time: 9.600E+01  Max CFL: 8.417E-01  Max Diff. No.: -1.000E+00  Norm: 8.0589E-06  
Iteration:    2600  Time: 1.040E+02  Max CFL: 8.416E-01  Max Diff. No.: -1.000E+00  Norm: 9.5424E-06  
Iteration:    2800  Time: 1.120E+02  Max CFL: 8.413E-01  Max Diff. No.: -1.000E+00  Norm: 7.0363E-06  
Iteration:    3000  Time: 1.200E+02  Max CFL: 8.407E-01  Max Diff. No.: -1.000E+00  Norm: 7.9526E-06  
Writing solution file op.bin.
Iteration:    3200  Time: 1.280E+02  Max CFL: 8.406E-01  Max Diff. No.: -1.000E+00  Norm: 6.6547E-06  
Iteration:    3400  Time: 1.360E+02  Max CFL: 8.406E-01  Max Diff. No.: -1.000E+00  Norm: 4.6100E-06  
Iteration:    3600  Time: 1.440E+02  Max CFL: 8.406E-01  Max Diff. No.: -1.000E+00  Norm: 4.4966E-06  
Iteration:    3800  Time: 1.520E+02  Max CFL: 8.406E-01  Max Diff. No.: -1.000E+00  Norm: 6.1865E-06  
Iteration:    4000  Time: 1.600E+02  Max CFL: 8.401E-01  Max Diff. No.: -1.000E+00  Norm: 4.8881E-06  
Writing solution file op.bin.
Iteration:    4200  Time: 1.680E+02  Max CFL: 8.399E-01  Max Diff. No.: -1.000E+00  Norm: 4.2100E-06  
Iteration:    4400  Time: 1.760E+02  Max CFL: 8.401E-01  Max Diff. No.: -1.000E+00  Norm: 2.9489E-06  
Iteration:    4600  Time: 1.840E+02  Max CFL: 8.401E-01  Max Diff. No.: -1.000E+00  Norm: 3.4806E-06  
Iteration:    4800  Time: 1.920E+02  Max CFL: 8.399E-01  Max Diff. No.: -1.000E+00  Norm: 2.9742E-06  
Iteration:    5000  Time: 2.000E+02  Max CFL: 8.396E-01  Max Diff. No.: -1.000E+00  Norm: 3.0408E-06  
Writing solution file op.bin.
Iteration:    5200  Time: 2.080E+02  Max CFL: 8.393E-01  Max Diff. No.: -1.000E+00  Norm: 3.7937E-06  
Iteration:    5400  Time: 2.160E+02  Max CFL: 8.392E-01  Max Diff. No.: -1.000E+00  Norm: 3.2924E-06  
Iteration:    5600  Time: 2.240E+02  Max CFL: 8.394E-01  Max Diff. No.: -1.000E+00  Norm: 3.0177E-06  
Iteration:    5800  Time: 2.320E+02  Max CFL: 8.395E-01  Max Diff. No.: -1.000E+00  Norm: 2.0567E-06  
Iteration:    6000  Time: 2.400E+02  Max CFL: 8.393E-01  Max Diff. No.: -1.000E+00  Norm: 2.1767E-06  
Writing solution file op.bin.
Iteration:    6200  Time: 2.480E+02  Max CFL: 8.392E-01  Max Diff. No.: -1.000E+00  Norm: 2.8624E-06  
Iteration:    6400  Time: 2.560E+02  Max CFL: 8.391E-01  Max Diff. No.: -1.000E+00  Norm: 1.3644E-06  
Iteration:    6600  Time: 2.640E+02  Max CFL: 8.392E-01  Max Diff. No.: -1.000E+00  Norm: 2.3367E-06  
Iteration:    6800  Time: 2.720E+02  Max CFL: 8.392E-01  Max Diff. No.: -1.000E+00  Norm: 3.3466E-06  
Iteration:    7000  Time: 2.800E+02  Max CFL: 8.391E-01  Max Diff. No.: -1.000E+00  Norm: 1.4328E-06  
Writing solution file op.bin.
Iteration:    7200  Time: 2.880E+02  Max CFL: 8.389E-01  Max Diff. No.: -1.000E+00  Norm: 2.6832E-06  
Iteration:    7400  Time: 2.960E+02  Max CFL: 8.389E-01  Max Diff. No.: -1.000E+00  Norm: 2.6000E-06  
Iteration:    7600  Time: 3.040E+02  Max CFL: 8.389E-01  Max Diff. No.: -1.000E+00  Norm: 1.2831E-06  
Iteration:    7800  Time: 3.120E+02  Max CFL: 8.389E-01  Max Diff. No.: -1.000E+00  Norm: 1.7965E-06  
Iteration:    8000  Time: 3.200E+02  Max CFL: 8.388E-01  Max Diff. No.: -1.000E+00  Norm: 1.4678E-06  
Writing solution file op.bin.
Iteration:    8200  Time: 3.280E+02  Max CFL: 8.387E-01  Max Diff. No.: -1.000E+00  Norm: 1.4342E-06  
Iteration:    8400  Time: 3.360E+02  Max CFL: 8.386E-01  Max Diff. No.: -1.000E+00  Norm: 1.4050E-06  
Iteration:    8600  Time: 3.440E+02  Max CFL: 8.388E-01  Max Diff. No.: -1.000E+00  Norm: 1.0306E-06  
Iteration:    8800  Time: 3.520E+02  Max CFL: 8.388E-01  Max Diff. No.: -1.000E+00  Norm: 1.3912E-06  
Iteration:    9000  Time: 3.600E+02  Max CFL: 8.388E-01  Max Diff. No.: -1.000E+00  Norm: 1.2610E-06  
Writing solution file op.bin.
Iteration:    9200  Time: 3.680E+02  Max CFL: 8.386E-01  Max Diff. No.: -1.000E+00  Norm: 1.0606E-06  
Iteration:    9400  Time: 3.760E+02  Max CFL: 8.385E-01  Max Diff. No.: -1.000E+00  Norm: 1.1504E-06  
Iteration:    9600  Time: 3.840E+02  Max CFL: 8.385E-01  Max Diff. No.: -1.000E+00  Norm: 1.3009E-06  
Iteration:    9800  Time: 3.920E+02  Max CFL: 8.386E-01  Max Diff. No.: -1.000E+00  Norm: 1.0967E-06  
Iteration:   10000  Time: 4.000E+02  Max CFL: 8.386E-01  Max Diff. No.: -1.000E+00  Norm: 9.3172E-07  
Writing solution file op.bin.
Iteration:   10200  Time: 4.080E+02  Max CFL: 8.386E-01  Max Diff. No.: -1.000E+00  Norm: 1.5237E-06  
Iteration:   10400  Time: 4.160E+02  Max CFL: 8.385E-01  Max Diff. No.: -1.000E+00  Norm: 1.6296E-06  
Iteration:   10600  Time: 4.240E+02  Max CFL: 8.384E-01  Max Diff. No.: -1.000E+00  Norm: 5.6879E-07  
Iteration:   10800  Time: 4.320E+02  Max CFL: 8.385E-01  Max Diff. No.: -1.000E+00  Norm: 1.9080E-06  
Iteration:   11000  Time: 4.400E+02  Max CFL: 8.385E-01  Max Diff. No.: -1.000E+00  Norm: 1.7624E-06  
Writing solution file op.bin.
Iteration:   11200  Time: 4.480E+02  Max CFL: 8.384E-01  Max Diff. No.: -1.000E+00  Norm: 5.4287E-07  
Iteration:   11400  Time: 4.560E+02  Max CFL: 8.384E-01  Max Diff. No.: -1.000E+00  Norm: 1.4801E-06  
Iteration:   11600  Time: 4.640E+02  Max CFL: 8.384E-01  Max Diff. No.: -1.000E+00  Norm: 1.0184E-06  
Iteration:   11800  Time: 4.720E+02  Max CFL: 8.384E-01  Max Diff. No.: -1.000E+00  Norm: 6.2280E-07  
Iteration:   12000  Time: 4.800E+02  Max CFL: 8.384E-01  Max Diff. No.: -1.000E+00  Norm: 7.9662E-07  
Writing solution file op.bin.
Iteration:   12200  Time: 4.880E+02  Max CFL: 8.383E-01  Max Diff. No.: -1.000E+00  Norm: 8.3560E-07  
Iteration:   12400  Time: 4.960E+02  Max CFL: 8.383E-01  Max Diff. No.: -1.000E+00  Norm: 8.4631E-07  
Iteration:   12600  Time: 5.040E+02  Max CFL: 8.383E-01  Max Diff. No.: -1.000E+00  Norm: 5.5009E-07  
Iteration:   12800  Time: 5.120E+02  Max CFL: 8.383E-01  Max Diff. No.: -1.000E+00  Norm: 7.0695E-07  
Iteration:   13000  Time: 5.200E+02  Max CFL: 8.384E-01  Max Diff. No.: -1.000E+00  Norm: 7.9646E-07  
Writing solution file op.bin.
Iteration:   13200  Time: 5.280E+02  Max CFL: 8.383E-01  Max Diff. No.: -1.000E+00  Norm: 6.0017E-07  
Iteration:   13400  Time: 5.360E+02  Max CFL: 8.382E-01  Max Diff. No.: -1.000E+00  Norm: 5.4142E-07  
Iteration:   13600  Time: 5.440E+02  Max CFL: 8.382E-01  Max Diff. No.: -1.000E+00  Norm: 7.1950E-07  
Iteration:   13800  Time: 5.520E+02  Max CFL: 8.382E-01  Max Diff. No.: -1.000E+00  Norm: 9.9820E-07  
Iteration:   14000  Time: 5.600E+02  Max CFL: 8.383E-01  Max Diff. No.: -1.000E+00  Norm: 5.7090E-07  
Writing solution file op.bin.
Iteration:   14200  Time: 5.680E+02  Max CFL: 8.382E-01  Max Diff. No.: -1.000E+00  Norm: 8.3652E-07  
Iteration:   14400  Time: 5.760E+02  Max CFL: 8.382E-01  Max Diff. No.: -1.000E+00  Norm: 1.2288E-06  
Iteration:   14600  Time: 5.840E+02  Max CFL: 8.382E-01  Max Diff. No.: -1.000E+00  Norm: 5.1322E-07  
Iteration:   14800  Time: 5.920E+02  Max CFL: 8.382E-01  Max Diff. No.: -1.000E+00  Norm: 6.9185E-07  
Iteration:   15000  Time: 6.000E+02  Max CFL: 8.381E-01  Max Diff. No.: -1.000E+00  Norm: 1.1014E-06  
Writing solution file op.bin.
Iteration:   15200  Time: 6.080E+02  Max CFL: 8.381E-01  Max Diff. No.: -1.000E+00  Norm: 6.5894E-07  
Iteration:   15400  Time: 6.160E+02  Max CFL: 8.381E-01  Max Diff. No.: -1.000E+00  Norm: 3.5386E-07  
Iteration:   15600  Time: 6.240E+02  Max CFL: 8.381E-01  Max Diff. No.: -1.000E+00  Norm: 8.3344E-07  
Iteration:   15800  Time: 6.320E+02  Max CFL: 8.381E-01  Max Diff. No.: -1.000E+00  Norm: 6.9615E-07  
Iteration:   16000  Time: 6.400E+02  Max CFL: 8.381E-01  Max Diff. No.: -1.000E+00  Norm: 3.9155E-07  
Writing solution file op.bin.
Iteration:   16200  Time: 6.480E+02  Max CFL: 8.381E-01  Max Diff. No.: -1.000E+00  Norm: 5.9156E-07  
Iteration:   16400  Time: 6.560E+02  Max CFL: 8.380E-01  Max Diff. No.: -1.000E+00  Norm: 6.2779E-07  
Iteration:   16600  Time: 6.640E+02  Max CFL: 8.380E-01  Max Diff. No.: -1.000E+00  Norm: 4.5395E-07  
Iteration:   16800  Time: 6.720E+02  Max CFL: 8.381E-01  Max Diff. No.: -1.000E+00  Norm: 2.5281E-07  
Iteration:   17000  Time: 6.800E+02  Max CFL: 8.381E-01  Max Diff. No.: -1.000E+00  Norm: 5.1132E-07  
Writing solution file op.bin.
Iteration:   17200  Time: 6.880E+02  Max CFL: 8.381E-01  Max Diff. No.: -1.000E+00  Norm: 6.1005E-07  
Iteration:   17400  Time: 6.960E+02  Max CFL: 8.380E-01  Max Diff. No.: -1.000E+00  Norm: 4.0678E-07  
Iteration:   17600  Time: 7.040E+02  Max CFL: 8.380E-01  Max Diff. No.: -1.000E+00  Norm: 4.1386E-07  
Iteration:   17800  Time: 7.120E+02  Max CFL: 8.380E-01  Max Diff. No.: -1.000E+00  Norm: 7.6081E-07  
Iteration:   18000  Time: 7.200E+02  Max CFL: 8.380E-01  Max Diff. No.: -1.000E+00  Norm: 5.8425E-07  
Writing solution file op.bin.
Iteration:   18200  Time: 7.280E+02  Max CFL: 8.380E-01  Max Diff. No.: -1.000E+00  Norm: 2.2228E-07  
Iteration:   18400  Time: 7.360E+02  Max CFL: 8.380E-01  Max Diff. No.: -1.000E+00  Norm: 7.5545E-07  
Iteration:   18600  Time: 7.440E+02  Max CFL: 8.380E-01  Max Diff. No.: -1.000E+00  Norm: 6.5723E-07  
Iteration:   18800  Time: 7.520E+02  Max CFL: 8.380E-01  Max Diff. No.: -1.000E+00  Norm: 1.7833E-07  
Iteration:   19000  Time: 7.600E+02  Max CFL: 8.380E-01  Max Diff. No.: -1.000E+00  Norm: 6.2827E-07  
Writing solution file op.bin.
Iteration:   19200  Time: 7.680E+02  Max CFL: 8.379E-01  Max Diff. No.: -1.000E+00  Norm: 7.0572E-07  
Iteration:   19400  Time: 7.760E+02  Max CFL: 8.379E-01  Max Diff. No.: -1.000E+00  Norm: 3.1122E-07  
Iteration:   19600  Time: 7.840E+02  Max CFL: 8.380E-01  Max Diff. No.: -1.000E+00  Norm: 3.7077E-07  
Iteration:   19800  Time: 7.920E+02  Max CFL: 8.380E-01  Max Diff. No.: -1.000E+00  Norm: 6.0799E-07  
Iteration:   20000  Time: 8.000E+02  Max CFL: 8.380E-01  Max Diff. No.: -1.000E+00  Norm: 4.3244E-07  
Writing solution file op.bin.
Iteration:   20200  Time: 8.080E+02  Max CFL: 8.379E-01  Max Diff. No.: -1.000E+00  Norm: 2.5869E-07  
Iteration:   20400  Time: 8.160E+02  Max CFL: 8.379E-01  Max Diff. No.: -1.000E+00  Norm: 4.3488E-07  
Iteration:   20600  Time: 8.240E+02  Max CFL: 8.379E-01  Max Diff. No.: -1.000E+00  Norm: 4.9859E-07  
Iteration:   20800  Time: 8.320E+02  Max CFL: 8.379E-01  Max Diff. No.: -1.000E+00  Norm: 3.1428E-07  
Iteration:   21000  Time: 8.400E+02  Max CFL: 8.379E-01  Max Diff. No.: -1.000E+00  Norm: 2.2051E-07  
Writing solution file op.bin.
Iteration:   21200  Time: 8.480E+02  Max CFL: 8.379E-01  Max Diff. No.: -1.000E+00  Norm: 5.2780E-07  
Iteration:   21400  Time: 8.560E+02  Max CFL: 8.379E-01  Max Diff. No.: -1.000E+00  Norm: 4.8717E-07  
Iteration:   21600  Time: 8.640E+02  Max CFL: 8.379E-01  Max Diff. No.: -1.000E+00  Norm: 1.8500E-07  
Iteration:   21800  Time: 8.720E+02  Max CFL: 8.379E-01  Max Diff. No.: -1.000E+00  Norm: 4.9599E-07  
Iteration:   22000  Time: 8.800E+02  Max CFL: 8.379E-01  Max Diff. No.: -1.000E+00  Norm: 5.8261E-07  
Writing solution file op.bin.
Iteration:   22200  Time: 8.880E+02  Max CFL: 8.379E-01  Max Diff. No.: -1.000E+00  Norm: 2.2632E-07  
Iteration:   22400  Time: 8.960E+02  Max CFL: 8.379E-01  Max Diff. No.: -1.000E+00  Norm: 3.4598E-07  
Iteration:   22600  Time: 9.040E+02  Max CFL: 8.379E-01  Max Diff. No.: -1.000E+00  Norm: 5.8653E-07  
Iteration:   22800  Time: 9.120E+02  Max CFL: 8.379E-01  Max Diff. No.: -1.000E+00  Norm: 3.5786E-07  
Iteration:   23000  Time: 9.200E+02  Max CFL: 8.378E-01  Max Diff. No.: -1.000E+00  Norm: 2.4340E-07  
Writing solution file op.bin.
Iteration:   23200  Time: 9.280E+02  Max CFL: 8.378E-01  Max Diff. No.: -1.000E+00  Norm: 5.2246E-07  
Iteration:   23400  Time: 9.360E+02  Max CFL: 8.378E-01  Max Diff. No.: -1.000E+00  Norm: 4.4291E-07  
Iteration:   23600  Time: 9.440E+02  Max CFL: 8.378E-01  Max Diff. No.: -1.000E+00  Norm: 1.5512E-07  
Iteration:   23800  Time: 9.520E+02  Max CFL: 8.378E-01  Max Diff. No.: -1.000E+00  Norm: 3.2905E-07  
Iteration:   24000  Time: 9.600E+02  Max CFL: 8.378E-01  Max Diff. No.: -1.000E+00  Norm: 4.5211E-07  
Writing solution file op.bin.
Iteration:   24200  Time: 9.680E+02  Max CFL: 8.378E-01  Max Diff. No.: -1.000E+00  Norm: 2.9900E-07  
Iteration:   24400  Time: 9.760E+02  Max CFL: 8.378E-01  Max Diff. No.: -1.000E+00  Norm: 1.9335E-07  
Iteration:   24600  Time: 9.840E+02  Max CFL: 8.378E-01  Max Diff. No.: -1.000E+00  Norm: 4.2600E-07  
Iteration:   24800  Time: 9.920E+02  Max CFL: 8.378E-01  Max Diff. No.: -1.000E+00  Norm: 4.3183E-07  
Iteration:   25000  Time: 1.000E+03  Max CFL: 8.378E-01  Max Diff. No.: -1.000E+00  Norm: 1.5854E-07  
Writing solution file op.bin.
Iteration:   25200  Time: 1.008E+03  Max CFL: 8.378E-01  Max Diff. No.: -1.000E+00  Norm: 3.1305E-07  
Iteration:   25400  Time: 1.016E+03  Max CFL: 8.378E-01  Max Diff. No.: -1.000E+00  Norm: 4.8494E-07  
Iteration:   25600  Time: 1.024E+03  Max CFL: 8.378E-01  Max Diff. No.: -1.000E+00  Norm: 2.8433E-07  
Iteration:   25800  Time: 1.032E+03  Max CFL: 8.378E-01  Max Diff. No.: -1.000E+00  Norm: 2.1273E-07  
Iteration:   26000  Time: 1.040E+03  Max CFL: 8.378E-01  Max Diff. No.: -1.000E+00  Norm: 4.7207E-07  
Writing solution file op.bin.
Iteration:   26200  Time: 1.048E+03  Max CFL: 8.378E-01  Max Diff. No.: -1.000E+00  Norm: 3.8239E-07  
Iteration:   26400  Time: 1.056E+03  Max CFL: 8.378E-01  Max Diff. No.: -1.000E+00  Norm: 9.6760E-08  
Iteration:   26600  Time: 1.064E+03  Max CFL: 8.378E-01  Max Diff. No.: -1.000E+00  Norm: 3.6742E-07  
Iteration:   26800  Time: 1.072E+03  Max CFL: 8.378E-01  Max Diff. No.: -1.000E+00  Norm: 4.1681E-07  
Iteration:   27000  Time: 1.080E+03  Max CFL: 8.378E-01  Max Diff. No.: -1.000E+00  Norm: 1.9096E-07  
Writing solution file op.bin.
Iteration:   27200  Time: 1.088E+03  Max CFL: 8.378E-01  Max Diff. No.: -1.000E+00  Norm: 2.5358E-07  
Iteration:   27400  Time: 1.096E+03  Max CFL: 8.378E-01  Max Diff. No.: -1.000E+00  Norm: 4.0468E-07  
Iteration:   27600  Time: 1.104E+03  Max CFL: 8.378E-01  Max Diff. No.: -1.000E+00  Norm: 2.9899E-07  
Iteration:   27800  Time: 1.112E+03  Max CFL: 8.378E-01  Max Diff. No.: -1.000E+00  Norm: 1.0567E-07  
Iteration:   28000  Time: 1.120E+03  Max CFL: 8.378E-01  Max Diff. No.: -1.000E+00  Norm: 3.1930E-07  
Writing solution file op.bin.
Iteration:   28200  Time: 1.128E+03  Max CFL: 8.378E-01  Max Diff. No.: -1.000E+00  Norm: 3.7668E-07  
Iteration:   28400  Time: 1.136E+03  Max CFL: 8.378E-01  Max Diff. No.: -1.000E+00  Norm: 1.8421E-07  
Iteration:   28600  Time: 1.144E+03  Max CFL: 8.377E-01  Max Diff. No.: -1.000E+00  Norm: 2.2760E-07  
Iteration:   28800  Time: 1.152E+03  Max CFL: 8.377E-01  Max Diff. No.: -1.000E+00  Norm: 4.0325E-07  
Iteration:   29000  Time: 1.160E+03  Max CFL: 8.377E-01  Max Diff. No.: -1.000E+00  Norm: 2.9440E-07  
Writing solution file op.bin.
Iteration:   29200  Time: 1.168E+03  Max CFL: 8.378E-01  Max Diff. No.: -1.000E+00  Norm: 9.7241E-08  
Iteration:   29400  Time: 1.176E+03  Max CFL: 8.378E-01  Max Diff. No.: -1.000E+00  Norm: 3.5074E-07  
Iteration:   29600  Time: 1.184E+03  Max CFL: 8.378E-01  Max Diff. No.: -1.000E+00  Norm: 3.6309E-07  
Iteration:   29800  Time: 1.192E+03  Max CFL: 8.377E-01  Max Diff. No.: -1.000E+00  Norm: 1.2999E-07  
Iteration:   30000  Time: 1.200E+03  Max CFL: 8.377E-01  Max Diff. No.: -1.000E+00  Norm: 2.6519E-07  
Writing solution file op.bin.
Iteration:   30200  Time: 1.208E+03  Max CFL: 8.377E-01  Max Diff. No.: -1.000E+00  Norm: 3.8169E-07  
Iteration:   30400  Time: 1.216E+03  Max CFL: 8.377E-01  Max Diff. No.: -1.000E+00  Norm: 2.2343E-07  
Iteration:   30600  Time: 1.224E+03  Max CFL: 8.377E-01  Max Diff. No.: -1.000E+00  Norm: 1.3734E-07  
Iteration:   30800  Time: 1.232E+03  Max CFL: 8.378E-01  Max Diff. No.: -1.000E+00  Norm: 3.2924E-07  
Iteration:   31000  Time: 1.240E+03  Max CFL: 8.377E-01  Max Diff. No.: -1.000E+00  Norm: 2.9449E-07  
Writing solution file op.bin.
Iteration:   31200  Time: 1.248E+03  Max CFL: 8.377E-01  Max Diff. No.: -1.000E+00  Norm: 1.1136E-07  
Iteration:   31400  Time: 1.256E+03  Max CFL: 8.377E-01  Max Diff. No.: -1.000E+00  Norm: 2.4913E-07  
Iteration:   31600  Time: 1.264E+03  Max CFL: 8.377E-01  Max Diff. No.: -1.000E+00  Norm: 3.3258E-07  
Iteration:   31800  Time: 1.272E+03  Max CFL: 8.377E-01  Max Diff. No.: -1.000E+00  Norm: 1.9506E-07  
Iteration:   32000  Time: 1.280E+03  Max CFL: 8.377E-01  Max Diff. No.: -1.000E+00  Norm: 1.2992E-07  
Writing solution file op.bin.
Iteration:   32200  Time: 1.288E+03  Max CFL: 8.377E-01  Max Diff. No.: -1.000E+00  Norm: 3.1454E-07  
Iteration:   32400  Time: 1.296E+03  Max CFL: 8.377E-01  Max Diff. No.: -1.000E+00  Norm: 2.8105E-07  
Iteration:   32600  Time: 1.304E+03  Max CFL: 8.377E-01  Max Diff. No.: -1.000E+00  Norm: 9.1234E-08  
Iteration:   32800  Time: 1.312E+03  Max CFL: 8.377E-01  Max Diff. No.: -1.000E+00  Norm: 2.6225E-07  
Iteration:   33000  Time: 1.320E+03  Max CFL: 8.377E-01  Max Diff. No.: -1.000E+00  Norm: 3.2828E-07  
Writing solution file op.bin.
Iteration:   33200  Time: 1.328E+03  Max CFL: 8.377E-01  Max Diff. No.: -1.000E+00  Norm: 1.5732E-07  
Iteration:   33400  Time: 1.336E+03  Max CFL: 8.377E-01  Max Diff. No.: -1.000E+00  Norm: 1.6198E-07  
Iteration:   33600  Time: 1.344E+03  Max CFL: 8.377E-01  Max Diff. No.: -1.000E+00  Norm: 3.1659E-07  
Iteration:   33800  Time: 1.352E+03  Max CFL: 8.377E-01  Max Diff. No.: -1.000E+00  Norm: 2.3704E-07  
Iteration:   34000  Time: 1.360E+03  Max CFL: 8.377E-01  Max Diff. No.: -1.000E+00  Norm: 9.1969E-08  
Writing solution file op.bin.
Iteration:   34200  Time: 1.368E+03  Max CFL: 8.377E-01  Max Diff. No.: -1.000E+00  Norm: 2.6506E-07  
Iteration:   34400  Time: 1.376E+03  Max CFL: 8.377E-01  Max Diff. No.: -1.000E+00  Norm: 2.8381E-07  
Iteration:   34600  Time: 1.384E+03  Max CFL: 8.377E-01  Max Diff. No.: -1.000E+00  Norm: 1.1919E-07  
Iteration:   34800  Time: 1.392E+03  Max CFL: 8.377E-01  Max Diff. No.: -1.000E+00  Norm: 1.6737E-07  
Iteration:   35000  Time: 1.400E+03  Max CFL: 8.377E-01  Max Diff. No.: -1.000E+00  Norm: 2.8334E-07  
Writing solution file op.bin.
Iteration:   35200  Time: 1.408E+03  Max CFL: 8.377E-01  Max Diff. No.: -1.000E+00  Norm: 2.0440E-07  
Iteration:   35400  Time: 1.416E+03  Max CFL: 8.377E-01  Max Diff. No.: -1.000E+00  Norm: 8.9832E-08  
Iteration:   35600  Time: 1.424E+03  Max CFL: 8.377E-01  Max Diff. No.: -1.000E+00  Norm: 2.5007E-07  
Iteration:   35800  Time: 1.432E+03  Max CFL: 8.377E-01  Max Diff. No.: -1.000E+00  Norm: 2.6418E-07  
Iteration:   36000  Time: 1.440E+03  Max CFL: 8.377E-01  Max Diff. No.: -1.000E+00  Norm: 1.0006E-07  
Writing solution file op.bin.
Iteration:   36200  Time: 1.448E+03  Max CFL: 8.377E-01  Max Diff. No.: -1.000E+00  Norm: 1.7583E-07  
Iteration:   36400  Time: 1.456E+03  Max CFL: 8.377E-01  Max Diff. No.: -1.000E+00  Norm: 2.7895E-07  
Iteration:   36600  Time: 1.464E+03  Max CFL: 8.377E-01  Max Diff. No.: -1.000E+00  Norm: 1.7794E-07  
Iteration:   36800  Time: 1.472E+03  Max CFL: 8.377E-01  Max Diff. No.: -1.000E+00  Norm: 1.0099E-07  
Iteration:   37000  Time: 1.480E+03  Max CFL: 8.377E-01  Max Diff. No.: -1.000E+00  Norm: 2.5628E-07  
Writing solution file op.bin.
Iteration:   37200  Time: 1.488E+03  Max CFL: 8.377E-01  Max Diff. No.: -1.000E+00  Norm: 2.3557E-07  
Iteration:   37400  Time: 1.496E+03  Max CFL: 8.377E-01  Max Diff. No.: -1.000E+00  Norm: 7.1596E-08  
Iteration:   37600  Time: 1.504E+03  Max CFL: 8.377E-01  Max Diff. No.: -1.000E+00  Norm: 1.9050E-07  
Iteration:   37800  Time: 1.512E+03  Max CFL: 8.377E-01  Max Diff. No.: -1.000E+00  Norm: 2.5397E-07  
Iteration:   38000  Time: 1.520E+03  Max CFL: 8.377E-01  Max Diff. No.: -1.000E+00  Norm: 1.4062E-07  
Writing solution file op.bin.
Iteration:   38200  Time: 1.528E+03  Max CFL: 8.377E-01  Max Diff. No.: -1.000E+00  Norm: 1.1388E-07  
Iteration:   38400  Time: 1.536E+03  Max CFL: 8.377E-01  Max Diff. No.: -1.000E+00  Norm: 2.3850E-07  
Iteration:   38600  Time: 1.544E+03  Max CFL: 8.377E-01  Max Diff. No.: -1.000E+00  Norm: 2.0408E-07  
Iteration:   38800  Time: 1.552E+03  Max CFL: 8.377E-01  Max Diff. No.: -1.000E+00  Norm: 6.2831E-08  
Iteration:   39000  Time: 1.560E+03  Max CFL: 8.377E-01  Max Diff. No.: -1.000E+00  Norm: 1.8534E-07  
Writing solution file op.bin.
Iteration:   39200  Time: 1.568E+03  Max CFL: 8.377E-01  Max Diff. No.: -1.000E+00  Norm: 2.3584E-07  
Iteration:   39400  Time: 1.576E+03  Max CFL: 8.377E-01  Max Diff. No.: -1.000E+00  Norm: 1.2153E-07  
Iteration:   39600  Time: 1.584E+03  Max CFL: 8.377E-01  Max Diff. No.: -1.000E+00  Norm: 1.1830E-07  
Iteration:   39800  Time: 1.592E+03  Max CFL: 8.377E-01  Max Diff. No.: -1.000E+00  Norm: 2.3375E-07  
Iteration:   40000  Time: 1.600E+03  Max CFL: 8.377E-01  Max Diff. No.: -1.000E+00  Norm: 1.8413E-07  
Writing solution file op.bin.
Iteration:   40200  Time: 1.608E+03  Max CFL: 8.377E-01  Max Diff. No.: -1.000E+00  Norm: 5.6375E-08  
Iteration:   40400  Time: 1.616E+03  Max CFL: 8.377E-01  Max Diff. No.: -1.000E+00  Norm: 1.9348E-07  
Iteration:   40600  Time: 1.624E+03  Max CFL: 8.377E-01  Max Diff. No.: -1.000E+00  Norm: 2.1840E-07  
Iteration:   40800  Time: 1.632E+03  Max CFL: 8.377E-01  Max Diff. No.: -1.000E+00  Norm: 9.2856E-08  
Iteration:   41000  Time: 1.640E+03  Max CFL: 8.377E-01  Max Diff. No.: -1.000E+00  Norm: 1.3314E-07  
Writing solution file op.bin.
Iteration:   41200  Time: 1.648E+03  Max CFL: 8.377E-01  Max Diff. No.: -1.000E+00  Norm: 2.2084E-07  
Iteration:   41400  Time: 1.656E+03  Max CFL: 8.377E-01  Max Diff. No.: -1.000E+00  Norm: 1.5264E-07  
Iteration:   41600  Time: 1.664E+03  Max CFL: 8.377E-01  Max Diff. No.: -1.000E+00  Norm: 6.4417E-08  
Iteration:   41800  Time: 1.672E+03  Max CFL: 8.377E-01  Max Diff. No.: -1.000E+00  Norm: 1.8786E-07  
Iteration:   42000  Time: 1.680E+03  Max CFL: 8.377E-01  Max Diff. No.: -1.000E+00  Norm: 1.9308E-07  
Writing solution file op.bin.
Iteration:   42200  Time: 1.688E+03  Max CFL: 8.377E-01  Max Diff. No.: -1.000E+00  Norm: 7.4967E-08  
Iteration:   42400  Time: 1.696E+03  Max CFL: 8.377E-01  Max Diff. No.: -1.000E+00  Norm: 1.3434E-07  
Iteration:   42600  Time: 1.704E+03  Max CFL: 8.377E-01  Max Diff. No.: -1.000E+00  Norm: 2.0586E-07  
Iteration:   42800  Time: 1.712E+03  Max CFL: 8.377E-01  Max Diff. No.: -1.000E+00  Norm: 1.3284E-07  
Iteration:   43000  Time: 1.720E+03  Max CFL: 8.377E-01  Max Diff. No.: -1.000E+00  Norm: 6.8610E-08  
Writing solution file op.bin.
Iteration:   43200  Time: 1.728E+03  Max CFL: 8.377E-01  Max Diff. No.: -1.000E+00  Norm: 1.8559E-07  
Iteration:   43400  Time: 1.736E+03  Max CFL: 8.377E-01  Max Diff. No.: -1.000E+00  Norm: 1.7727E-07  
Iteration:   43600  Time: 1.744E+03  Max CFL: 8.377E-01  Max Diff. No.: -1.000E+00  Norm: 5.8741E-08  
Iteration:   43800  Time: 1.752E+03  Max CFL: 8.377E-01  Max Diff. No.: -1.000E+00  Norm: 1.4204E-07  
Iteration:   44000  Time: 1.760E+03  Max CFL: 8.377E-01  Max Diff. No.: -1.000E+00  Norm: 1.9526E-07  
Writing solution file op.bin.
Iteration:   44200  Time: 1.768E+03  Max CFL: 8.377E-01  Max Diff. No.: -1.000E+00  Norm: 1.0900E-07  
Iteration:   44400  Time: 1.776E+03  Max CFL: 8.377E-01  Max Diff. No.: -1.000E+00  Norm: 8.1202E-08  
Iteration:   44600  Time: 1.784E+03  Max CFL: 8.377E-01  Max Diff. No.: -1.000E+00  Norm: 1.8136E-07  
Iteration:   44800  Time: 1.792E+03  Max CFL: 8.377E-01  Max Diff. No.: -1.000E+00  Norm: 1.5402E-07  
Iteration:   45000  Time: 1.800E+03  Max CFL: 8.377E-01  Max Diff. No.: -1.000E+00  Norm: 4.9557E-08  
Writing solution file op.bin.
Iteration:   45200  Time: 1.808E+03  Max CFL: 8.377E-01  Max Diff. No.: -1.000E+00  Norm: 1.4352E-07  
Iteration:   45400  Time: 1.816E+03  Max CFL: 8.377E-01  Max Diff. No.: -1.000E+00  Norm: 1.7694E-07  
Iteration:   45600  Time: 1.824E+03  Max CFL: 8.377E-01  Max Diff. No.: -1.000E+00  Norm: 8.8438E-08  
Iteration:   45800  Time: 1.832E+03  Max CFL: 8.377E-01  Max Diff. No.: -1.000E+00  Norm: 8.7382E-08  
Iteration:   46000  Time: 1.840E+03  Max CFL: 8.377E-01  Max Diff. No.: -1.000E+00  Norm: 1.7176E-07  
Writing solution file op.bin.
Iteration:   46200  Time: 1.848E+03  Max CFL: 8.377E-01  Max Diff. No.: -1.000E+00  Norm: 1.3582E-07  
Iteration:   46400  Time: 1.856E+03  Max CFL: 8.377E-01  Max Diff. No.: -1.000E+00  Norm: 4.6094E-08  
Iteration:   46600  Time: 1.864E+03  Max CFL: 8.377E-01  Max Diff. No.: -1.000E+00  Norm: 1.4334E-07  
Iteration:   46800  Time: 1.872E+03  Max CFL: 8.377E-01  Max Diff. No.: -1.000E+00  Norm: 1.6407E-07  
Iteration:   47000  Time: 1.880E+03  Max CFL: 8.377E-01  Max Diff. No.: -1.000E+00  Norm: 7.1434E-08  
Writing solution file op.bin.
Iteration:   47200  Time: 1.888E+03  Max CFL: 8.377E-01  Max Diff. No.: -1.000E+00  Norm: 9.5240E-08  
Iteration:   47400  Time: 1.896E+03  Max CFL: 8.377E-01  Max Diff. No.: -1.000E+00  Norm: 1.6580E-07  
Iteration:   47600  Time: 1.904E+03  Max CFL: 8.377E-01  Max Diff. No.: -1.000E+00  Norm: 1.1722E-07  
Iteration:   47800  Time: 1.912E+03  Max CFL: 8.377E-01  Max Diff. No.: -1.000E+00  Norm: 4.9278E-08  
Iteration:   48000  Time: 1.920E+03  Max CFL: 8.377E-01  Max Diff. No.: -1.000E+00  Norm: 1.4385E-07  
Writing solution file op.bin.
Iteration:   48200  Time: 1.928E+03  Max CFL: 8.377E-01  Max Diff. No.: -1.000E+00  Norm: 1.4764E-07  
Iteration:   48400  Time: 1.936E+03  Max CFL: 8.377E-01  Max Diff. No.: -1.000E+00  Norm: 5.4557E-08  
Iteration:   48600  Time: 1.944E+03  Max CFL: 8.377E-01  Max Diff. No.: -1.000E+00  Norm: 1.0128E-07  
Iteration:   48800  Time: 1.952E+03  Max CFL: 8.377E-01  Max Diff. No.: -1.000E+00  Norm: 1.5444E-07  
Iteration:   49000  Time: 1.960E+03  Max CFL: 8.377E-01  Max Diff. No.: -1.000E+00  Norm: 9.8460E-08  
Writing solution file op.bin.
Iteration:   49200  Time: 1.968E+03  Max CFL: 8.377E-01  Max Diff. No.: -1.000E+00  Norm: 5.4626E-08  
Iteration:   49400  Time: 1.976E+03  Max CFL: 8.377E-01  Max Diff. No.: -1.000E+00  Norm: 1.3922E-07  
Iteration:   49600  Time: 1.984E+03  Max CFL: 8.377E-01  Max Diff. No.: -1.000E+00  Norm: 1.3208E-07  
Iteration:   49800  Time: 1.992E+03  Max CFL: 8.377E-01  Max Diff. No.: -1.000E+00  Norm: 4.3580E-08  
Iteration:   50000  Time: 2.000E+03  Max CFL: 8.377E-01  Max Diff. No.: -1.000E+00  Norm: 1.0388E-07  
Writing solution file op.bin.
Completed time integration (Final time: 2000.000000).
Computed errors:
  L1         Error           : 0.0000000000000000E+00
  L2         Error           : 0.0000000000000000E+00
  Linfinity  Error           : 0.0000000000000000E+00
Conservation Errors:
	0.0000000000000000E+00
	0.0000000000000000E+00
	0.0000000000000000E+00
	0.0000000000000000E+00
	0.0000000000000000E+00
Solver runtime (in seconds): 3.9742086662000002E+04
Total  runtime (in seconds): 3.9742152825999998E+04
Deallocating arrays.
Finished.
