HyPar - Parallel (MPI) version with 12 processes
Compiled with PETSc time integration.
Reading solver inputs from file "solver.inp".
	No. of dimensions                          : 2
	No. of variables                           : 4
	Domain size                                : 1200 50 
	Processes along each dimension             : 12 1 
	No. of ghosts pts                          : 3
	No. of iter.                               : 6000
	Restart iteration                          : 0
	Time integration scheme                    : rk (ssprk3)
	Spatial discretization scheme (hyperbolic) : weno5
	Split hyperbolic flux term?                : no
	Interpolation type for hyperbolic term     : components
	Spatial discretization type   (parabolic ) : nonconservative-2stage
	Spatial discretization scheme (parabolic ) : 4
	Time Step                                  : 5.000000E-01
	Check for conservation                     : no
	Screen output iterations                   : 10
	File output iterations                     : 240
	Initial solution file type                 : binary
	Initial solution read mode                 : serial
	Solution file write mode                   : serial
	Solution file format                       : binary
	Overwrite solution file                    : no
	Physical model                             : navierstokes2d
Partitioning domain.
Allocating data arrays.
Reading array from binary file initial.inp (Serial mode).
Volume integral of the initial solution:
 0:  2.2722878895077519E+09
 1:  4.5445757790155090E+10
 2:  0.0000000000000000E+00
 3:  4.4309563899845662E+14
Reading boundary conditions from "boundary.inp".
  Boundary                       periodic:  Along dimension  0 and face +1
  Boundary                       periodic:  Along dimension  0 and face -1
  Boundary                      slip-wall:  Along dimension  1 and face +1
  Boundary                      slip-wall:  Along dimension  1 and face -1
4 boundary condition(s) read.
Initializing solvers.
Reading WENO parameters from weno.inp.
Initializing physics. Model = "navierstokes2d"
Reading physical model inputs from file "physics.inp".
Setting up time integration.
Solving in time (from 0 to 6000 iterations)
Writing solution file op_00000.bin.
Iteration:      10  Time: 5.000E+00  Max CFL: 8.507E-01  Max Diff. No.: -1.000E+00  Norm: 5.3082E-03  
Iteration:      20  Time: 1.000E+01  Max CFL: 8.507E-01  Max Diff. No.: -1.000E+00  Norm: 8.9247E-03  
Iteration:      30  Time: 1.500E+01  Max CFL: 8.507E-01  Max Diff. No.: -1.000E+00  Norm: 9.7055E-03  
Iteration:      40  Time: 2.000E+01  Max CFL: 8.507E-01  Max Diff. No.: -1.000E+00  Norm: 8.0489E-03  
Iteration:      50  Time: 2.500E+01  Max CFL: 8.507E-01  Max Diff. No.: -1.000E+00  Norm: 4.8349E-03  
Iteration:      60  Time: 3.000E+01  Max CFL: 8.507E-01  Max Diff. No.: -1.000E+00  Norm: 2.4711E-03  
Iteration:      70  Time: 3.500E+01  Max CFL: 8.507E-01  Max Diff. No.: -1.000E+00  Norm: 5.2224E-03  
Iteration:      80  Time: 4.000E+01  Max CFL: 8.507E-01  Max Diff. No.: -1.000E+00  Norm: 8.0929E-03  
Iteration:      90  Time: 4.500E+01  Max CFL: 8.507E-01  Max Diff. No.: -1.000E+00  Norm: 9.3094E-03  
Iteration:     100  Time: 5.000E+01  Max CFL: 8.507E-01  Max Diff. No.: -1.000E+00  Norm: 8.5824E-03  
Iteration:     110  Time: 5.500E+01  Max CFL: 8.507E-01  Max Diff. No.: -1.000E+00  Norm: 6.0297E-03  
Iteration:     120  Time: 6.000E+01  Max CFL: 8.507E-01  Max Diff. No.: -1.000E+00  Norm: 3.4989E-03  
Iteration:     130  Time: 6.500E+01  Max CFL: 8.507E-01  Max Diff. No.: -1.000E+00  Norm: 5.6100E-03  
Iteration:     140  Time: 7.000E+01  Max CFL: 8.507E-01  Max Diff. No.: -1.000E+00  Norm: 8.4647E-03  
Iteration:     150  Time: 7.500E+01  Max CFL: 8.507E-01  Max Diff. No.: -1.000E+00  Norm: 9.3212E-03  
Iteration:     160  Time: 8.000E+01  Max CFL: 8.507E-01  Max Diff. No.: -1.000E+00  Norm: 8.1793E-03  
Iteration:     170  Time: 8.500E+01  Max CFL: 8.507E-01  Max Diff. No.: -1.000E+00  Norm: 5.8838E-03  
Iteration:     180  Time: 9.000E+01  Max CFL: 8.507E-01  Max Diff. No.: -1.000E+00  Norm: 4.0592E-03  
Iteration:     190  Time: 9.500E+01  Max CFL: 8.507E-01  Max Diff. No.: -1.000E+00  Norm: 5.1558E-03  
Iteration:     200  Time: 1.000E+02  Max CFL: 8.507E-01  Max Diff. No.: -1.000E+00  Norm: 7.4167E-03  
Iteration:     210  Time: 1.050E+02  Max CFL: 8.507E-01  Max Diff. No.: -1.000E+00  Norm: 8.6923E-03  
Iteration:     220  Time: 1.100E+02  Max CFL: 8.507E-01  Max Diff. No.: -1.000E+00  Norm: 8.4485E-03  
Iteration:     230  Time: 1.150E+02  Max CFL: 8.507E-01  Max Diff. No.: -1.000E+00  Norm: 6.7407E-03  
Iteration:     240  Time: 1.200E+02  Max CFL: 8.507E-01  Max Diff. No.: -1.000E+00  Norm: 4.5507E-03  
Writing solution file op_00001.bin.
Iteration:     250  Time: 1.250E+02  Max CFL: 8.507E-01  Max Diff. No.: -1.000E+00  Norm: 5.1395E-03  
Iteration:     260  Time: 1.300E+02  Max CFL: 8.507E-01  Max Diff. No.: -1.000E+00  Norm: 7.7062E-03  
Iteration:     270  Time: 1.350E+02  Max CFL: 8.507E-01  Max Diff. No.: -1.000E+00  Norm: 9.0446E-03  
Iteration:     280  Time: 1.400E+02  Max CFL: 8.507E-01  Max Diff. No.: -1.000E+00  Norm: 8.4981E-03  
Iteration:     290  Time: 1.450E+02  Max CFL: 8.507E-01  Max Diff. No.: -1.000E+00  Norm: 6.7159E-03  
Iteration:     300  Time: 1.500E+02  Max CFL: 8.507E-01  Max Diff. No.: -1.000E+00  Norm: 4.9475E-03  
Iteration:     310  Time: 1.550E+02  Max CFL: 8.507E-01  Max Diff. No.: -1.000E+00  Norm: 5.0659E-03  
Iteration:     320  Time: 1.600E+02  Max CFL: 8.507E-01  Max Diff. No.: -1.000E+00  Norm: 6.8416E-03  
Iteration:     330  Time: 1.650E+02  Max CFL: 8.507E-01  Max Diff. No.: -1.000E+00  Norm: 8.2467E-03  
Iteration:     340  Time: 1.700E+02  Max CFL: 8.507E-01  Max Diff. No.: -1.000E+00  Norm: 8.4038E-03  
Iteration:     350  Time: 1.750E+02  Max CFL: 8.507E-01  Max Diff. No.: -1.000E+00  Norm: 7.2671E-03  
Iteration:     360  Time: 1.800E+02  Max CFL: 8.507E-01  Max Diff. No.: -1.000E+00  Norm: 5.3787E-03  
Iteration:     370  Time: 1.850E+02  Max CFL: 8.507E-01  Max Diff. No.: -1.000E+00  Norm: 4.8885E-03  
Iteration:     380  Time: 1.900E+02  Max CFL: 8.507E-01  Max Diff. No.: -1.000E+00  Norm: 6.9147E-03  
Iteration:     390  Time: 1.950E+02  Max CFL: 8.507E-01  Max Diff. No.: -1.000E+00  Norm: 8.6621E-03  
Iteration:     400  Time: 2.000E+02  Max CFL: 8.507E-01  Max Diff. No.: -1.000E+00  Norm: 8.7170E-03  
Iteration:     410  Time: 2.050E+02  Max CFL: 8.507E-01  Max Diff. No.: -1.000E+00  Norm: 7.3588E-03  
Iteration:     420  Time: 2.100E+02  Max CFL: 8.507E-01  Max Diff. No.: -1.000E+00  Norm: 5.6554E-03  
Iteration:     430  Time: 2.150E+02  Max CFL: 8.507E-01  Max Diff. No.: -1.000E+00  Norm: 5.1256E-03  
Iteration:     440  Time: 2.200E+02  Max CFL: 8.507E-01  Max Diff. No.: -1.000E+00  Norm: 6.3554E-03  
Iteration:     450  Time: 2.250E+02  Max CFL: 8.507E-01  Max Diff. No.: -1.000E+00  Norm: 7.8197E-03  
Iteration:     460  Time: 2.300E+02  Max CFL: 8.507E-01  Max Diff. No.: -1.000E+00  Norm: 8.3209E-03  
Iteration:     470  Time: 2.350E+02  Max CFL: 8.507E-01  Max Diff. No.: -1.000E+00  Norm: 7.6240E-03  
Iteration:     480  Time: 2.400E+02  Max CFL: 8.507E-01  Max Diff. No.: -1.000E+00  Norm: 6.0678E-03  
Writing solution file op_00002.bin.
Iteration:     490  Time: 2.450E+02  Max CFL: 8.507E-01  Max Diff. No.: -1.000E+00  Norm: 4.9701E-03  
Iteration:     500  Time: 2.500E+02  Max CFL: 8.507E-01  Max Diff. No.: -1.000E+00  Norm: 6.1869E-03  
Iteration:     510  Time: 2.550E+02  Max CFL: 8.507E-01  Max Diff. No.: -1.000E+00  Norm: 8.1266E-03  
Iteration:     520  Time: 2.600E+02  Max CFL: 8.507E-01  Max Diff. No.: -1.000E+00  Norm: 8.7758E-03  
Iteration:     530  Time: 2.650E+02  Max CFL: 8.507E-01  Max Diff. No.: -1.000E+00  Norm: 7.8741E-03  
Iteration:     540  Time: 2.700E+02  Max CFL: 8.507E-01  Max Diff. No.: -1.000E+00  Norm: 6.2831E-03  
Iteration:     550  Time: 2.750E+02  Max CFL: 8.507E-01  Max Diff. No.: -1.000E+00  Norm: 5.3348E-03  
Iteration:     560  Time: 2.800E+02  Max CFL: 8.507E-01  Max Diff. No.: -1.000E+00  Norm: 5.9902E-03  
Iteration:     570  Time: 2.850E+02  Max CFL: 8.507E-01  Max Diff. No.: -1.000E+00  Norm: 7.3851E-03  
Iteration:     580  Time: 2.900E+02  Max CFL: 8.507E-01  Max Diff. No.: -1.000E+00  Norm: 8.1761E-03  
Iteration:     590  Time: 2.950E+02  Max CFL: 8.507E-01  Max Diff. No.: -1.000E+00  Norm: 7.8576E-03  
Iteration:     600  Time: 3.000E+02  Max CFL: 8.507E-01  Max Diff. No.: -1.000E+00  Norm: 6.6217E-03  
Iteration:     610  Time: 3.050E+02  Max CFL: 8.507E-01  Max Diff. No.: -1.000E+00  Norm: 5.3007E-03  
Iteration:     620  Time: 3.100E+02  Max CFL: 8.507E-01  Max Diff. No.: -1.000E+00  Norm: 5.6484E-03  
Iteration:     630  Time: 3.150E+02  Max CFL: 8.507E-01  Max Diff. No.: -1.000E+00  Norm: 7.4767E-03  
Iteration:     640  Time: 3.200E+02  Max CFL: 8.507E-01  Max Diff. No.: -1.000E+00  Norm: 8.6414E-03  
Iteration:     650  Time: 3.250E+02  Max CFL: 8.507E-01  Max Diff. No.: -1.000E+00  Norm: 8.2621E-03  
Iteration:     660  Time: 3.300E+02  Max CFL: 8.507E-01  Max Diff. No.: -1.000E+00  Norm: 6.8581E-03  
Iteration:     670  Time: 3.350E+02  Max CFL: 8.507E-01  Max Diff. No.: -1.000E+00  Norm: 5.6530E-03  
Iteration:     680  Time: 3.400E+02  Max CFL: 8.507E-01  Max Diff. No.: -1.000E+00  Norm: 5.7741E-03  
Iteration:     690  Time: 3.450E+02  Max CFL: 8.507E-01  Max Diff. No.: -1.000E+00  Norm: 6.9619E-03  
Iteration:     700  Time: 3.500E+02  Max CFL: 8.507E-01  Max Diff. No.: -1.000E+00  Norm: 7.9596E-03  
Iteration:     710  Time: 3.550E+02  Max CFL: 8.507E-01  Max Diff. No.: -1.000E+00  Norm: 7.9910E-03  
Iteration:     720  Time: 3.600E+02  Max CFL: 8.507E-01  Max Diff. No.: -1.000E+00  Norm: 7.0581E-03  
Writing solution file op_00003.bin.
Iteration:     730  Time: 3.650E+02  Max CFL: 8.507E-01  Max Diff. No.: -1.000E+00  Norm: 5.7425E-03  
Iteration:     740  Time: 3.700E+02  Max CFL: 8.507E-01  Max Diff. No.: -1.000E+00  Norm: 5.3911E-03  
Iteration:     750  Time: 3.750E+02  Max CFL: 8.507E-01  Max Diff. No.: -1.000E+00  Norm: 6.8008E-03  
Iteration:     760  Time: 3.800E+02  Max CFL: 8.507E-01  Max Diff. No.: -1.000E+00  Norm: 8.3063E-03  
Iteration:     770  Time: 3.850E+02  Max CFL: 8.507E-01  Max Diff. No.: -1.000E+00  Norm: 8.4915E-03  
Iteration:     780  Time: 3.900E+02  Max CFL: 8.507E-01  Max Diff. No.: -1.000E+00  Norm: 7.3875E-03  
Iteration:     790  Time: 3.950E+02  Max CFL: 8.507E-01  Max Diff. No.: -1.000E+00  Norm: 6.0480E-03  
Iteration:     800  Time: 4.000E+02  Max CFL: 8.507E-01  Max Diff. No.: -1.000E+00  Norm: 5.7065E-03  
Iteration:     810  Time: 4.050E+02  Max CFL: 8.507E-01  Max Diff. No.: -1.000E+00  Norm: 6.5861E-03  
Iteration:     820  Time: 4.100E+02  Max CFL: 8.507E-01  Max Diff. No.: -1.000E+00  Norm: 7.6774E-03  
Iteration:     830  Time: 4.150E+02  Max CFL: 8.507E-01  Max Diff. No.: -1.000E+00  Norm: 8.0303E-03  
Iteration:     840  Time: 4.200E+02  Max CFL: 8.507E-01  Max Diff. No.: -1.000E+00  Norm: 7.4013E-03  
Iteration:     850  Time: 4.250E+02  Max CFL: 8.507E-01  Max Diff. No.: -1.000E+00  Norm: 6.1963E-03  
Iteration:     860  Time: 4.300E+02  Max CFL: 8.507E-01  Max Diff. No.: -1.000E+00  Norm: 5.4099E-03  
Iteration:     870  Time: 4.350E+02  Max CFL: 8.507E-01  Max Diff. No.: -1.000E+00  Norm: 6.2134E-03  
Iteration:     880  Time: 4.400E+02  Max CFL: 8.507E-01  Max Diff. No.: -1.000E+00  Norm: 7.8100E-03  
Iteration:     890  Time: 4.450E+02  Max CFL: 8.507E-01  Max Diff. No.: -1.000E+00  Norm: 8.5283E-03  
Iteration:     900  Time: 4.500E+02  Max CFL: 8.507E-01  Max Diff. No.: -1.000E+00  Norm: 7.8451E-03  
Iteration:     910  Time: 4.550E+02  Max CFL: 8.507E-01  Max Diff. No.: -1.000E+00  Norm: 6.4958E-03  
Iteration:     920  Time: 4.600E+02  Max CFL: 8.507E-01  Max Diff. No.: -1.000E+00  Norm: 5.7674E-03  
Iteration:     930  Time: 4.650E+02  Max CFL: 8.507E-01  Max Diff. No.: -1.000E+00  Norm: 6.2850E-03  
Iteration:     940  Time: 4.700E+02  Max CFL: 8.507E-01  Max Diff. No.: -1.000E+00  Norm: 7.3552E-03  
Iteration:     950  Time: 4.750E+02  Max CFL: 8.507E-01  Max Diff. No.: -1.000E+00  Norm: 7.9774E-03  
Iteration:     960  Time: 4.800E+02  Max CFL: 8.507E-01  Max Diff. No.: -1.000E+00  Norm: 7.6615E-03  
Writing solution file op_00004.bin.
Iteration:     970  Time: 4.850E+02  Max CFL: 8.507E-01  Max Diff. No.: -1.000E+00  Norm: 6.6199E-03  
Iteration:     980  Time: 4.900E+02  Max CFL: 8.507E-01  Max Diff. No.: -1.000E+00  Norm: 5.6187E-03  
Iteration:     990  Time: 4.950E+02  Max CFL: 8.507E-01  Max Diff. No.: -1.000E+00  Norm: 5.8093E-03  
Iteration:    1000  Time: 5.000E+02  Max CFL: 8.507E-01  Max Diff. No.: -1.000E+00  Norm: 7.2264E-03  
Iteration:    1010  Time: 5.050E+02  Max CFL: 8.507E-01  Max Diff. No.: -1.000E+00  Norm: 8.3556E-03  
Iteration:    1020  Time: 5.100E+02  Max CFL: 8.507E-01  Max Diff. No.: -1.000E+00  Norm: 8.1916E-03  
Iteration:    1030  Time: 5.150E+02  Max CFL: 8.507E-01  Max Diff. No.: -1.000E+00  Norm: 6.9826E-03  
Iteration:    1040  Time: 5.200E+02  Max CFL: 8.507E-01  Max Diff. No.: -1.000E+00  Norm: 5.9408E-03  
Iteration:    1050  Time: 5.250E+02  Max CFL: 8.507E-01  Max Diff. No.: -1.000E+00  Norm: 6.0890E-03  
Iteration:    1060  Time: 5.300E+02  Max CFL: 8.507E-01  Max Diff. No.: -1.000E+00  Norm: 7.0386E-03  
Iteration:    1070  Time: 5.350E+02  Max CFL: 8.507E-01  Max Diff. No.: -1.000E+00  Norm: 7.8243E-03  
Iteration:    1080  Time: 5.400E+02  Max CFL: 8.507E-01  Max Diff. No.: -1.000E+00  Norm: 7.8326E-03  
Iteration:    1090  Time: 5.450E+02  Max CFL: 8.507E-01  Max Diff. No.: -1.000E+00  Norm: 7.0046E-03  
Iteration:    1100  Time: 5.500E+02  Max CFL: 8.507E-01  Max Diff. No.: -1.000E+00  Norm: 5.9058E-03  
Iteration:    1110  Time: 5.550E+02  Max CFL: 8.507E-01  Max Diff. No.: -1.000E+00  Norm: 5.6236E-03  
Iteration:    1120  Time: 5.600E+02  Max CFL: 8.507E-01  Max Diff. No.: -1.000E+00  Norm: 6.7044E-03  
Iteration:    1130  Time: 5.650E+02  Max CFL: 8.507E-01  Max Diff. No.: -1.000E+00  Norm: 8.0129E-03  
Iteration:    1140  Time: 5.700E+02  Max CFL: 8.507E-01  Max Diff. No.: -1.000E+00  Norm: 8.3102E-03  
Iteration:    1150  Time: 5.750E+02  Max CFL: 8.507E-01  Max Diff. No.: -1.000E+00  Norm: 7.4428E-03  
Iteration:    1160  Time: 5.800E+02  Max CFL: 8.507E-01  Max Diff. No.: -1.000E+00  Norm: 6.2979E-03  
Iteration:    1170  Time: 5.850E+02  Max CFL: 8.507E-01  Max Diff. No.: -1.000E+00  Norm: 5.9851E-03  
Iteration:    1180  Time: 5.900E+02  Max CFL: 8.507E-01  Max Diff. No.: -1.000E+00  Norm: 6.6905E-03  
Iteration:    1190  Time: 5.950E+02  Max CFL: 8.507E-01  Max Diff. No.: -1.000E+00  Norm: 7.6316E-03  
Iteration:    1200  Time: 6.000E+02  Max CFL: 8.507E-01  Max Diff. No.: -1.000E+00  Norm: 7.9471E-03  
Writing solution file op_00005.bin.
Iteration:    1210  Time: 6.050E+02  Max CFL: 8.507E-01  Max Diff. No.: -1.000E+00  Norm: 7.3024E-03  
Iteration:    1220  Time: 6.100E+02  Max CFL: 8.507E-01  Max Diff. No.: -1.000E+00  Norm: 6.1923E-03  
Iteration:    1230  Time: 6.150E+02  Max CFL: 8.507E-01  Max Diff. No.: -1.000E+00  Norm: 5.6524E-03  
Iteration:    1240  Time: 6.200E+02  Max CFL: 8.507E-01  Max Diff. No.: -1.000E+00  Norm: 6.3050E-03  
Iteration:    1250  Time: 6.250E+02  Max CFL: 8.507E-01  Max Diff. No.: -1.000E+00  Norm: 7.5548E-03  
Iteration:    1260  Time: 6.300E+02  Max CFL: 8.507E-01  Max Diff. No.: -1.000E+00  Norm: 8.2637E-03  
Iteration:    1270  Time: 6.350E+02  Max CFL: 8.507E-01  Max Diff. No.: -1.000E+00  Norm: 7.8361E-03  
Iteration:    1280  Time: 6.400E+02  Max CFL: 8.507E-01  Max Diff. No.: -1.000E+00  Norm: 6.7131E-03  
Iteration:    1290  Time: 6.450E+02  Max CFL: 8.507E-01  Max Diff. No.: -1.000E+00  Norm: 6.0014E-03  
Iteration:    1300  Time: 6.500E+02  Max CFL: 8.507E-01  Max Diff. No.: -1.000E+00  Norm: 6.3479E-03  
Iteration:    1310  Time: 6.550E+02  Max CFL: 8.507E-01  Max Diff. No.: -1.000E+00  Norm: 7.3061E-03  
Iteration:    1320  Time: 6.600E+02  Max CFL: 8.507E-01  Max Diff. No.: -1.000E+00  Norm: 7.9733E-03  
Iteration:    1330  Time: 6.650E+02  Max CFL: 8.507E-01  Max Diff. No.: -1.000E+00  Norm: 7.7026E-03  
Iteration:    1340  Time: 6.700E+02  Max CFL: 8.507E-01  Max Diff. No.: -1.000E+00  Norm: 6.6106E-03  
Iteration:    1350  Time: 6.750E+02  Max CFL: 8.507E-01  Max Diff. No.: -1.000E+00  Norm: 5.6401E-03  
Iteration:    1360  Time: 6.800E+02  Max CFL: 8.507E-01  Max Diff. No.: -1.000E+00  Norm: 5.8808E-03  
Iteration:    1370  Time: 6.850E+02  Max CFL: 8.507E-01  Max Diff. No.: -1.000E+00  Norm: 7.1309E-03  
Iteration:    1380  Time: 6.900E+02  Max CFL: 8.507E-01  Max Diff. No.: -1.000E+00  Norm: 8.1329E-03  
Iteration:    1390  Time: 6.950E+02  Max CFL: 8.507E-01  Max Diff. No.: -1.000E+00  Norm: 8.0203E-03  
Iteration:    1400  Time: 7.000E+02  Max CFL: 8.507E-01  Max Diff. No.: -1.000E+00  Norm: 7.0072E-03  
Iteration:    1410  Time: 7.050E+02  Max CFL: 8.507E-01  Max Diff. No.: -1.000E+00  Norm: 6.2426E-03  
Iteration:    1420  Time: 7.100E+02  Max CFL: 8.507E-01  Max Diff. No.: -1.000E+00  Norm: 6.4215E-03  
Iteration:    1430  Time: 7.150E+02  Max CFL: 8.507E-01  Max Diff. No.: -1.000E+00  Norm: 7.0706E-03  
Iteration:    1440  Time: 7.200E+02  Max CFL: 8.507E-01  Max Diff. No.: -1.000E+00  Norm: 7.6253E-03  
Writing solution file op_00006.bin.
Iteration:    1450  Time: 7.250E+02  Max CFL: 8.507E-01  Max Diff. No.: -1.000E+00  Norm: 7.6968E-03  
Iteration:    1460  Time: 7.300E+02  Max CFL: 8.507E-01  Max Diff. No.: -1.000E+00  Norm: 7.1161E-03  
Iteration:    1470  Time: 7.350E+02  Max CFL: 8.507E-01  Max Diff. No.: -1.000E+00  Norm: 6.1884E-03  
Iteration:    1480  Time: 7.400E+02  Max CFL: 8.507E-01  Max Diff. No.: -1.000E+00  Norm: 5.6915E-03  
Iteration:    1490  Time: 7.450E+02  Max CFL: 8.507E-01  Max Diff. No.: -1.000E+00  Norm: 6.3767E-03  
Iteration:    1500  Time: 7.500E+02  Max CFL: 8.507E-01  Max Diff. No.: -1.000E+00  Norm: 7.7278E-03  
Iteration:    1510  Time: 7.550E+02  Max CFL: 8.507E-01  Max Diff. No.: -1.000E+00  Norm: 8.3791E-03  
Iteration:    1520  Time: 7.600E+02  Max CFL: 8.507E-01  Max Diff. No.: -1.000E+00  Norm: 7.6605E-03  
Iteration:    1530  Time: 7.650E+02  Max CFL: 8.507E-01  Max Diff. No.: -1.000E+00  Norm: 6.2806E-03  
Iteration:    1540  Time: 7.700E+02  Max CFL: 8.507E-01  Max Diff. No.: -1.000E+00  Norm: 5.8618E-03  
Iteration:    1550  Time: 7.750E+02  Max CFL: 8.507E-01  Max Diff. No.: -1.000E+00  Norm: 6.7612E-03  
Iteration:    1560  Time: 7.800E+02  Max CFL: 8.507E-01  Max Diff. No.: -1.000E+00  Norm: 7.7588E-03  
Iteration:    1570  Time: 7.850E+02  Max CFL: 8.507E-01  Max Diff. No.: -1.000E+00  Norm: 7.9787E-03  
Iteration:    1580  Time: 7.900E+02  Max CFL: 8.507E-01  Max Diff. No.: -1.000E+00  Norm: 7.2293E-03  
Iteration:    1590  Time: 7.950E+02  Max CFL: 8.507E-01  Max Diff. No.: -1.000E+00  Norm: 6.1054E-03  
Iteration:    1600  Time: 8.000E+02  Max CFL: 8.507E-01  Max Diff. No.: -1.000E+00  Norm: 5.7537E-03  
Iteration:    1610  Time: 8.050E+02  Max CFL: 8.507E-01  Max Diff. No.: -1.000E+00  Norm: 6.4830E-03  
Iteration:    1620  Time: 8.100E+02  Max CFL: 8.507E-01  Max Diff. No.: -1.000E+00  Norm: 7.4911E-03  
Iteration:    1630  Time: 8.150E+02  Max CFL: 8.507E-01  Max Diff. No.: -1.000E+00  Norm: 8.0111E-03  
Iteration:    1640  Time: 8.200E+02  Max CFL: 8.507E-01  Max Diff. No.: -1.000E+00  Norm: 7.6328E-03  
Iteration:    1650  Time: 8.250E+02  Max CFL: 8.507E-01  Max Diff. No.: -1.000E+00  Norm: 6.7132E-03  
Iteration:    1660  Time: 8.300E+02  Max CFL: 8.507E-01  Max Diff. No.: -1.000E+00  Norm: 6.3097E-03  
Iteration:    1670  Time: 8.350E+02  Max CFL: 8.507E-01  Max Diff. No.: -1.000E+00  Norm: 6.7349E-03  
Iteration:    1680  Time: 8.400E+02  Max CFL: 8.507E-01  Max Diff. No.: -1.000E+00  Norm: 7.3050E-03  
Writing solution file op_00007.bin.
Iteration:    1690  Time: 8.450E+02  Max CFL: 8.507E-01  Max Diff. No.: -1.000E+00  Norm: 7.5974E-03  
Iteration:    1700  Time: 8.500E+02  Max CFL: 8.507E-01  Max Diff. No.: -1.000E+00  Norm: 7.4819E-03  
Iteration:    1710  Time: 8.550E+02  Max CFL: 8.507E-01  Max Diff. No.: -1.000E+00  Norm: 6.9379E-03  
Iteration:    1720  Time: 8.600E+02  Max CFL: 8.507E-01  Max Diff. No.: -1.000E+00  Norm: 6.2232E-03  
Iteration:    1730  Time: 8.650E+02  Max CFL: 8.507E-01  Max Diff. No.: -1.000E+00  Norm: 5.9400E-03  
Iteration:    1740  Time: 8.700E+02  Max CFL: 8.507E-01  Max Diff. No.: -1.000E+00  Norm: 6.6071E-03  
Iteration:    1750  Time: 8.750E+02  Max CFL: 8.507E-01  Max Diff. No.: -1.000E+00  Norm: 7.7160E-03  
Iteration:    1760  Time: 8.800E+02  Max CFL: 8.507E-01  Max Diff. No.: -1.000E+00  Norm: 8.1603E-03  
Iteration:    1770  Time: 8.850E+02  Max CFL: 8.507E-01  Max Diff. No.: -1.000E+00  Norm: 7.4643E-03  
Iteration:    1780  Time: 8.900E+02  Max CFL: 8.507E-01  Max Diff. No.: -1.000E+00  Norm: 6.3065E-03  
Iteration:    1790  Time: 8.950E+02  Max CFL: 8.507E-01  Max Diff. No.: -1.000E+00  Norm: 6.0157E-03  
Iteration:    1800  Time: 9.000E+02  Max CFL: 8.507E-01  Max Diff. No.: -1.000E+00  Norm: 6.8407E-03  
Iteration:    1810  Time: 9.050E+02  Max CFL: 8.507E-01  Max Diff. No.: -1.000E+00  Norm: 7.8108E-03  
Iteration:    1820  Time: 9.100E+02  Max CFL: 8.507E-01  Max Diff. No.: -1.000E+00  Norm: 8.0624E-03  
Iteration:    1830  Time: 9.150E+02  Max CFL: 8.507E-01  Max Diff. No.: -1.000E+00  Norm: 7.2440E-03  
Iteration:    1840  Time: 9.200E+02  Max CFL: 8.507E-01  Max Diff. No.: -1.000E+00  Norm: 5.9005E-03  
Iteration:    1850  Time: 9.250E+02  Max CFL: 8.507E-01  Max Diff. No.: -1.000E+00  Norm: 5.4545E-03  
Iteration:    1860  Time: 9.300E+02  Max CFL: 8.507E-01  Max Diff. No.: -1.000E+00  Norm: 6.4649E-03  
Iteration:    1870  Time: 9.350E+02  Max CFL: 8.507E-01  Max Diff. No.: -1.000E+00  Norm: 7.7839E-03  
Iteration:    1880  Time: 9.400E+02  Max CFL: 8.507E-01  Max Diff. No.: -1.000E+00  Norm: 8.2871E-03  
Iteration:    1890  Time: 9.450E+02  Max CFL: 8.507E-01  Max Diff. No.: -1.000E+00  Norm: 7.5184E-03  
Iteration:    1900  Time: 9.500E+02  Max CFL: 8.507E-01  Max Diff. No.: -1.000E+00  Norm: 6.1405E-03  
Iteration:    1910  Time: 9.550E+02  Max CFL: 8.507E-01  Max Diff. No.: -1.000E+00  Norm: 5.8771E-03  
Iteration:    1920  Time: 9.600E+02  Max CFL: 8.507E-01  Max Diff. No.: -1.000E+00  Norm: 7.0037E-03  
Writing solution file op_00008.bin.
Iteration:    1930  Time: 9.650E+02  Max CFL: 8.507E-01  Max Diff. No.: -1.000E+00  Norm: 7.9651E-03  
Iteration:    1940  Time: 9.700E+02  Max CFL: 8.507E-01  Max Diff. No.: -1.000E+00  Norm: 7.9527E-03  
Iteration:    1950  Time: 9.750E+02  Max CFL: 8.507E-01  Max Diff. No.: -1.000E+00  Norm: 7.0806E-03  
Iteration:    1960  Time: 9.800E+02  Max CFL: 8.507E-01  Max Diff. No.: -1.000E+00  Norm: 6.0709E-03  
Iteration:    1970  Time: 9.850E+02  Max CFL: 8.507E-01  Max Diff. No.: -1.000E+00  Norm: 5.8846E-03  
Iteration:    1980  Time: 9.900E+02  Max CFL: 8.507E-01  Max Diff. No.: -1.000E+00  Norm: 6.5964E-03  
Iteration:    1990  Time: 9.950E+02  Max CFL: 8.507E-01  Max Diff. No.: -1.000E+00  Norm: 7.4274E-03  
Iteration:    2000  Time: 1.000E+03  Max CFL: 8.507E-01  Max Diff. No.: -1.000E+00  Norm: 7.8152E-03  
Iteration:    2010  Time: 1.005E+03  Max CFL: 8.507E-01  Max Diff. No.: -1.000E+00  Norm: 7.4679E-03  
Iteration:    2020  Time: 1.010E+03  Max CFL: 8.507E-01  Max Diff. No.: -1.000E+00  Norm: 6.6444E-03  
Iteration:    2030  Time: 1.015E+03  Max CFL: 8.507E-01  Max Diff. No.: -1.000E+00  Norm: 6.3923E-03  
Iteration:    2040  Time: 1.020E+03  Max CFL: 8.507E-01  Max Diff. No.: -1.000E+00  Norm: 6.9984E-03  
Iteration:    2050  Time: 1.025E+03  Max CFL: 8.507E-01  Max Diff. No.: -1.000E+00  Norm: 7.5129E-03  
Iteration:    2060  Time: 1.030E+03  Max CFL: 8.507E-01  Max Diff. No.: -1.000E+00  Norm: 7.5438E-03  
Iteration:    2070  Time: 1.035E+03  Max CFL: 8.507E-01  Max Diff. No.: -1.000E+00  Norm: 7.2670E-03  
Iteration:    2080  Time: 1.040E+03  Max CFL: 8.507E-01  Max Diff. No.: -1.000E+00  Norm: 6.8174E-03  
Iteration:    2090  Time: 1.045E+03  Max CFL: 8.507E-01  Max Diff. No.: -1.000E+00  Norm: 6.4252E-03  
Iteration:    2100  Time: 1.050E+03  Max CFL: 8.507E-01  Max Diff. No.: -1.000E+00  Norm: 6.3645E-03  
Iteration:    2110  Time: 1.055E+03  Max CFL: 8.507E-01  Max Diff. No.: -1.000E+00  Norm: 6.6886E-03  
Iteration:    2120  Time: 1.060E+03  Max CFL: 8.507E-01  Max Diff. No.: -1.000E+00  Norm: 7.2826E-03  
Iteration:    2130  Time: 1.065E+03  Max CFL: 8.507E-01  Max Diff. No.: -1.000E+00  Norm: 7.6800E-03  
Iteration:    2140  Time: 1.070E+03  Max CFL: 8.507E-01  Max Diff. No.: -1.000E+00  Norm: 7.4267E-03  
Iteration:    2150  Time: 1.075E+03  Max CFL: 8.507E-01  Max Diff. No.: -1.000E+00  Norm: 6.7877E-03  
Iteration:    2160  Time: 1.080E+03  Max CFL: 8.507E-01  Max Diff. No.: -1.000E+00  Norm: 6.5011E-03  
Writing solution file op_00009.bin.
Iteration:    2170  Time: 1.085E+03  Max CFL: 8.507E-01  Max Diff. No.: -1.000E+00  Norm: 6.8125E-03  
Iteration:    2180  Time: 1.090E+03  Max CFL: 8.507E-01  Max Diff. No.: -1.000E+00  Norm: 7.3874E-03  
Iteration:    2190  Time: 1.095E+03  Max CFL: 8.507E-01  Max Diff. No.: -1.000E+00  Norm: 7.7626E-03  
Iteration:    2200  Time: 1.100E+03  Max CFL: 8.507E-01  Max Diff. No.: -1.000E+00  Norm: 7.5116E-03  
Iteration:    2210  Time: 1.105E+03  Max CFL: 8.507E-01  Max Diff. No.: -1.000E+00  Norm: 6.6337E-03  
Iteration:    2220  Time: 1.110E+03  Max CFL: 8.507E-01  Max Diff. No.: -1.000E+00  Norm: 5.8726E-03  
Iteration:    2230  Time: 1.115E+03  Max CFL: 8.507E-01  Max Diff. No.: -1.000E+00  Norm: 6.0779E-03  
Iteration:    2240  Time: 1.120E+03  Max CFL: 8.507E-01  Max Diff. No.: -1.000E+00  Norm: 7.0543E-03  
Iteration:    2250  Time: 1.125E+03  Max CFL: 8.507E-01  Max Diff. No.: -1.000E+00  Norm: 7.9359E-03  
Iteration:    2260  Time: 1.130E+03  Max CFL: 8.507E-01  Max Diff. No.: -1.000E+00  Norm: 7.9500E-03  
Iteration:    2270  Time: 1.135E+03  Max CFL: 8.507E-01  Max Diff. No.: -1.000E+00  Norm: 6.9236E-03  
Iteration:    2280  Time: 1.140E+03  Max CFL: 8.507E-01  Max Diff. No.: -1.000E+00  Norm: 5.8655E-03  
Iteration:    2290  Time: 1.145E+03  Max CFL: 8.507E-01  Max Diff. No.: -1.000E+00  Norm: 6.2498E-03  
Iteration:    2300  Time: 1.150E+03  Max CFL: 8.507E-01  Max Diff. No.: -1.000E+00  Norm: 7.4779E-03  
Iteration:    2310  Time: 1.155E+03  Max CFL: 8.507E-01  Max Diff. No.: -1.000E+00  Norm: 8.1715E-03  
Iteration:    2320  Time: 1.160E+03  Max CFL: 8.507E-01  Max Diff. No.: -1.000E+00  Norm: 7.8298E-03  
Iteration:    2330  Time: 1.165E+03  Max CFL: 8.507E-01  Max Diff. No.: -1.000E+00  Norm: 6.6564E-03  
Iteration:    2340  Time: 1.170E+03  Max CFL: 8.507E-01  Max Diff. No.: -1.000E+00  Norm: 5.5924E-03  
Iteration:    2350  Time: 1.175E+03  Max CFL: 8.507E-01  Max Diff. No.: -1.000E+00  Norm: 5.8021E-03  
Iteration:    2360  Time: 1.180E+03  Max CFL: 8.507E-01  Max Diff. No.: -1.000E+00  Norm: 7.0065E-03  
Iteration:    2370  Time: 1.185E+03  Max CFL: 8.507E-01  Max Diff. No.: -1.000E+00  Norm: 8.0785E-03  
Iteration:    2380  Time: 1.190E+03  Max CFL: 8.507E-01  Max Diff. No.: -1.000E+00  Norm: 8.1370E-03  
Iteration:    2390  Time: 1.195E+03  Max CFL: 8.507E-01  Max Diff. No.: -1.000E+00  Norm: 6.9079E-03  
Iteration:    2400  Time: 1.200E+03  Max CFL: 8.507E-01  Max Diff. No.: -1.000E+00  Norm: 5.5319E-03  
Writing solution file op_00010.bin.
Iteration:    2410  Time: 1.205E+03  Max CFL: 8.507E-01  Max Diff. No.: -1.000E+00  Norm: 6.0358E-03  
Iteration:    2420  Time: 1.210E+03  Max CFL: 8.507E-01  Max Diff. No.: -1.000E+00  Norm: 7.5664E-03  
Iteration:    2430  Time: 1.215E+03  Max CFL: 8.507E-01  Max Diff. No.: -1.000E+00  Norm: 8.3181E-03  
Iteration:    2440  Time: 1.220E+03  Max CFL: 8.507E-01  Max Diff. No.: -1.000E+00  Norm: 7.8701E-03  
Iteration:    2450  Time: 1.225E+03  Max CFL: 8.507E-01  Max Diff. No.: -1.000E+00  Norm: 6.6311E-03  
Iteration:    2460  Time: 1.230E+03  Max CFL: 8.507E-01  Max Diff. No.: -1.000E+00  Norm: 5.5816E-03  
Iteration:    2470  Time: 1.235E+03  Max CFL: 8.507E-01  Max Diff. No.: -1.000E+00  Norm: 5.8224E-03  
Iteration:    2480  Time: 1.240E+03  Max CFL: 8.507E-01  Max Diff. No.: -1.000E+00  Norm: 7.0123E-03  
Iteration:    2490  Time: 1.245E+03  Max CFL: 8.507E-01  Max Diff. No.: -1.000E+00  Norm: 7.9971E-03  
Iteration:    2500  Time: 1.250E+03  Max CFL: 8.507E-01  Max Diff. No.: -1.000E+00  Norm: 8.0447E-03  
Iteration:    2510  Time: 1.255E+03  Max CFL: 8.507E-01  Max Diff. No.: -1.000E+00  Norm: 6.9889E-03  
Iteration:    2520  Time: 1.260E+03  Max CFL: 8.507E-01  Max Diff. No.: -1.000E+00  Norm: 5.7386E-03  
Iteration:    2530  Time: 1.265E+03  Max CFL: 8.507E-01  Max Diff. No.: -1.000E+00  Norm: 6.0593E-03  
Iteration:    2540  Time: 1.270E+03  Max CFL: 8.507E-01  Max Diff. No.: -1.000E+00  Norm: 7.4756E-03  
Iteration:    2550  Time: 1.275E+03  Max CFL: 8.507E-01  Max Diff. No.: -1.000E+00  Norm: 8.2274E-03  
Iteration:    2560  Time: 1.280E+03  Max CFL: 8.507E-01  Max Diff. No.: -1.000E+00  Norm: 7.8054E-03  
Iteration:    2570  Time: 1.285E+03  Max CFL: 8.507E-01  Max Diff. No.: -1.000E+00  Norm: 6.7009E-03  
Iteration:    2580  Time: 1.290E+03  Max CFL: 8.507E-01  Max Diff. No.: -1.000E+00  Norm: 5.8729E-03  
Iteration:    2590  Time: 1.295E+03  Max CFL: 8.507E-01  Max Diff. No.: -1.000E+00  Norm: 6.0986E-03  
Iteration:    2600  Time: 1.300E+03  Max CFL: 8.507E-01  Max Diff. No.: -1.000E+00  Norm: 6.9939E-03  
Iteration:    2610  Time: 1.305E+03  Max CFL: 8.507E-01  Max Diff. No.: -1.000E+00  Norm: 7.6397E-03  
Iteration:    2620  Time: 1.310E+03  Max CFL: 8.507E-01  Max Diff. No.: -1.000E+00  Norm: 7.6162E-03  
Iteration:    2630  Time: 1.315E+03  Max CFL: 8.507E-01  Max Diff. No.: -1.000E+00  Norm: 7.0112E-03  
Iteration:    2640  Time: 1.320E+03  Max CFL: 8.507E-01  Max Diff. No.: -1.000E+00  Norm: 6.3206E-03  
Writing solution file op_00011.bin.
Iteration:    2650  Time: 1.325E+03  Max CFL: 8.507E-01  Max Diff. No.: -1.000E+00  Norm: 6.3849E-03  
Iteration:    2660  Time: 1.330E+03  Max CFL: 8.507E-01  Max Diff. No.: -1.000E+00  Norm: 7.2679E-03  
Iteration:    2670  Time: 1.335E+03  Max CFL: 8.507E-01  Max Diff. No.: -1.000E+00  Norm: 7.9386E-03  
Iteration:    2680  Time: 1.340E+03  Max CFL: 8.507E-01  Max Diff. No.: -1.000E+00  Norm: 7.7623E-03  
Iteration:    2690  Time: 1.345E+03  Max CFL: 8.507E-01  Max Diff. No.: -1.000E+00  Norm: 6.9638E-03  
Iteration:    2700  Time: 1.350E+03  Max CFL: 8.507E-01  Max Diff. No.: -1.000E+00  Norm: 6.2416E-03  
Iteration:    2710  Time: 1.355E+03  Max CFL: 8.507E-01  Max Diff. No.: -1.000E+00  Norm: 6.2544E-03  
Iteration:    2720  Time: 1.360E+03  Max CFL: 8.507E-01  Max Diff. No.: -1.000E+00  Norm: 6.9072E-03  
Iteration:    2730  Time: 1.365E+03  Max CFL: 8.507E-01  Max Diff. No.: -1.000E+00  Norm: 7.3833E-03  
Iteration:    2740  Time: 1.370E+03  Max CFL: 8.507E-01  Max Diff. No.: -1.000E+00  Norm: 7.2864E-03  
Iteration:    2750  Time: 1.375E+03  Max CFL: 8.507E-01  Max Diff. No.: -1.000E+00  Norm: 6.9619E-03  
Iteration:    2760  Time: 1.380E+03  Max CFL: 8.507E-01  Max Diff. No.: -1.000E+00  Norm: 6.7734E-03  
Iteration:    2770  Time: 1.385E+03  Max CFL: 8.507E-01  Max Diff. No.: -1.000E+00  Norm: 6.7894E-03  
Iteration:    2780  Time: 1.390E+03  Max CFL: 8.507E-01  Max Diff. No.: -1.000E+00  Norm: 7.0500E-03  
Iteration:    2790  Time: 1.395E+03  Max CFL: 8.507E-01  Max Diff. No.: -1.000E+00  Norm: 7.3471E-03  
Iteration:    2800  Time: 1.400E+03  Max CFL: 8.507E-01  Max Diff. No.: -1.000E+00  Norm: 7.3957E-03  
Iteration:    2810  Time: 1.405E+03  Max CFL: 8.507E-01  Max Diff. No.: -1.000E+00  Norm: 7.2460E-03  
Iteration:    2820  Time: 1.410E+03  Max CFL: 8.507E-01  Max Diff. No.: -1.000E+00  Norm: 7.0012E-03  
Iteration:    2830  Time: 1.415E+03  Max CFL: 8.507E-01  Max Diff. No.: -1.000E+00  Norm: 6.7217E-03  
Iteration:    2840  Time: 1.420E+03  Max CFL: 8.507E-01  Max Diff. No.: -1.000E+00  Norm: 6.6654E-03  
Iteration:    2850  Time: 1.425E+03  Max CFL: 8.507E-01  Max Diff. No.: -1.000E+00  Norm: 6.8650E-03  
Iteration:    2860  Time: 1.430E+03  Max CFL: 8.507E-01  Max Diff. No.: -1.000E+00  Norm: 7.0608E-03  
Iteration:    2870  Time: 1.435E+03  Max CFL: 8.507E-01  Max Diff. No.: -1.000E+00  Norm: 7.1978E-03  
Iteration:    2880  Time: 1.440E+03  Max CFL: 8.507E-01  Max Diff. No.: -1.000E+00  Norm: 7.1790E-03  
Writing solution file op_00012.bin.
Iteration:    2890  Time: 1.445E+03  Max CFL: 8.507E-01  Max Diff. No.: -1.000E+00  Norm: 6.9009E-03  
Iteration:    2900  Time: 1.450E+03  Max CFL: 8.507E-01  Max Diff. No.: -1.000E+00  Norm: 6.7461E-03  
Iteration:    2910  Time: 1.455E+03  Max CFL: 8.507E-01  Max Diff. No.: -1.000E+00  Norm: 7.0114E-03  
Iteration:    2920  Time: 1.460E+03  Max CFL: 8.507E-01  Max Diff. No.: -1.000E+00  Norm: 7.3100E-03  
Iteration:    2930  Time: 1.465E+03  Max CFL: 8.507E-01  Max Diff. No.: -1.000E+00  Norm: 7.3557E-03  
Iteration:    2940  Time: 1.470E+03  Max CFL: 8.507E-01  Max Diff. No.: -1.000E+00  Norm: 7.2488E-03  
Iteration:    2950  Time: 1.475E+03  Max CFL: 8.507E-01  Max Diff. No.: -1.000E+00  Norm: 7.0471E-03  
Iteration:    2960  Time: 1.480E+03  Max CFL: 8.507E-01  Max Diff. No.: -1.000E+00  Norm: 6.7515E-03  
Iteration:    2970  Time: 1.485E+03  Max CFL: 8.507E-01  Max Diff. No.: -1.000E+00  Norm: 6.4755E-03  
Iteration:    2980  Time: 1.490E+03  Max CFL: 8.507E-01  Max Diff. No.: -1.000E+00  Norm: 6.4939E-03  
Iteration:    2990  Time: 1.495E+03  Max CFL: 8.507E-01  Max Diff. No.: -1.000E+00  Norm: 7.0422E-03  
Iteration:    3000  Time: 1.500E+03  Max CFL: 8.507E-01  Max Diff. No.: -1.000E+00  Norm: 7.6460E-03  
Iteration:    3010  Time: 1.505E+03  Max CFL: 8.507E-01  Max Diff. No.: -1.000E+00  Norm: 7.5221E-03  
Iteration:    3020  Time: 1.510E+03  Max CFL: 8.507E-01  Max Diff. No.: -1.000E+00  Norm: 6.7126E-03  
Iteration:    3030  Time: 1.515E+03  Max CFL: 8.507E-01  Max Diff. No.: -1.000E+00  Norm: 6.2886E-03  
Iteration:    3040  Time: 1.520E+03  Max CFL: 8.507E-01  Max Diff. No.: -1.000E+00  Norm: 6.8807E-03  
Iteration:    3050  Time: 1.525E+03  Max CFL: 8.507E-01  Max Diff. No.: -1.000E+00  Norm: 7.6706E-03  
Iteration:    3060  Time: 1.530E+03  Max CFL: 8.507E-01  Max Diff. No.: -1.000E+00  Norm: 7.8645E-03  
Iteration:    3070  Time: 1.535E+03  Max CFL: 8.507E-01  Max Diff. No.: -1.000E+00  Norm: 7.3310E-03  
Iteration:    3080  Time: 1.540E+03  Max CFL: 8.507E-01  Max Diff. No.: -1.000E+00  Norm: 6.4244E-03  
Iteration:    3090  Time: 1.545E+03  Max CFL: 8.507E-01  Max Diff. No.: -1.000E+00  Norm: 5.9066E-03  
Iteration:    3100  Time: 1.550E+03  Max CFL: 8.507E-01  Max Diff. No.: -1.000E+00  Norm: 6.3699E-03  
Iteration:    3110  Time: 1.555E+03  Max CFL: 8.507E-01  Max Diff. No.: -1.000E+00  Norm: 7.3094E-03  
Iteration:    3120  Time: 1.560E+03  Max CFL: 8.507E-01  Max Diff. No.: -1.000E+00  Norm: 7.8354E-03  
Writing solution file op_00013.bin.
Iteration:    3130  Time: 1.565E+03  Max CFL: 8.507E-01  Max Diff. No.: -1.000E+00  Norm: 7.5096E-03  
Iteration:    3140  Time: 1.570E+03  Max CFL: 8.507E-01  Max Diff. No.: -1.000E+00  Norm: 6.5688E-03  
Iteration:    3150  Time: 1.575E+03  Max CFL: 8.507E-01  Max Diff. No.: -1.000E+00  Norm: 6.0612E-03  
Iteration:    3160  Time: 1.580E+03  Max CFL: 8.507E-01  Max Diff. No.: -1.000E+00  Norm: 6.7335E-03  
Iteration:    3170  Time: 1.585E+03  Max CFL: 8.507E-01  Max Diff. No.: -1.000E+00  Norm: 7.6519E-03  
Iteration:    3180  Time: 1.590E+03  Max CFL: 8.507E-01  Max Diff. No.: -1.000E+00  Norm: 7.8985E-03  
Iteration:    3190  Time: 1.595E+03  Max CFL: 8.507E-01  Max Diff. No.: -1.000E+00  Norm: 7.4839E-03  
Iteration:    3200  Time: 1.600E+03  Max CFL: 8.507E-01  Max Diff. No.: -1.000E+00  Norm: 6.7490E-03  
Iteration:    3210  Time: 1.605E+03  Max CFL: 8.507E-01  Max Diff. No.: -1.000E+00  Norm: 6.0506E-03  
Iteration:    3220  Time: 1.610E+03  Max CFL: 8.507E-01  Max Diff. No.: -1.000E+00  Norm: 6.0620E-03  
Iteration:    3230  Time: 1.615E+03  Max CFL: 8.507E-01  Max Diff. No.: -1.000E+00  Norm: 6.9893E-03  
Iteration:    3240  Time: 1.620E+03  Max CFL: 8.507E-01  Max Diff. No.: -1.000E+00  Norm: 7.9105E-03  
Iteration:    3250  Time: 1.625E+03  Max CFL: 8.507E-01  Max Diff. No.: -1.000E+00  Norm: 7.9387E-03  
Iteration:    3260  Time: 1.630E+03  Max CFL: 8.507E-01  Max Diff. No.: -1.000E+00  Norm: 6.9190E-03  
Iteration:    3270  Time: 1.635E+03  Max CFL: 8.507E-01  Max Diff. No.: -1.000E+00  Norm: 5.7267E-03  
Iteration:    3280  Time: 1.640E+03  Max CFL: 8.507E-01  Max Diff. No.: -1.000E+00  Norm: 5.9829E-03  
Iteration:    3290  Time: 1.645E+03  Max CFL: 8.507E-01  Max Diff. No.: -1.000E+00  Norm: 7.3813E-03  
Iteration:    3300  Time: 1.650E+03  Max CFL: 8.507E-01  Max Diff. No.: -1.000E+00  Norm: 8.2746E-03  
Iteration:    3310  Time: 1.655E+03  Max CFL: 8.507E-01  Max Diff. No.: -1.000E+00  Norm: 8.0222E-03  
Iteration:    3320  Time: 1.660E+03  Max CFL: 8.507E-01  Max Diff. No.: -1.000E+00  Norm: 6.8214E-03  
Iteration:    3330  Time: 1.665E+03  Max CFL: 8.507E-01  Max Diff. No.: -1.000E+00  Norm: 5.5149E-03  
Iteration:    3340  Time: 1.670E+03  Max CFL: 8.507E-01  Max Diff. No.: -1.000E+00  Norm: 5.6278E-03  
Iteration:    3350  Time: 1.675E+03  Max CFL: 8.507E-01  Max Diff. No.: -1.000E+00  Norm: 7.0780E-03  
Iteration:    3360  Time: 1.680E+03  Max CFL: 8.507E-01  Max Diff. No.: -1.000E+00  Norm: 8.1847E-03  
Writing solution file op_00014.bin.
Iteration:    3370  Time: 1.685E+03  Max CFL: 8.507E-01  Max Diff. No.: -1.000E+00  Norm: 8.0727E-03  
Iteration:    3380  Time: 1.690E+03  Max CFL: 8.507E-01  Max Diff. No.: -1.000E+00  Norm: 6.7709E-03  
Iteration:    3390  Time: 1.695E+03  Max CFL: 8.507E-01  Max Diff. No.: -1.000E+00  Norm: 5.3339E-03  
Iteration:    3400  Time: 1.700E+03  Max CFL: 8.507E-01  Max Diff. No.: -1.000E+00  Norm: 5.7879E-03  
Iteration:    3410  Time: 1.705E+03  Max CFL: 8.507E-01  Max Diff. No.: -1.000E+00  Norm: 7.5460E-03  
Iteration:    3420  Time: 1.710E+03  Max CFL: 8.507E-01  Max Diff. No.: -1.000E+00  Norm: 8.4802E-03  
Iteration:    3430  Time: 1.715E+03  Max CFL: 8.507E-01  Max Diff. No.: -1.000E+00  Norm: 8.0130E-03  
Iteration:    3440  Time: 1.720E+03  Max CFL: 8.507E-01  Max Diff. No.: -1.000E+00  Norm: 6.7599E-03  
Iteration:    3450  Time: 1.725E+03  Max CFL: 8.507E-01  Max Diff. No.: -1.000E+00  Norm: 5.7328E-03  
Iteration:    3460  Time: 1.730E+03  Max CFL: 8.507E-01  Max Diff. No.: -1.000E+00  Norm: 5.8673E-03  
Iteration:    3470  Time: 1.735E+03  Max CFL: 8.507E-01  Max Diff. No.: -1.000E+00  Norm: 7.0285E-03  
Iteration:    3480  Time: 1.740E+03  Max CFL: 8.507E-01  Max Diff. No.: -1.000E+00  Norm: 7.9733E-03  
Iteration:    3490  Time: 1.745E+03  Max CFL: 8.507E-01  Max Diff. No.: -1.000E+00  Norm: 7.8952E-03  
Iteration:    3500  Time: 1.750E+03  Max CFL: 8.507E-01  Max Diff. No.: -1.000E+00  Norm: 6.8736E-03  
Iteration:    3510  Time: 1.755E+03  Max CFL: 8.507E-01  Max Diff. No.: -1.000E+00  Norm: 5.7489E-03  
Iteration:    3520  Time: 1.760E+03  Max CFL: 8.507E-01  Max Diff. No.: -1.000E+00  Norm: 5.8504E-03  
Iteration:    3530  Time: 1.765E+03  Max CFL: 8.507E-01  Max Diff. No.: -1.000E+00  Norm: 7.1235E-03  
Iteration:    3540  Time: 1.770E+03  Max CFL: 8.507E-01  Max Diff. No.: -1.000E+00  Norm: 8.1151E-03  
Iteration:    3550  Time: 1.775E+03  Max CFL: 8.507E-01  Max Diff. No.: -1.000E+00  Norm: 8.1101E-03  
Iteration:    3560  Time: 1.780E+03  Max CFL: 8.507E-01  Max Diff. No.: -1.000E+00  Norm: 7.2760E-03  
Iteration:    3570  Time: 1.785E+03  Max CFL: 8.507E-01  Max Diff. No.: -1.000E+00  Norm: 6.1538E-03  
Iteration:    3580  Time: 1.790E+03  Max CFL: 8.507E-01  Max Diff. No.: -1.000E+00  Norm: 5.6646E-03  
Iteration:    3590  Time: 1.795E+03  Max CFL: 8.507E-01  Max Diff. No.: -1.000E+00  Norm: 6.5111E-03  
Iteration:    3600  Time: 1.800E+03  Max CFL: 8.507E-01  Max Diff. No.: -1.000E+00  Norm: 7.7302E-03  
Writing solution file op_00015.bin.
Iteration:    3610  Time: 1.805E+03  Max CFL: 8.507E-01  Max Diff. No.: -1.000E+00  Norm: 8.1083E-03  
Iteration:    3620  Time: 1.810E+03  Max CFL: 8.507E-01  Max Diff. No.: -1.000E+00  Norm: 7.3628E-03  
Iteration:    3630  Time: 1.815E+03  Max CFL: 8.507E-01  Max Diff. No.: -1.000E+00  Norm: 6.0382E-03  
Iteration:    3640  Time: 1.820E+03  Max CFL: 8.507E-01  Max Diff. No.: -1.000E+00  Norm: 5.4697E-03  
Iteration:    3650  Time: 1.825E+03  Max CFL: 8.507E-01  Max Diff. No.: -1.000E+00  Norm: 6.5883E-03  
Iteration:    3660  Time: 1.830E+03  Max CFL: 8.507E-01  Max Diff. No.: -1.000E+00  Norm: 8.0469E-03  
Iteration:    3670  Time: 1.835E+03  Max CFL: 8.507E-01  Max Diff. No.: -1.000E+00  Norm: 8.4734E-03  
Iteration:    3680  Time: 1.840E+03  Max CFL: 8.507E-01  Max Diff. No.: -1.000E+00  Norm: 7.6305E-03  
Iteration:    3690  Time: 1.845E+03  Max CFL: 8.507E-01  Max Diff. No.: -1.000E+00  Norm: 6.1208E-03  
Iteration:    3700  Time: 1.850E+03  Max CFL: 8.507E-01  Max Diff. No.: -1.000E+00  Norm: 5.3027E-03  
Iteration:    3710  Time: 1.855E+03  Max CFL: 8.507E-01  Max Diff. No.: -1.000E+00  Norm: 6.2761E-03  
Iteration:    3720  Time: 1.860E+03  Max CFL: 8.507E-01  Max Diff. No.: -1.000E+00  Norm: 7.7837E-03  
Iteration:    3730  Time: 1.865E+03  Max CFL: 8.507E-01  Max Diff. No.: -1.000E+00  Norm: 8.2934E-03  
Iteration:    3740  Time: 1.870E+03  Max CFL: 8.507E-01  Max Diff. No.: -1.000E+00  Norm: 7.4029E-03  
Iteration:    3750  Time: 1.875E+03  Max CFL: 8.507E-01  Max Diff. No.: -1.000E+00  Norm: 5.8263E-03  
Iteration:    3760  Time: 1.880E+03  Max CFL: 8.507E-01  Max Diff. No.: -1.000E+00  Norm: 5.3097E-03  
Iteration:    3770  Time: 1.885E+03  Max CFL: 8.507E-01  Max Diff. No.: -1.000E+00  Norm: 6.6219E-03  
Iteration:    3780  Time: 1.890E+03  Max CFL: 8.507E-01  Max Diff. No.: -1.000E+00  Norm: 8.0820E-03  
Iteration:    3790  Time: 1.895E+03  Max CFL: 8.507E-01  Max Diff. No.: -1.000E+00  Norm: 8.4291E-03  
Iteration:    3800  Time: 1.900E+03  Max CFL: 8.507E-01  Max Diff. No.: -1.000E+00  Norm: 7.5156E-03  
Iteration:    3810  Time: 1.905E+03  Max CFL: 8.507E-01  Max Diff. No.: -1.000E+00  Norm: 6.0901E-03  
Iteration:    3820  Time: 1.910E+03  Max CFL: 8.507E-01  Max Diff. No.: -1.000E+00  Norm: 5.5605E-03  
Iteration:    3830  Time: 1.915E+03  Max CFL: 8.507E-01  Max Diff. No.: -1.000E+00  Norm: 6.5345E-03  
Iteration:    3840  Time: 1.920E+03  Max CFL: 8.507E-01  Max Diff. No.: -1.000E+00  Norm: 7.7764E-03  
Writing solution file op_00016.bin.
Iteration:    3850  Time: 1.925E+03  Max CFL: 8.507E-01  Max Diff. No.: -1.000E+00  Norm: 8.1038E-03  
Iteration:    3860  Time: 1.930E+03  Max CFL: 8.507E-01  Max Diff. No.: -1.000E+00  Norm: 7.2573E-03  
Iteration:    3870  Time: 1.935E+03  Max CFL: 8.507E-01  Max Diff. No.: -1.000E+00  Norm: 6.0168E-03  
Iteration:    3880  Time: 1.940E+03  Max CFL: 8.507E-01  Max Diff. No.: -1.000E+00  Norm: 5.7643E-03  
Iteration:    3890  Time: 1.945E+03  Max CFL: 8.507E-01  Max Diff. No.: -1.000E+00  Norm: 6.7191E-03  
Iteration:    3900  Time: 1.950E+03  Max CFL: 8.507E-01  Max Diff. No.: -1.000E+00  Norm: 7.7788E-03  
Iteration:    3910  Time: 1.955E+03  Max CFL: 8.507E-01  Max Diff. No.: -1.000E+00  Norm: 8.0955E-03  
Iteration:    3920  Time: 1.960E+03  Max CFL: 8.507E-01  Max Diff. No.: -1.000E+00  Norm: 7.4794E-03  
Iteration:    3930  Time: 1.965E+03  Max CFL: 8.507E-01  Max Diff. No.: -1.000E+00  Norm: 6.4671E-03  
Iteration:    3940  Time: 1.970E+03  Max CFL: 8.507E-01  Max Diff. No.: -1.000E+00  Norm: 6.0576E-03  
Iteration:    3950  Time: 1.975E+03  Max CFL: 8.507E-01  Max Diff. No.: -1.000E+00  Norm: 6.6175E-03  
Iteration:    3960  Time: 1.980E+03  Max CFL: 8.507E-01  Max Diff. No.: -1.000E+00  Norm: 7.3732E-03  
Iteration:    3970  Time: 1.985E+03  Max CFL: 8.507E-01  Max Diff. No.: -1.000E+00  Norm: 7.6334E-03  
Iteration:    3980  Time: 1.990E+03  Max CFL: 8.507E-01  Max Diff. No.: -1.000E+00  Norm: 7.2928E-03  
Iteration:    3990  Time: 1.995E+03  Max CFL: 8.507E-01  Max Diff. No.: -1.000E+00  Norm: 6.6718E-03  
Iteration:    4000  Time: 2.000E+03  Max CFL: 8.507E-01  Max Diff. No.: -1.000E+00  Norm: 6.2811E-03  
Iteration:    4010  Time: 2.005E+03  Max CFL: 8.507E-01  Max Diff. No.: -1.000E+00  Norm: 6.4722E-03  
Iteration:    4020  Time: 2.010E+03  Max CFL: 8.507E-01  Max Diff. No.: -1.000E+00  Norm: 7.1265E-03  
Iteration:    4030  Time: 2.015E+03  Max CFL: 8.507E-01  Max Diff. No.: -1.000E+00  Norm: 7.7392E-03  
Iteration:    4040  Time: 2.020E+03  Max CFL: 8.507E-01  Max Diff. No.: -1.000E+00  Norm: 7.7656E-03  
Iteration:    4050  Time: 2.025E+03  Max CFL: 8.507E-01  Max Diff. No.: -1.000E+00  Norm: 7.0710E-03  
Iteration:    4060  Time: 2.030E+03  Max CFL: 8.507E-01  Max Diff. No.: -1.000E+00  Norm: 6.3043E-03  
Iteration:    4070  Time: 2.035E+03  Max CFL: 8.507E-01  Max Diff. No.: -1.000E+00  Norm: 6.3683E-03  
Iteration:    4080  Time: 2.040E+03  Max CFL: 8.507E-01  Max Diff. No.: -1.000E+00  Norm: 7.0739E-03  
Writing solution file op_00017.bin.
Iteration:    4090  Time: 2.045E+03  Max CFL: 8.507E-01  Max Diff. No.: -1.000E+00  Norm: 7.6042E-03  
Iteration:    4100  Time: 2.050E+03  Max CFL: 8.507E-01  Max Diff. No.: -1.000E+00  Norm: 7.5406E-03  
Iteration:    4110  Time: 2.055E+03  Max CFL: 8.507E-01  Max Diff. No.: -1.000E+00  Norm: 6.9468E-03  
Iteration:    4120  Time: 2.060E+03  Max CFL: 8.507E-01  Max Diff. No.: -1.000E+00  Norm: 6.3405E-03  
Iteration:    4130  Time: 2.065E+03  Max CFL: 8.507E-01  Max Diff. No.: -1.000E+00  Norm: 6.2763E-03  
Iteration:    4140  Time: 2.070E+03  Max CFL: 8.507E-01  Max Diff. No.: -1.000E+00  Norm: 6.7895E-03  
Iteration:    4150  Time: 2.075E+03  Max CFL: 8.507E-01  Max Diff. No.: -1.000E+00  Norm: 7.5209E-03  
Iteration:    4160  Time: 2.080E+03  Max CFL: 8.507E-01  Max Diff. No.: -1.000E+00  Norm: 7.9102E-03  
Iteration:    4170  Time: 2.085E+03  Max CFL: 8.507E-01  Max Diff. No.: -1.000E+00  Norm: 7.4847E-03  
Iteration:    4180  Time: 2.090E+03  Max CFL: 8.507E-01  Max Diff. No.: -1.000E+00  Norm: 6.4594E-03  
Iteration:    4190  Time: 2.095E+03  Max CFL: 8.507E-01  Max Diff. No.: -1.000E+00  Norm: 5.9808E-03  
Iteration:    4200  Time: 2.100E+03  Max CFL: 8.507E-01  Max Diff. No.: -1.000E+00  Norm: 6.7454E-03  
Iteration:    4210  Time: 2.105E+03  Max CFL: 8.507E-01  Max Diff. No.: -1.000E+00  Norm: 7.7129E-03  
Iteration:    4220  Time: 2.110E+03  Max CFL: 8.507E-01  Max Diff. No.: -1.000E+00  Norm: 7.8426E-03  
Iteration:    4230  Time: 2.115E+03  Max CFL: 8.507E-01  Max Diff. No.: -1.000E+00  Norm: 7.0066E-03  
Iteration:    4240  Time: 2.120E+03  Max CFL: 8.507E-01  Max Diff. No.: -1.000E+00  Norm: 6.0367E-03  
Iteration:    4250  Time: 2.125E+03  Max CFL: 8.507E-01  Max Diff. No.: -1.000E+00  Norm: 6.0780E-03  
Iteration:    4260  Time: 2.130E+03  Max CFL: 8.507E-01  Max Diff. No.: -1.000E+00  Norm: 6.9357E-03  
Iteration:    4270  Time: 2.135E+03  Max CFL: 8.507E-01  Max Diff. No.: -1.000E+00  Norm: 7.6539E-03  
Iteration:    4280  Time: 2.140E+03  Max CFL: 8.507E-01  Max Diff. No.: -1.000E+00  Norm: 7.7915E-03  
Iteration:    4290  Time: 2.145E+03  Max CFL: 8.507E-01  Max Diff. No.: -1.000E+00  Norm: 7.2628E-03  
Iteration:    4300  Time: 2.150E+03  Max CFL: 8.507E-01  Max Diff. No.: -1.000E+00  Norm: 6.4194E-03  
Iteration:    4310  Time: 2.155E+03  Max CFL: 8.507E-01  Max Diff. No.: -1.000E+00  Norm: 6.2752E-03  
Iteration:    4320  Time: 2.160E+03  Max CFL: 8.507E-01  Max Diff. No.: -1.000E+00  Norm: 7.0882E-03  
Writing solution file op_00018.bin.
Iteration:    4330  Time: 2.165E+03  Max CFL: 8.507E-01  Max Diff. No.: -1.000E+00  Norm: 7.7471E-03  
Iteration:    4340  Time: 2.170E+03  Max CFL: 8.507E-01  Max Diff. No.: -1.000E+00  Norm: 7.5996E-03  
Iteration:    4350  Time: 2.175E+03  Max CFL: 8.507E-01  Max Diff. No.: -1.000E+00  Norm: 6.8588E-03  
Iteration:    4360  Time: 2.180E+03  Max CFL: 8.507E-01  Max Diff. No.: -1.000E+00  Norm: 6.2279E-03  
Iteration:    4370  Time: 2.185E+03  Max CFL: 8.507E-01  Max Diff. No.: -1.000E+00  Norm: 6.3752E-03  
Iteration:    4380  Time: 2.190E+03  Max CFL: 8.507E-01  Max Diff. No.: -1.000E+00  Norm: 7.0009E-03  
Iteration:    4390  Time: 2.195E+03  Max CFL: 8.507E-01  Max Diff. No.: -1.000E+00  Norm: 7.4081E-03  
Iteration:    4400  Time: 2.200E+03  Max CFL: 8.507E-01  Max Diff. No.: -1.000E+00  Norm: 7.4578E-03  
Iteration:    4410  Time: 2.205E+03  Max CFL: 8.507E-01  Max Diff. No.: -1.000E+00  Norm: 7.1848E-03  
Iteration:    4420  Time: 2.210E+03  Max CFL: 8.507E-01  Max Diff. No.: -1.000E+00  Norm: 6.6355E-03  
Iteration:    4430  Time: 2.215E+03  Max CFL: 8.507E-01  Max Diff. No.: -1.000E+00  Norm: 6.4962E-03  
Iteration:    4440  Time: 2.220E+03  Max CFL: 8.507E-01  Max Diff. No.: -1.000E+00  Norm: 7.1863E-03  
Iteration:    4450  Time: 2.225E+03  Max CFL: 8.507E-01  Max Diff. No.: -1.000E+00  Norm: 7.7354E-03  
Iteration:    4460  Time: 2.230E+03  Max CFL: 8.507E-01  Max Diff. No.: -1.000E+00  Norm: 7.4127E-03  
Iteration:    4470  Time: 2.235E+03  Max CFL: 8.507E-01  Max Diff. No.: -1.000E+00  Norm: 6.5996E-03  
Iteration:    4480  Time: 2.240E+03  Max CFL: 8.507E-01  Max Diff. No.: -1.000E+00  Norm: 6.2337E-03  
Iteration:    4490  Time: 2.245E+03  Max CFL: 8.507E-01  Max Diff. No.: -1.000E+00  Norm: 6.7066E-03  
Iteration:    4500  Time: 2.250E+03  Max CFL: 8.507E-01  Max Diff. No.: -1.000E+00  Norm: 7.3178E-03  
Iteration:    4510  Time: 2.255E+03  Max CFL: 8.507E-01  Max Diff. No.: -1.000E+00  Norm: 7.3519E-03  
Iteration:    4520  Time: 2.260E+03  Max CFL: 8.507E-01  Max Diff. No.: -1.000E+00  Norm: 6.9417E-03  
Iteration:    4530  Time: 2.265E+03  Max CFL: 8.507E-01  Max Diff. No.: -1.000E+00  Norm: 6.7519E-03  
Iteration:    4540  Time: 2.270E+03  Max CFL: 8.507E-01  Max Diff. No.: -1.000E+00  Norm: 6.9437E-03  
Iteration:    4550  Time: 2.275E+03  Max CFL: 8.507E-01  Max Diff. No.: -1.000E+00  Norm: 7.2158E-03  
Iteration:    4560  Time: 2.280E+03  Max CFL: 8.507E-01  Max Diff. No.: -1.000E+00  Norm: 7.3975E-03  
Writing solution file op_00019.bin.
Iteration:    4570  Time: 2.285E+03  Max CFL: 8.507E-01  Max Diff. No.: -1.000E+00  Norm: 7.2787E-03  
Iteration:    4580  Time: 2.290E+03  Max CFL: 8.507E-01  Max Diff. No.: -1.000E+00  Norm: 6.8506E-03  
Iteration:    4590  Time: 2.295E+03  Max CFL: 8.507E-01  Max Diff. No.: -1.000E+00  Norm: 6.6247E-03  
Iteration:    4600  Time: 2.300E+03  Max CFL: 8.507E-01  Max Diff. No.: -1.000E+00  Norm: 6.8644E-03  
Iteration:    4610  Time: 2.305E+03  Max CFL: 8.507E-01  Max Diff. No.: -1.000E+00  Norm: 7.1677E-03  
Iteration:    4620  Time: 2.310E+03  Max CFL: 8.507E-01  Max Diff. No.: -1.000E+00  Norm: 7.2038E-03  
Iteration:    4630  Time: 2.315E+03  Max CFL: 8.507E-01  Max Diff. No.: -1.000E+00  Norm: 6.9363E-03  
Iteration:    4640  Time: 2.320E+03  Max CFL: 8.507E-01  Max Diff. No.: -1.000E+00  Norm: 6.6311E-03  
Iteration:    4650  Time: 2.325E+03  Max CFL: 8.507E-01  Max Diff. No.: -1.000E+00  Norm: 6.8071E-03  
Iteration:    4660  Time: 2.330E+03  Max CFL: 8.507E-01  Max Diff. No.: -1.000E+00  Norm: 7.3098E-03  
Iteration:    4670  Time: 2.335E+03  Max CFL: 8.507E-01  Max Diff. No.: -1.000E+00  Norm: 7.4230E-03  
Iteration:    4680  Time: 2.340E+03  Max CFL: 8.507E-01  Max Diff. No.: -1.000E+00  Norm: 7.1279E-03  
Iteration:    4690  Time: 2.345E+03  Max CFL: 8.507E-01  Max Diff. No.: -1.000E+00  Norm: 6.9211E-03  
Iteration:    4700  Time: 2.350E+03  Max CFL: 8.507E-01  Max Diff. No.: -1.000E+00  Norm: 6.8685E-03  
Iteration:    4710  Time: 2.355E+03  Max CFL: 8.507E-01  Max Diff. No.: -1.000E+00  Norm: 6.8374E-03  
Iteration:    4720  Time: 2.360E+03  Max CFL: 8.507E-01  Max Diff. No.: -1.000E+00  Norm: 6.9165E-03  
Iteration:    4730  Time: 2.365E+03  Max CFL: 8.507E-01  Max Diff. No.: -1.000E+00  Norm: 7.1053E-03  
Iteration:    4740  Time: 2.370E+03  Max CFL: 8.507E-01  Max Diff. No.: -1.000E+00  Norm: 7.2237E-03  
Iteration:    4750  Time: 2.375E+03  Max CFL: 8.507E-01  Max Diff. No.: -1.000E+00  Norm: 7.0276E-03  
Iteration:    4760  Time: 2.380E+03  Max CFL: 8.507E-01  Max Diff. No.: -1.000E+00  Norm: 6.5847E-03  
Iteration:    4770  Time: 2.385E+03  Max CFL: 8.507E-01  Max Diff. No.: -1.000E+00  Norm: 6.5944E-03  
Iteration:    4780  Time: 2.390E+03  Max CFL: 8.507E-01  Max Diff. No.: -1.000E+00  Norm: 7.2446E-03  
Iteration:    4790  Time: 2.395E+03  Max CFL: 8.507E-01  Max Diff. No.: -1.000E+00  Norm: 7.6229E-03  
Iteration:    4800  Time: 2.400E+03  Max CFL: 8.507E-01  Max Diff. No.: -1.000E+00  Norm: 7.3167E-03  
Writing solution file op_00020.bin.
Iteration:    4810  Time: 2.405E+03  Max CFL: 8.507E-01  Max Diff. No.: -1.000E+00  Norm: 6.8440E-03  
Iteration:    4820  Time: 2.410E+03  Max CFL: 8.507E-01  Max Diff. No.: -1.000E+00  Norm: 6.6867E-03  
Iteration:    4830  Time: 2.415E+03  Max CFL: 8.507E-01  Max Diff. No.: -1.000E+00  Norm: 6.8214E-03  
Iteration:    4840  Time: 2.420E+03  Max CFL: 8.507E-01  Max Diff. No.: -1.000E+00  Norm: 7.0996E-03  
Iteration:    4850  Time: 2.425E+03  Max CFL: 8.507E-01  Max Diff. No.: -1.000E+00  Norm: 7.2853E-03  
Iteration:    4860  Time: 2.430E+03  Max CFL: 8.507E-01  Max Diff. No.: -1.000E+00  Norm: 7.1889E-03  
Iteration:    4870  Time: 2.435E+03  Max CFL: 8.507E-01  Max Diff. No.: -1.000E+00  Norm: 6.8194E-03  
Iteration:    4880  Time: 2.440E+03  Max CFL: 8.507E-01  Max Diff. No.: -1.000E+00  Norm: 6.4535E-03  
Iteration:    4890  Time: 2.445E+03  Max CFL: 8.507E-01  Max Diff. No.: -1.000E+00  Norm: 6.6705E-03  
Iteration:    4900  Time: 2.450E+03  Max CFL: 8.507E-01  Max Diff. No.: -1.000E+00  Norm: 7.3783E-03  
Iteration:    4910  Time: 2.455E+03  Max CFL: 8.507E-01  Max Diff. No.: -1.000E+00  Norm: 7.6368E-03  
Iteration:    4920  Time: 2.460E+03  Max CFL: 8.507E-01  Max Diff. No.: -1.000E+00  Norm: 7.1274E-03  
Iteration:    4930  Time: 2.465E+03  Max CFL: 8.507E-01  Max Diff. No.: -1.000E+00  Norm: 6.6408E-03  
Iteration:    4940  Time: 2.470E+03  Max CFL: 8.507E-01  Max Diff. No.: -1.000E+00  Norm: 6.8420E-03  
Iteration:    4950  Time: 2.475E+03  Max CFL: 8.507E-01  Max Diff. No.: -1.000E+00  Norm: 7.1901E-03  
Iteration:    4960  Time: 2.480E+03  Max CFL: 8.507E-01  Max Diff. No.: -1.000E+00  Norm: 7.1657E-03  
Iteration:    4970  Time: 2.485E+03  Max CFL: 8.507E-01  Max Diff. No.: -1.000E+00  Norm: 6.9516E-03  
Iteration:    4980  Time: 2.490E+03  Max CFL: 8.507E-01  Max Diff. No.: -1.000E+00  Norm: 6.8650E-03  
Iteration:    4990  Time: 2.495E+03  Max CFL: 8.507E-01  Max Diff. No.: -1.000E+00  Norm: 6.9279E-03  
Iteration:    5000  Time: 2.500E+03  Max CFL: 8.507E-01  Max Diff. No.: -1.000E+00  Norm: 6.9545E-03  
Iteration:    5010  Time: 2.505E+03  Max CFL: 8.507E-01  Max Diff. No.: -1.000E+00  Norm: 6.8924E-03  
Iteration:    5020  Time: 2.510E+03  Max CFL: 8.507E-01  Max Diff. No.: -1.000E+00  Norm: 6.9306E-03  
Iteration:    5030  Time: 2.515E+03  Max CFL: 8.507E-01  Max Diff. No.: -1.000E+00  Norm: 7.0776E-03  
Iteration:    5040  Time: 2.520E+03  Max CFL: 8.507E-01  Max Diff. No.: -1.000E+00  Norm: 7.1381E-03  
Writing solution file op_00021.bin.
Iteration:    5050  Time: 2.525E+03  Max CFL: 8.507E-01  Max Diff. No.: -1.000E+00  Norm: 7.1560E-03  
Iteration:    5060  Time: 2.530E+03  Max CFL: 8.507E-01  Max Diff. No.: -1.000E+00  Norm: 7.2119E-03  
Iteration:    5070  Time: 2.535E+03  Max CFL: 8.507E-01  Max Diff. No.: -1.000E+00  Norm: 7.0969E-03  
Iteration:    5080  Time: 2.540E+03  Max CFL: 8.507E-01  Max Diff. No.: -1.000E+00  Norm: 6.7837E-03  
Iteration:    5090  Time: 2.545E+03  Max CFL: 8.507E-01  Max Diff. No.: -1.000E+00  Norm: 6.7253E-03  
Iteration:    5100  Time: 2.550E+03  Max CFL: 8.507E-01  Max Diff. No.: -1.000E+00  Norm: 7.1015E-03  
Iteration:    5110  Time: 2.555E+03  Max CFL: 8.507E-01  Max Diff. No.: -1.000E+00  Norm: 7.4088E-03  
Iteration:    5120  Time: 2.560E+03  Max CFL: 8.507E-01  Max Diff. No.: -1.000E+00  Norm: 7.2128E-03  
Iteration:    5130  Time: 2.565E+03  Max CFL: 8.507E-01  Max Diff. No.: -1.000E+00  Norm: 6.6305E-03  
Iteration:    5140  Time: 2.570E+03  Max CFL: 8.507E-01  Max Diff. No.: -1.000E+00  Norm: 6.3528E-03  
Iteration:    5150  Time: 2.575E+03  Max CFL: 8.507E-01  Max Diff. No.: -1.000E+00  Norm: 6.8471E-03  
Iteration:    5160  Time: 2.580E+03  Max CFL: 8.507E-01  Max Diff. No.: -1.000E+00  Norm: 7.4723E-03  
Iteration:    5170  Time: 2.585E+03  Max CFL: 8.507E-01  Max Diff. No.: -1.000E+00  Norm: 7.5749E-03  
Iteration:    5180  Time: 2.590E+03  Max CFL: 8.507E-01  Max Diff. No.: -1.000E+00  Norm: 7.2068E-03  
Iteration:    5190  Time: 2.595E+03  Max CFL: 8.507E-01  Max Diff. No.: -1.000E+00  Norm: 6.7127E-03  
Iteration:    5200  Time: 2.600E+03  Max CFL: 8.507E-01  Max Diff. No.: -1.000E+00  Norm: 6.4770E-03  
Iteration:    5210  Time: 2.605E+03  Max CFL: 8.507E-01  Max Diff. No.: -1.000E+00  Norm: 6.7619E-03  
Iteration:    5220  Time: 2.610E+03  Max CFL: 8.507E-01  Max Diff. No.: -1.000E+00  Norm: 7.2843E-03  
Iteration:    5230  Time: 2.615E+03  Max CFL: 8.507E-01  Max Diff. No.: -1.000E+00  Norm: 7.5112E-03  
Iteration:    5240  Time: 2.620E+03  Max CFL: 8.507E-01  Max Diff. No.: -1.000E+00  Norm: 7.2529E-03  
Iteration:    5250  Time: 2.625E+03  Max CFL: 8.507E-01  Max Diff. No.: -1.000E+00  Norm: 6.7040E-03  
Iteration:    5260  Time: 2.630E+03  Max CFL: 8.507E-01  Max Diff. No.: -1.000E+00  Norm: 6.3370E-03  
Iteration:    5270  Time: 2.635E+03  Max CFL: 8.507E-01  Max Diff. No.: -1.000E+00  Norm: 6.6123E-03  
Iteration:    5280  Time: 2.640E+03  Max CFL: 8.507E-01  Max Diff. No.: -1.000E+00  Norm: 7.2802E-03  
Writing solution file op_00022.bin.
Iteration:    5290  Time: 2.645E+03  Max CFL: 8.507E-01  Max Diff. No.: -1.000E+00  Norm: 7.6662E-03  
Iteration:    5300  Time: 2.650E+03  Max CFL: 8.507E-01  Max Diff. No.: -1.000E+00  Norm: 7.4655E-03  
Iteration:    5310  Time: 2.655E+03  Max CFL: 8.507E-01  Max Diff. No.: -1.000E+00  Norm: 6.8523E-03  
Iteration:    5320  Time: 2.660E+03  Max CFL: 8.507E-01  Max Diff. No.: -1.000E+00  Norm: 6.3415E-03  
Iteration:    5330  Time: 2.665E+03  Max CFL: 8.507E-01  Max Diff. No.: -1.000E+00  Norm: 6.4723E-03  
Iteration:    5340  Time: 2.670E+03  Max CFL: 8.507E-01  Max Diff. No.: -1.000E+00  Norm: 7.1580E-03  
Iteration:    5350  Time: 2.675E+03  Max CFL: 8.507E-01  Max Diff. No.: -1.000E+00  Norm: 7.7481E-03  
Iteration:    5360  Time: 2.680E+03  Max CFL: 8.507E-01  Max Diff. No.: -1.000E+00  Norm: 7.6554E-03  
Iteration:    5370  Time: 2.685E+03  Max CFL: 8.507E-01  Max Diff. No.: -1.000E+00  Norm: 6.7882E-03  
Iteration:    5380  Time: 2.690E+03  Max CFL: 8.507E-01  Max Diff. No.: -1.000E+00  Norm: 5.8840E-03  
Iteration:    5390  Time: 2.695E+03  Max CFL: 8.507E-01  Max Diff. No.: -1.000E+00  Norm: 6.1161E-03  
Iteration:    5400  Time: 2.700E+03  Max CFL: 8.507E-01  Max Diff. No.: -1.000E+00  Norm: 7.2276E-03  
Iteration:    5410  Time: 2.705E+03  Max CFL: 8.507E-01  Max Diff. No.: -1.000E+00  Norm: 8.0119E-03  
Iteration:    5420  Time: 2.710E+03  Max CFL: 8.507E-01  Max Diff. No.: -1.000E+00  Norm: 7.8784E-03  
Iteration:    5430  Time: 2.715E+03  Max CFL: 8.507E-01  Max Diff. No.: -1.000E+00  Norm: 6.9289E-03  
Iteration:    5440  Time: 2.720E+03  Max CFL: 8.507E-01  Max Diff. No.: -1.000E+00  Norm: 5.9302E-03  
Iteration:    5450  Time: 2.725E+03  Max CFL: 8.507E-01  Max Diff. No.: -1.000E+00  Norm: 5.9917E-03  
Iteration:    5460  Time: 2.730E+03  Max CFL: 8.507E-01  Max Diff. No.: -1.000E+00  Norm: 7.1108E-03  
Iteration:    5470  Time: 2.735E+03  Max CFL: 8.507E-01  Max Diff. No.: -1.000E+00  Norm: 8.1289E-03  
Iteration:    5480  Time: 2.740E+03  Max CFL: 8.507E-01  Max Diff. No.: -1.000E+00  Norm: 8.0693E-03  
Iteration:    5490  Time: 2.745E+03  Max CFL: 8.507E-01  Max Diff. No.: -1.000E+00  Norm: 6.7339E-03  
Iteration:    5500  Time: 2.750E+03  Max CFL: 8.507E-01  Max Diff. No.: -1.000E+00  Norm: 5.2139E-03  
Iteration:    5510  Time: 2.755E+03  Max CFL: 8.507E-01  Max Diff. No.: -1.000E+00  Norm: 5.6352E-03  
Iteration:    5520  Time: 2.760E+03  Max CFL: 8.507E-01  Max Diff. No.: -1.000E+00  Norm: 7.3966E-03  
Writing solution file op_00023.bin.
Iteration:    5530  Time: 2.765E+03  Max CFL: 8.507E-01  Max Diff. No.: -1.000E+00  Norm: 8.4174E-03  
Iteration:    5540  Time: 2.770E+03  Max CFL: 8.507E-01  Max Diff. No.: -1.000E+00  Norm: 7.9625E-03  
Iteration:    5550  Time: 2.775E+03  Max CFL: 8.507E-01  Max Diff. No.: -1.000E+00  Norm: 6.4799E-03  
Iteration:    5560  Time: 2.780E+03  Max CFL: 8.507E-01  Max Diff. No.: -1.000E+00  Norm: 5.4483E-03  
Iteration:    5570  Time: 2.785E+03  Max CFL: 8.507E-01  Max Diff. No.: -1.000E+00  Norm: 6.1206E-03  
Iteration:    5580  Time: 2.790E+03  Max CFL: 8.507E-01  Max Diff. No.: -1.000E+00  Norm: 7.4942E-03  
Iteration:    5590  Time: 2.795E+03  Max CFL: 8.507E-01  Max Diff. No.: -1.000E+00  Norm: 8.2751E-03  
Iteration:    5600  Time: 2.800E+03  Max CFL: 8.507E-01  Max Diff. No.: -1.000E+00  Norm: 7.9529E-03  
Iteration:    5610  Time: 2.805E+03  Max CFL: 8.507E-01  Max Diff. No.: -1.000E+00  Norm: 6.6374E-03  
Iteration:    5620  Time: 2.810E+03  Max CFL: 8.507E-01  Max Diff. No.: -1.000E+00  Norm: 5.3940E-03  
Iteration:    5630  Time: 2.815E+03  Max CFL: 8.507E-01  Max Diff. No.: -1.000E+00  Norm: 5.8325E-03  
Iteration:    5640  Time: 2.820E+03  Max CFL: 8.507E-01  Max Diff. No.: -1.000E+00  Norm: 7.3277E-03  
Iteration:    5650  Time: 2.825E+03  Max CFL: 8.507E-01  Max Diff. No.: -1.000E+00  Norm: 8.2362E-03  
Iteration:    5660  Time: 2.830E+03  Max CFL: 8.507E-01  Max Diff. No.: -1.000E+00  Norm: 7.9107E-03  
Iteration:    5670  Time: 2.835E+03  Max CFL: 8.507E-01  Max Diff. No.: -1.000E+00  Norm: 6.6416E-03  
Iteration:    5680  Time: 2.840E+03  Max CFL: 8.507E-01  Max Diff. No.: -1.000E+00  Norm: 5.6348E-03  
Iteration:    5690  Time: 2.845E+03  Max CFL: 8.507E-01  Max Diff. No.: -1.000E+00  Norm: 6.1091E-03  
Iteration:    5700  Time: 2.850E+03  Max CFL: 8.507E-01  Max Diff. No.: -1.000E+00  Norm: 7.3623E-03  
Iteration:    5710  Time: 2.855E+03  Max CFL: 8.507E-01  Max Diff. No.: -1.000E+00  Norm: 8.1388E-03  
Iteration:    5720  Time: 2.860E+03  Max CFL: 8.507E-01  Max Diff. No.: -1.000E+00  Norm: 7.9161E-03  
Iteration:    5730  Time: 2.865E+03  Max CFL: 8.507E-01  Max Diff. No.: -1.000E+00  Norm: 6.7889E-03  
Iteration:    5740  Time: 2.870E+03  Max CFL: 8.507E-01  Max Diff. No.: -1.000E+00  Norm: 5.6566E-03  
Iteration:    5750  Time: 2.875E+03  Max CFL: 8.507E-01  Max Diff. No.: -1.000E+00  Norm: 5.8819E-03  
Iteration:    5760  Time: 2.880E+03  Max CFL: 8.507E-01  Max Diff. No.: -1.000E+00  Norm: 7.1234E-03  
Writing solution file op_00024.bin.
Iteration:    5770  Time: 2.885E+03  Max CFL: 8.507E-01  Max Diff. No.: -1.000E+00  Norm: 7.9743E-03  
Iteration:    5780  Time: 2.890E+03  Max CFL: 8.507E-01  Max Diff. No.: -1.000E+00  Norm: 7.8338E-03  
Iteration:    5790  Time: 2.895E+03  Max CFL: 8.507E-01  Max Diff. No.: -1.000E+00  Norm: 6.9550E-03  
Iteration:    5800  Time: 2.900E+03  Max CFL: 8.507E-01  Max Diff. No.: -1.000E+00  Norm: 6.1281E-03  
Iteration:    5810  Time: 2.905E+03  Max CFL: 8.507E-01  Max Diff. No.: -1.000E+00  Norm: 6.1324E-03  
Iteration:    5820  Time: 2.910E+03  Max CFL: 8.507E-01  Max Diff. No.: -1.000E+00  Norm: 6.9322E-03  
Iteration:    5830  Time: 2.915E+03  Max CFL: 8.507E-01  Max Diff. No.: -1.000E+00  Norm: 7.7655E-03  
Iteration:    5840  Time: 2.920E+03  Max CFL: 8.507E-01  Max Diff. No.: -1.000E+00  Norm: 7.9826E-03  
Iteration:    5850  Time: 2.925E+03  Max CFL: 8.507E-01  Max Diff. No.: -1.000E+00  Norm: 7.3451E-03  
Iteration:    5860  Time: 2.930E+03  Max CFL: 8.507E-01  Max Diff. No.: -1.000E+00  Norm: 6.1558E-03  
Iteration:    5870  Time: 2.935E+03  Max CFL: 8.507E-01  Max Diff. No.: -1.000E+00  Norm: 5.5859E-03  
Iteration:    5880  Time: 2.940E+03  Max CFL: 8.507E-01  Max Diff. No.: -1.000E+00  Norm: 6.4954E-03  
Iteration:    5890  Time: 2.945E+03  Max CFL: 8.507E-01  Max Diff. No.: -1.000E+00  Norm: 7.7366E-03  
Iteration:    5900  Time: 2.950E+03  Max CFL: 8.507E-01  Max Diff. No.: -1.000E+00  Norm: 8.1307E-03  
Iteration:    5910  Time: 2.955E+03  Max CFL: 8.507E-01  Max Diff. No.: -1.000E+00  Norm: 7.4277E-03  
Iteration:    5920  Time: 2.960E+03  Max CFL: 8.507E-01  Max Diff. No.: -1.000E+00  Norm: 6.1606E-03  
Iteration:    5930  Time: 2.965E+03  Max CFL: 8.507E-01  Max Diff. No.: -1.000E+00  Norm: 5.6516E-03  
Iteration:    5940  Time: 2.970E+03  Max CFL: 8.507E-01  Max Diff. No.: -1.000E+00  Norm: 6.6415E-03  
Iteration:    5950  Time: 2.975E+03  Max CFL: 8.507E-01  Max Diff. No.: -1.000E+00  Norm: 7.8793E-03  
Iteration:    5960  Time: 2.980E+03  Max CFL: 8.507E-01  Max Diff. No.: -1.000E+00  Norm: 8.2191E-03  
Iteration:    5970  Time: 2.985E+03  Max CFL: 8.507E-01  Max Diff. No.: -1.000E+00  Norm: 7.4686E-03  
Iteration:    5980  Time: 2.990E+03  Max CFL: 8.507E-01  Max Diff. No.: -1.000E+00  Norm: 6.1661E-03  
Iteration:    5990  Time: 2.995E+03  Max CFL: 8.507E-01  Max Diff. No.: -1.000E+00  Norm: 5.5935E-03  
Iteration:    6000  Time: 3.000E+03  Max CFL: 8.507E-01  Max Diff. No.: -1.000E+00  Norm: 6.5209E-03  
Writing solution file op_00025.bin.
Completed time integration (Final time: 3000.000000).
Computed errors:
  L1         Error           : 0.0000000000000000E+00
  L2         Error           : 0.0000000000000000E+00
  Linfinity  Error           : 0.0000000000000000E+00
Conservation Errors:
	0.0000000000000000E+00
	0.0000000000000000E+00
	0.0000000000000000E+00
	0.0000000000000000E+00
Solver runtime (in seconds): 7.9546227999999996E+02
Total  runtime (in seconds): 7.9550294199999996E+02
Deallocating arrays.
Finished.
