MHYSA - Parallel (MPI) version with 64 processes
Compiled with PETSc time integration.
Reading solver inputs from file "solver.inp".
	No. of dimensions                          : 3
	No. of variables                           : 5
	Domain size                                : 64 64 64 
	Processes along each dimension             : 4 4 4 
	No. of ghosts pts                          : 3
	No. of iter.                               : 200
	Restart iteration                          : 0
	Time integration scheme                    : rk (44)
	Spatial discretization scheme (hyperbolic) : weno5
	Split hyperbolic flux term?                : no
	Interpolation type for hyperbolic term     : components
	Spatial discretization type   (parabolic ) : nonconservative-2stage
	Spatial discretization scheme (parabolic ) : 4
	Time Step                                  : 2.500000E-02
	Check for conservation                     : no
	Screen output iterations                   : 10
	File output iterations                     : 20
	Initial solution file type                 : binary
	Initial solution read mode                 : serial
	Solution file write mode                   : serial
	Solution file format                       : binary
	Overwrite solution file                    : no
	Physical model                             : navierstokes3d
Partitioning domain.
Allocating data arrays.
Reading array from binary file initial.inp (Serial mode).
Volume integral of the initial solution:
 0:  2.4805021344241101E+02
 1:  3.2751579226442118E-15
 2:  -2.7755575615628914E-15
 3:  0.0000000000000000E+00
 4:  4.7643358853329318E+02
Initializing solvers.
Reading WENO parameters from weno.inp.
Initializing physics. Model = "navierstokes3d"
Reading physical model inputs from file "physics.inp".
Reading boundary conditions from "boundary.inp".
  Boundary                       periodic:  Along dimension  0 and face +1
  Boundary                       periodic:  Along dimension  0 and face -1
  Boundary                       periodic:  Along dimension  1 and face +1
  Boundary                       periodic:  Along dimension  1 and face -1
  Boundary                       periodic:  Along dimension  2 and face +1
  Boundary                       periodic:  Along dimension  2 and face -1
6 boundary condition(s) read.
Setting up time integration.
Solving in time (from 0 to 200 iterations)
Writing solution file op_00000.bin.
Iteration:      10  Time: 2.500E-01  Max CFL: 5.639E-01  Max Diff. No.: -1.000E+00  Norm: 2.4506E-02  
Iteration:      20  Time: 5.000E-01  Max CFL: 5.605E-01  Max Diff. No.: -1.000E+00  Norm: 2.4387E-02  
Writing solution file op_00001.bin.
Iteration:      30  Time: 7.500E-01  Max CFL: 5.404E-01  Max Diff. No.: -1.000E+00  Norm: 2.4499E-02  
Iteration:      40  Time: 1.000E+00  Max CFL: 5.372E-01  Max Diff. No.: -1.000E+00  Norm: 2.4748E-02  
Writing solution file op_00002.bin.
Iteration:      50  Time: 1.250E+00  Max CFL: 5.379E-01  Max Diff. No.: -1.000E+00  Norm: 2.4587E-02  
Iteration:      60  Time: 1.500E+00  Max CFL: 5.218E-01  Max Diff. No.: -1.000E+00  Norm: 2.3664E-02  
Writing solution file op_00003.bin.
Iteration:      70  Time: 1.750E+00  Max CFL: 5.191E-01  Max Diff. No.: -1.000E+00  Norm: 2.3286E-02  
Iteration:      80  Time: 2.000E+00  Max CFL: 5.204E-01  Max Diff. No.: -1.000E+00  Norm: 2.2846E-02  
Writing solution file op_00004.bin.
Iteration:      90  Time: 2.250E+00  Max CFL: 5.105E-01  Max Diff. No.: -1.000E+00  Norm: 2.1713E-02  
Iteration:     100  Time: 2.500E+00  Max CFL: 5.151E-01  Max Diff. No.: -1.000E+00  Norm: 2.1135E-02  
Writing solution file op_00005.bin.
Iteration:     110  Time: 2.750E+00  Max CFL: 5.082E-01  Max Diff. No.: -1.000E+00  Norm: 2.0502E-02  
Iteration:     120  Time: 3.000E+00  Max CFL: 4.980E-01  Max Diff. No.: -1.000E+00  Norm: 2.0224E-02  
Writing solution file op_00006.bin.
Iteration:     130  Time: 3.250E+00  Max CFL: 4.900E-01  Max Diff. No.: -1.000E+00  Norm: 1.9684E-02  
Iteration:     140  Time: 3.500E+00  Max CFL: 4.881E-01  Max Diff. No.: -1.000E+00  Norm: 1.8861E-02  
Writing solution file op_00007.bin.
Iteration:     150  Time: 3.750E+00  Max CFL: 4.875E-01  Max Diff. No.: -1.000E+00  Norm: 1.8061E-02  
Iteration:     160  Time: 4.000E+00  Max CFL: 4.891E-01  Max Diff. No.: -1.000E+00  Norm: 1.7515E-02  
Writing solution file op_00008.bin.
Iteration:     170  Time: 4.250E+00  Max CFL: 4.728E-01  Max Diff. No.: -1.000E+00  Norm: 1.7092E-02  
Iteration:     180  Time: 4.500E+00  Max CFL: 4.704E-01  Max Diff. No.: -1.000E+00  Norm: 1.7154E-02  
Writing solution file op_00009.bin.
Iteration:     190  Time: 4.750E+00  Max CFL: 4.696E-01  Max Diff. No.: -1.000E+00  Norm: 1.6652E-02  
Iteration:     200  Time: 5.000E+00  Max CFL: 4.566E-01  Max Diff. No.: -1.000E+00  Norm: 1.6002E-02  
Writing solution file op_00010.bin.
Completed time integration (Final time: 5.000000).
Computed errors:
  L1         Error           : 0.0000000000000000E+00
  L2         Error           : 0.0000000000000000E+00
  Linfinity  Error           : 0.0000000000000000E+00
Conservation Errors:
	0.0000000000000000E+00
	0.0000000000000000E+00
	0.0000000000000000E+00
	0.0000000000000000E+00
	0.0000000000000000E+00
Solver runtime (in seconds): 5.9575493999999999E+01
Total  runtime (in seconds): 5.9653224000000002E+01
Deallocating arrays.
Finished.
