HyPar - Parallel (MPI) version with 8 processes
Reading solver inputs from file "solver.inp".
	No. of dimensions                          : 3
	No. of variables                           : 1
	Domain size                                : 64 64 64 
	Processes along each dimension             : 2 2 2 
	No. of ghosts pts                          : 3
	No. of iter.                               : 120
	Restart iteration                          : 0
	Time integration scheme                    : rk (44)
	Spatial discretization scheme (hyperbolic) : weno5
	Split hyperbolic flux term?                : no
	Interpolation type for hyperbolic term     : characteristic
	Spatial discretization type   (parabolic ) : nonconservative-1stage
	Spatial discretization scheme (parabolic ) : 2
	Time Step                                  : 5.000000E-02
	Check for conservation                     : yes
	Screen output iterations                   : 1
	File output iterations                     : 12
	Initial solution file type                 : binary
	Initial solution read mode                 : serial
	Solution file write mode                   : serial
	Solution file format                       : binary
	Overwrite solution file                    : no
	Physical model                             : linear-advection-diffusion-reaction
Partitioning domain.
Allocating data arrays.
Reading array from binary file initial.inp (Serial mode).
Volume integral of the initial solution:
 0:  1.5621477393793244E+01
Reading boundary conditions from "boundary.inp".
  Boundary                       periodic:  Along dimension  0 and face +1
  Boundary                       periodic:  Along dimension  0 and face -1
  Boundary                       periodic:  Along dimension  1 and face +1
  Boundary                       periodic:  Along dimension  1 and face -1
  Boundary                       periodic:  Along dimension  2 and face +1
  Boundary                       periodic:  Along dimension  2 and face -1
6 boundary condition(s) read.
Initializing solvers.
Reading WENO parameters from weno.inp.
Initializing physics. Model = "linear-advection-diffusion-reaction"
Reading physical model inputs from file "physics.inp".
Setting up time integration.
Solving in time (from 0 to 120 iterations)
Writing solution file op_00000.bin.
Iteration:       1  Time: 5.000E-02  Max CFL: 5.333E-01  Max Diff. No.: 0.000E+00  Norm: 5.6742E-03  Conservation loss: 1.0348E-14
Iteration:       2  Time: 1.000E-01  Max CFL: 5.333E-01  Max Diff. No.: 0.000E+00  Norm: 5.6742E-03  Conservation loss: 1.1371E-15
Iteration:       3  Time: 1.500E-01  Max CFL: 5.333E-01  Max Diff. No.: 0.000E+00  Norm: 5.6742E-03  Conservation loss: 4.2074E-15
Iteration:       4  Time: 2.000E-01  Max CFL: 5.333E-01  Max Diff. No.: 0.000E+00  Norm: 5.6742E-03  Conservation loss: 7.1639E-15
Iteration:       5  Time: 2.500E-01  Max CFL: 5.333E-01  Max Diff. No.: 0.000E+00  Norm: 5.6742E-03  Conservation loss: 8.0736E-15
Iteration:       6  Time: 3.000E-01  Max CFL: 5.333E-01  Max Diff. No.: 0.000E+00  Norm: 5.6742E-03  Conservation loss: 6.7090E-15
Iteration:       7  Time: 3.500E-01  Max CFL: 5.333E-01  Max Diff. No.: 0.000E+00  Norm: 5.6742E-03  Conservation loss: 1.1258E-14
Iteration:       8  Time: 4.000E-01  Max CFL: 5.333E-01  Max Diff. No.: 0.000E+00  Norm: 5.6741E-03  Conservation loss: 1.9331E-15
Iteration:       9  Time: 4.500E-01  Max CFL: 5.333E-01  Max Diff. No.: 0.000E+00  Norm: 5.6741E-03  Conservation loss: 1.3077E-14
Iteration:      10  Time: 5.000E-01  Max CFL: 5.333E-01  Max Diff. No.: 0.000E+00  Norm: 5.6741E-03  Conservation loss: 1.0120E-14
Iteration:      11  Time: 5.500E-01  Max CFL: 5.333E-01  Max Diff. No.: 0.000E+00  Norm: 5.6741E-03  Conservation loss: 9.2107E-15
Iteration:      12  Time: 6.000E-01  Max CFL: 5.333E-01  Max Diff. No.: 0.000E+00  Norm: 5.6741E-03  Conservation loss: 9.0970E-15
Writing solution file op_00001.bin.
Iteration:      13  Time: 6.500E-01  Max CFL: 5.333E-01  Max Diff. No.: 0.000E+00  Norm: 5.6741E-03  Conservation loss: 2.5017E-15
Iteration:      14  Time: 7.000E-01  Max CFL: 5.333E-01  Max Diff. No.: 0.000E+00  Norm: 5.6741E-03  Conservation loss: 6.8227E-15
Iteration:      15  Time: 7.500E-01  Max CFL: 5.333E-01  Max Diff. No.: 0.000E+00  Norm: 5.6741E-03  Conservation loss: 5.0033E-15
Iteration:      16  Time: 8.000E-01  Max CFL: 5.333E-01  Max Diff. No.: 0.000E+00  Norm: 5.6741E-03  Conservation loss: 7.1639E-15
Iteration:      17  Time: 8.500E-01  Max CFL: 5.333E-01  Max Diff. No.: 0.000E+00  Norm: 5.6741E-03  Conservation loss: 9.3244E-15
Iteration:      18  Time: 9.000E-01  Max CFL: 5.333E-01  Max Diff. No.: 0.000E+00  Norm: 5.6741E-03  Conservation loss: 6.9365E-15
Iteration:      19  Time: 9.500E-01  Max CFL: 5.333E-01  Max Diff. No.: 0.000E+00  Norm: 5.6741E-03  Conservation loss: 8.7559E-15
Iteration:      20  Time: 1.000E+00  Max CFL: 5.333E-01  Max Diff. No.: 0.000E+00  Norm: 5.6741E-03  Conservation loss: 8.5284E-15
Iteration:      21  Time: 1.050E+00  Max CFL: 5.333E-01  Max Diff. No.: 0.000E+00  Norm: 5.6741E-03  Conservation loss: 8.3010E-15
Iteration:      22  Time: 1.100E+00  Max CFL: 5.333E-01  Max Diff. No.: 0.000E+00  Norm: 5.6741E-03  Conservation loss: 1.2395E-14
Iteration:      23  Time: 1.150E+00  Max CFL: 5.333E-01  Max Diff. No.: 0.000E+00  Norm: 5.6741E-03  Conservation loss: 5.3445E-15
Iteration:      24  Time: 1.200E+00  Max CFL: 5.333E-01  Max Diff. No.: 0.000E+00  Norm: 5.6741E-03  Conservation loss: 1.1826E-14
Writing solution file op_00002.bin.
Iteration:      25  Time: 1.250E+00  Max CFL: 5.333E-01  Max Diff. No.: 0.000E+00  Norm: 5.6741E-03  Conservation loss: 8.1873E-15
Iteration:      26  Time: 1.300E+00  Max CFL: 5.333E-01  Max Diff. No.: 0.000E+00  Norm: 5.6740E-03  Conservation loss: 5.3445E-15
Iteration:      27  Time: 1.350E+00  Max CFL: 5.333E-01  Max Diff. No.: 0.000E+00  Norm: 5.6740E-03  Conservation loss: 1.2167E-14
Iteration:      28  Time: 1.400E+00  Max CFL: 5.333E-01  Max Diff. No.: 0.000E+00  Norm: 5.6740E-03  Conservation loss: 9.6656E-15
Iteration:      29  Time: 1.450E+00  Max CFL: 5.333E-01  Max Diff. No.: 0.000E+00  Norm: 5.6740E-03  Conservation loss: 2.0582E-14
Iteration:      30  Time: 1.500E+00  Max CFL: 5.333E-01  Max Diff. No.: 0.000E+00  Norm: 5.6740E-03  Conservation loss: 1.6602E-14
Iteration:      31  Time: 1.550E+00  Max CFL: 5.333E-01  Max Diff. No.: 0.000E+00  Norm: 5.6740E-03  Conservation loss: 1.1371E-16
Iteration:      32  Time: 1.600E+00  Max CFL: 5.333E-01  Max Diff. No.: 0.000E+00  Norm: 5.6740E-03  Conservation loss: 1.1712E-14
Iteration:      33  Time: 1.650E+00  Max CFL: 5.333E-01  Max Diff. No.: 0.000E+00  Norm: 5.6740E-03  Conservation loss: 8.3010E-15
Iteration:      34  Time: 1.700E+00  Max CFL: 5.333E-01  Max Diff. No.: 0.000E+00  Norm: 5.6740E-03  Conservation loss: 8.5284E-15
Iteration:      35  Time: 1.750E+00  Max CFL: 5.333E-01  Max Diff. No.: 0.000E+00  Norm: 5.6740E-03  Conservation loss: 8.3010E-15
Iteration:      36  Time: 1.800E+00  Max CFL: 5.333E-01  Max Diff. No.: 0.000E+00  Norm: 5.6740E-03  Conservation loss: 9.8930E-15
Writing solution file op_00003.bin.
Iteration:      37  Time: 1.850E+00  Max CFL: 5.333E-01  Max Diff. No.: 0.000E+00  Norm: 5.6740E-03  Conservation loss: 1.6033E-14
Iteration:      38  Time: 1.900E+00  Max CFL: 5.333E-01  Max Diff. No.: 0.000E+00  Norm: 5.6740E-03  Conservation loss: 3.2977E-15
Iteration:      39  Time: 1.950E+00  Max CFL: 5.333E-01  Max Diff. No.: 0.000E+00  Norm: 5.6740E-03  Conservation loss: 1.0575E-14
Iteration:      40  Time: 2.000E+00  Max CFL: 5.333E-01  Max Diff. No.: 0.000E+00  Norm: 5.6740E-03  Conservation loss: 5.5719E-15
Iteration:      41  Time: 2.050E+00  Max CFL: 5.333E-01  Max Diff. No.: 0.000E+00  Norm: 5.6740E-03  Conservation loss: 9.3244E-15
Iteration:      42  Time: 2.100E+00  Max CFL: 5.333E-01  Max Diff. No.: 0.000E+00  Norm: 5.6740E-03  Conservation loss: 1.5806E-14
Iteration:      43  Time: 2.150E+00  Max CFL: 5.333E-01  Max Diff. No.: 0.000E+00  Norm: 5.6740E-03  Conservation loss: 1.4328E-14
Iteration:      44  Time: 2.200E+00  Max CFL: 5.333E-01  Max Diff. No.: 0.000E+00  Norm: 5.6740E-03  Conservation loss: 4.5485E-16
Iteration:      45  Time: 2.250E+00  Max CFL: 5.333E-01  Max Diff. No.: 0.000E+00  Norm: 5.6740E-03  Conservation loss: 1.3532E-14
Iteration:      46  Time: 2.300E+00  Max CFL: 5.333E-01  Max Diff. No.: 0.000E+00  Norm: 5.6740E-03  Conservation loss: 1.0462E-14
Iteration:      47  Time: 2.350E+00  Max CFL: 5.333E-01  Max Diff. No.: 0.000E+00  Norm: 5.6740E-03  Conservation loss: 1.6147E-14
Iteration:      48  Time: 2.400E+00  Max CFL: 5.333E-01  Max Diff. No.: 0.000E+00  Norm: 5.6740E-03  Conservation loss: 1.0234E-14
Writing solution file op_00004.bin.
Iteration:      49  Time: 2.450E+00  Max CFL: 5.333E-01  Max Diff. No.: 0.000E+00  Norm: 5.6740E-03  Conservation loss: 7.2776E-15
Iteration:      50  Time: 2.500E+00  Max CFL: 5.333E-01  Max Diff. No.: 0.000E+00  Norm: 5.6740E-03  Conservation loss: 9.4381E-15
Iteration:      51  Time: 2.550E+00  Max CFL: 5.333E-01  Max Diff. No.: 0.000E+00  Norm: 5.6740E-03  Conservation loss: 1.3532E-14
Iteration:      52  Time: 2.600E+00  Max CFL: 5.333E-01  Max Diff. No.: 0.000E+00  Norm: 5.6740E-03  Conservation loss: 1.0348E-14
Iteration:      53  Time: 2.650E+00  Max CFL: 5.333E-01  Max Diff. No.: 0.000E+00  Norm: 5.6740E-03  Conservation loss: 7.6187E-15
Iteration:      54  Time: 2.700E+00  Max CFL: 5.333E-01  Max Diff. No.: 0.000E+00  Norm: 5.6740E-03  Conservation loss: 1.9331E-15
Iteration:      55  Time: 2.750E+00  Max CFL: 5.333E-01  Max Diff. No.: 0.000E+00  Norm: 5.6740E-03  Conservation loss: 3.2977E-15
Iteration:      56  Time: 2.800E+00  Max CFL: 5.333E-01  Max Diff. No.: 0.000E+00  Norm: 5.6740E-03  Conservation loss: 6.3679E-15
Iteration:      57  Time: 2.850E+00  Max CFL: 5.333E-01  Max Diff. No.: 0.000E+00  Norm: 5.6740E-03  Conservation loss: 2.8428E-15
Iteration:      58  Time: 2.900E+00  Max CFL: 5.333E-01  Max Diff. No.: 0.000E+00  Norm: 5.6740E-03  Conservation loss: 9.6656E-15
Iteration:      59  Time: 2.950E+00  Max CFL: 5.333E-01  Max Diff. No.: 0.000E+00  Norm: 5.6740E-03  Conservation loss: 5.7993E-15
Iteration:      60  Time: 3.000E+00  Max CFL: 5.333E-01  Max Diff. No.: 0.000E+00  Norm: 5.6740E-03  Conservation loss: 1.0348E-14
Writing solution file op_00005.bin.
Iteration:      61  Time: 3.050E+00  Max CFL: 5.333E-01  Max Diff. No.: 0.000E+00  Norm: 5.6740E-03  Conservation loss: 8.0736E-15
Iteration:      62  Time: 3.100E+00  Max CFL: 5.333E-01  Max Diff. No.: 0.000E+00  Norm: 5.6740E-03  Conservation loss: 2.6154E-15
Iteration:      63  Time: 3.150E+00  Max CFL: 5.333E-01  Max Diff. No.: 0.000E+00  Norm: 5.6740E-03  Conservation loss: 3.5251E-15
Iteration:      64  Time: 3.200E+00  Max CFL: 5.333E-01  Max Diff. No.: 0.000E+00  Norm: 5.6740E-03  Conservation loss: 3.6388E-15
Iteration:      65  Time: 3.250E+00  Max CFL: 5.333E-01  Max Diff. No.: 0.000E+00  Norm: 5.6740E-03  Conservation loss: 1.1030E-14
Iteration:      66  Time: 3.300E+00  Max CFL: 5.333E-01  Max Diff. No.: 0.000E+00  Norm: 5.6740E-03  Conservation loss: 1.3191E-14
Iteration:      67  Time: 3.350E+00  Max CFL: 5.333E-01  Max Diff. No.: 0.000E+00  Norm: 5.6740E-03  Conservation loss: 1.3873E-14
Iteration:      68  Time: 3.400E+00  Max CFL: 5.333E-01  Max Diff. No.: 0.000E+00  Norm: 5.6740E-03  Conservation loss: 2.8428E-15
Iteration:      69  Time: 3.450E+00  Max CFL: 5.333E-01  Max Diff. No.: 0.000E+00  Norm: 5.6740E-03  Conservation loss: 7.3913E-15
Iteration:      70  Time: 3.500E+00  Max CFL: 5.333E-01  Max Diff. No.: 0.000E+00  Norm: 5.6740E-03  Conservation loss: 1.3645E-14
Iteration:      71  Time: 3.550E+00  Max CFL: 5.333E-01  Max Diff. No.: 0.000E+00  Norm: 5.6739E-03  Conservation loss: 1.6716E-14
Iteration:      72  Time: 3.600E+00  Max CFL: 5.333E-01  Max Diff. No.: 0.000E+00  Norm: 5.6739E-03  Conservation loss: 5.9130E-15
Writing solution file op_00006.bin.
Iteration:      73  Time: 3.650E+00  Max CFL: 5.333E-01  Max Diff. No.: 0.000E+00  Norm: 5.6739E-03  Conservation loss: 1.3987E-14
Iteration:      74  Time: 3.700E+00  Max CFL: 5.333E-01  Max Diff. No.: 0.000E+00  Norm: 5.6739E-03  Conservation loss: 1.2963E-14
Iteration:      75  Time: 3.750E+00  Max CFL: 5.333E-01  Max Diff. No.: 0.000E+00  Norm: 5.6739E-03  Conservation loss: 1.7057E-15
Iteration:      76  Time: 3.800E+00  Max CFL: 5.333E-01  Max Diff. No.: 0.000E+00  Norm: 5.6739E-03  Conservation loss: 1.0803E-14
Iteration:      77  Time: 3.850E+00  Max CFL: 5.333E-01  Max Diff. No.: 0.000E+00  Norm: 5.6739E-03  Conservation loss: 7.8462E-15
Iteration:      78  Time: 3.900E+00  Max CFL: 5.333E-01  Max Diff. No.: 0.000E+00  Norm: 5.6739E-03  Conservation loss: 8.9833E-15
Iteration:      79  Time: 3.950E+00  Max CFL: 5.333E-01  Max Diff. No.: 0.000E+00  Norm: 5.6739E-03  Conservation loss: 1.2167E-14
Iteration:      80  Time: 4.000E+00  Max CFL: 5.333E-01  Max Diff. No.: 0.000E+00  Norm: 5.6739E-03  Conservation loss: 8.0736E-15
Iteration:      81  Time: 4.050E+00  Max CFL: 5.333E-01  Max Diff. No.: 0.000E+00  Norm: 5.6739E-03  Conservation loss: 1.4783E-15
Iteration:      82  Time: 4.100E+00  Max CFL: 5.333E-01  Max Diff. No.: 0.000E+00  Norm: 5.6739E-03  Conservation loss: 1.2736E-14
Iteration:      83  Time: 4.150E+00  Max CFL: 5.333E-01  Max Diff. No.: 0.000E+00  Norm: 5.6739E-03  Conservation loss: 3.0702E-15
Iteration:      84  Time: 4.200E+00  Max CFL: 5.333E-01  Max Diff. No.: 0.000E+00  Norm: 5.6739E-03  Conservation loss: 1.1371E-16
Writing solution file op_00007.bin.
Iteration:      85  Time: 4.250E+00  Max CFL: 5.333E-01  Max Diff. No.: 0.000E+00  Norm: 5.6739E-03  Conservation loss: 9.5518E-15
Iteration:      86  Time: 4.300E+00  Max CFL: 5.333E-01  Max Diff. No.: 0.000E+00  Norm: 5.6739E-03  Conservation loss: 8.3010E-15
Iteration:      87  Time: 4.350E+00  Max CFL: 5.333E-01  Max Diff. No.: 0.000E+00  Norm: 5.6739E-03  Conservation loss: 1.6488E-14
Iteration:      88  Time: 4.400E+00  Max CFL: 5.333E-01  Max Diff. No.: 0.000E+00  Norm: 5.6739E-03  Conservation loss: 1.3759E-14
Iteration:      89  Time: 4.450E+00  Max CFL: 5.333E-01  Max Diff. No.: 0.000E+00  Norm: 5.6739E-03  Conservation loss: 5.4582E-15
Iteration:      90  Time: 4.500E+00  Max CFL: 5.333E-01  Max Diff. No.: 0.000E+00  Norm: 5.6739E-03  Conservation loss: 9.5518E-15
Iteration:      91  Time: 4.550E+00  Max CFL: 5.333E-01  Max Diff. No.: 0.000E+00  Norm: 5.6739E-03  Conservation loss: 1.1030E-14
Iteration:      92  Time: 4.600E+00  Max CFL: 5.333E-01  Max Diff. No.: 0.000E+00  Norm: 5.6739E-03  Conservation loss: 7.3913E-15
Iteration:      93  Time: 4.650E+00  Max CFL: 5.333E-01  Max Diff. No.: 0.000E+00  Norm: 5.6739E-03  Conservation loss: 8.6421E-15
Iteration:      94  Time: 4.700E+00  Max CFL: 5.333E-01  Max Diff. No.: 0.000E+00  Norm: 5.6739E-03  Conservation loss: 5.7993E-15
Iteration:      95  Time: 4.750E+00  Max CFL: 5.333E-01  Max Diff. No.: 0.000E+00  Norm: 5.6739E-03  Conservation loss: 1.0916E-14
Iteration:      96  Time: 4.800E+00  Max CFL: 5.333E-01  Max Diff. No.: 0.000E+00  Norm: 5.6739E-03  Conservation loss: 5.7993E-15
Writing solution file op_00008.bin.
Iteration:      97  Time: 4.850E+00  Max CFL: 5.333E-01  Max Diff. No.: 0.000E+00  Norm: 5.6739E-03  Conservation loss: 8.4147E-15
Iteration:      98  Time: 4.900E+00  Max CFL: 5.333E-01  Max Diff. No.: 0.000E+00  Norm: 5.6739E-03  Conservation loss: 1.0007E-14
Iteration:      99  Time: 4.950E+00  Max CFL: 5.333E-01  Max Diff. No.: 0.000E+00  Norm: 5.6739E-03  Conservation loss: 6.9365E-15
Iteration:     100  Time: 5.000E+00  Max CFL: 5.333E-01  Max Diff. No.: 0.000E+00  Norm: 5.6739E-03  Conservation loss: 9.7793E-15
Iteration:     101  Time: 5.050E+00  Max CFL: 5.333E-01  Max Diff. No.: 0.000E+00  Norm: 5.6739E-03  Conservation loss: 1.2508E-15
Iteration:     102  Time: 5.100E+00  Max CFL: 5.333E-01  Max Diff. No.: 0.000E+00  Norm: 5.6739E-03  Conservation loss: 1.0120E-14
Iteration:     103  Time: 5.150E+00  Max CFL: 5.333E-01  Max Diff. No.: 0.000E+00  Norm: 5.6739E-03  Conservation loss: 7.5050E-15
Iteration:     104  Time: 5.200E+00  Max CFL: 5.333E-01  Max Diff. No.: 0.000E+00  Norm: 5.6739E-03  Conservation loss: 1.4214E-14
Iteration:     105  Time: 5.250E+00  Max CFL: 5.333E-01  Max Diff. No.: 0.000E+00  Norm: 5.6739E-03  Conservation loss: 9.0970E-15
Iteration:     106  Time: 5.300E+00  Max CFL: 5.333E-01  Max Diff. No.: 0.000E+00  Norm: 5.6739E-03  Conservation loss: 6.2542E-15
Iteration:     107  Time: 5.350E+00  Max CFL: 5.333E-01  Max Diff. No.: 0.000E+00  Norm: 5.6739E-03  Conservation loss: 2.5017E-15
Iteration:     108  Time: 5.400E+00  Max CFL: 5.333E-01  Max Diff. No.: 0.000E+00  Norm: 5.6739E-03  Conservation loss: 1.1712E-14
Writing solution file op_00009.bin.
Iteration:     109  Time: 5.450E+00  Max CFL: 5.333E-01  Max Diff. No.: 0.000E+00  Norm: 5.6739E-03  Conservation loss: 7.3913E-15
Iteration:     110  Time: 5.500E+00  Max CFL: 5.333E-01  Max Diff. No.: 0.000E+00  Norm: 5.6739E-03  Conservation loss: 1.3304E-14
Iteration:     111  Time: 5.550E+00  Max CFL: 5.333E-01  Max Diff. No.: 0.000E+00  Norm: 5.6739E-03  Conservation loss: 4.0936E-15
Iteration:     112  Time: 5.600E+00  Max CFL: 5.333E-01  Max Diff. No.: 0.000E+00  Norm: 5.6739E-03  Conservation loss: 7.3913E-15
Iteration:     113  Time: 5.650E+00  Max CFL: 5.333E-01  Max Diff. No.: 0.000E+00  Norm: 5.6739E-03  Conservation loss: 8.0736E-15
Iteration:     114  Time: 5.700E+00  Max CFL: 5.333E-01  Max Diff. No.: 0.000E+00  Norm: 5.6739E-03  Conservation loss: 7.3913E-15
Iteration:     115  Time: 5.750E+00  Max CFL: 5.333E-01  Max Diff. No.: 0.000E+00  Norm: 5.6739E-03  Conservation loss: 1.1371E-14
Iteration:     116  Time: 5.800E+00  Max CFL: 5.333E-01  Max Diff. No.: 0.000E+00  Norm: 5.6739E-03  Conservation loss: 1.1485E-14
Iteration:     117  Time: 5.850E+00  Max CFL: 5.333E-01  Max Diff. No.: 0.000E+00  Norm: 5.6739E-03  Conservation loss: 6.2542E-15
Iteration:     118  Time: 5.900E+00  Max CFL: 5.333E-01  Max Diff. No.: 0.000E+00  Norm: 5.6739E-03  Conservation loss: 6.0268E-15
Iteration:     119  Time: 5.950E+00  Max CFL: 5.333E-01  Max Diff. No.: 0.000E+00  Norm: 5.6739E-03  Conservation loss: 9.6656E-15
Iteration:     120  Time: 6.000E+00  Max CFL: 5.333E-01  Max Diff. No.: 0.000E+00  Norm: 5.6739E-03  Conservation loss: 1.3759E-14
Writing solution file op_00010.bin.
Completed time integration (Final time: 6.000000).
Reading array from binary file exact.inp (Serial mode).
Computed errors:
  L1         Error           : 2.3460943902342516E-04
  L2         Error           : 5.6787212580938686E-04
  Linfinity  Error           : 2.0528853470973586E-03
Conservation Errors:
	1.3759209333992338E-14
Solver runtime (in seconds): 4.0575755000000001E+01
Total  runtime (in seconds): 4.0617378000000002E+01
Deallocating arrays.
Finished.
