HyPar - Parallel (MPI) version with 64 processes
Compiled with PETSc time integration.
Reading solver inputs from file "solver.inp".
	No. of dimensions                          : 3
	No. of variables                           : 5
	Domain size                                : 101 101 101 
	Processes along each dimension             : 4 4 4 
	No. of ghosts pts                          : 3
	No. of iter.                               : 200
	Restart iteration                          : 0
	Time integration scheme                    : PETSc 
	Spatial discretization scheme (hyperbolic) : weno5
	Split hyperbolic flux term?                : yes
	Interpolation type for hyperbolic term     : components
	Spatial discretization type   (parabolic ) : nonconservative-1stage
	Spatial discretization scheme (parabolic ) : 2
	Time Step                                  : 2.000000E+00
	Check for conservation                     : no
	Screen output iterations                   : 2
	File output iterations                     : 20
	Initial solution file type                 : binary
	Initial solution read mode                 : serial
	Solution file write mode                   : serial
	Solution file format                       : binary
	Overwrite solution file                    : no
	Physical model                             : navierstokes3d
Partitioning domain.
Allocating data arrays.
Reading array from binary file initial.inp (Serial mode).
Volume integral of the initial solution:
 0:  1.1485098672765636E+09
 1:  0.0000000000000000E+00
 2:  0.0000000000000000E+00
 3:  0.0000000000000000E+00
 4:  2.4331366485782819E+14
Reading boundary conditions from "boundary.inp".
  Boundary                      slip-wall:  Along dimension  0 and face +1
  Boundary                      slip-wall:  Along dimension  0 and face -1
  Boundary                      slip-wall:  Along dimension  1 and face +1
  Boundary                      slip-wall:  Along dimension  1 and face -1
  Boundary                      slip-wall:  Along dimension  2 and face +1
  Boundary                      slip-wall:  Along dimension  2 and face -1
6 boundary condition(s) read.
Initializing solvers.
Reading WENO parameters from weno.inp.
Initializing physics. Model = "navierstokes3d"
Reading physical model inputs from file "physics.inp".
Setting up PETSc time integration... 
Implicit-Explicit time-integration:-
Hyperbolic (f-df) term: Explicit
Hyperbolic (df)   term: Implicit
Parabolic         term: Implicit
Source            term: Implicit
SolvePETSc(): Problem type is linear.
** Starting PETSc time integration **
Writing solution file op_00000.bin.
Iteration:      2  Time: 4.000E+00  Max CFL: 6.945E+01  Max Diff. No.: -1.000E+00  
Iteration:      4  Time: 8.000E+00  Max CFL: 6.945E+01  Max Diff. No.: -1.000E+00  
Iteration:      6  Time: 1.200E+01  Max CFL: 6.945E+01  Max Diff. No.: -1.000E+00  
Iteration:      8  Time: 1.600E+01  Max CFL: 6.945E+01  Max Diff. No.: -1.000E+00  
Iteration:     10  Time: 2.000E+01  Max CFL: 6.946E+01  Max Diff. No.: -1.000E+00  
Iteration:     12  Time: 2.400E+01  Max CFL: 6.946E+01  Max Diff. No.: -1.000E+00  
Iteration:     14  Time: 2.800E+01  Max CFL: 6.946E+01  Max Diff. No.: -1.000E+00  
Iteration:     16  Time: 3.200E+01  Max CFL: 6.946E+01  Max Diff. No.: -1.000E+00  
Iteration:     18  Time: 3.600E+01  Max CFL: 6.947E+01  Max Diff. No.: -1.000E+00  
Iteration:     20  Time: 4.000E+01  Max CFL: 6.947E+01  Max Diff. No.: -1.000E+00  
Writing solution file op_00001.bin.
Iteration:     22  Time: 4.400E+01  Max CFL: 6.947E+01  Max Diff. No.: -1.000E+00  
Iteration:     24  Time: 4.800E+01  Max CFL: 6.948E+01  Max Diff. No.: -1.000E+00  
Iteration:     26  Time: 5.200E+01  Max CFL: 6.949E+01  Max Diff. No.: -1.000E+00  
Iteration:     28  Time: 5.600E+01  Max CFL: 6.950E+01  Max Diff. No.: -1.000E+00  
Iteration:     30  Time: 6.000E+01  Max CFL: 6.952E+01  Max Diff. No.: -1.000E+00  
Iteration:     32  Time: 6.400E+01  Max CFL: 6.953E+01  Max Diff. No.: -1.000E+00  
Iteration:     34  Time: 6.800E+01  Max CFL: 6.954E+01  Max Diff. No.: -1.000E+00  
Iteration:     36  Time: 7.200E+01  Max CFL: 6.955E+01  Max Diff. No.: -1.000E+00  
Iteration:     38  Time: 7.600E+01  Max CFL: 6.956E+01  Max Diff. No.: -1.000E+00  
Iteration:     40  Time: 8.000E+01  Max CFL: 6.957E+01  Max Diff. No.: -1.000E+00  
Writing solution file op_00002.bin.
Iteration:     42  Time: 8.400E+01  Max CFL: 6.958E+01  Max Diff. No.: -1.000E+00  
Iteration:     44  Time: 8.800E+01  Max CFL: 6.959E+01  Max Diff. No.: -1.000E+00  
Iteration:     46  Time: 9.200E+01  Max CFL: 6.960E+01  Max Diff. No.: -1.000E+00  
Iteration:     48  Time: 9.600E+01  Max CFL: 6.960E+01  Max Diff. No.: -1.000E+00  
Iteration:     50  Time: 1.000E+02  Max CFL: 6.961E+01  Max Diff. No.: -1.000E+00  
Iteration:     52  Time: 1.040E+02  Max CFL: 6.962E+01  Max Diff. No.: -1.000E+00  
Iteration:     54  Time: 1.080E+02  Max CFL: 6.963E+01  Max Diff. No.: -1.000E+00  
Iteration:     56  Time: 1.120E+02  Max CFL: 6.963E+01  Max Diff. No.: -1.000E+00  
Iteration:     58  Time: 1.160E+02  Max CFL: 6.964E+01  Max Diff. No.: -1.000E+00  
Iteration:     60  Time: 1.200E+02  Max CFL: 6.965E+01  Max Diff. No.: -1.000E+00  
Writing solution file op_00003.bin.
Iteration:     62  Time: 1.240E+02  Max CFL: 6.965E+01  Max Diff. No.: -1.000E+00  
Iteration:     64  Time: 1.280E+02  Max CFL: 6.966E+01  Max Diff. No.: -1.000E+00  
Iteration:     66  Time: 1.320E+02  Max CFL: 6.966E+01  Max Diff. No.: -1.000E+00  
Iteration:     68  Time: 1.360E+02  Max CFL: 6.966E+01  Max Diff. No.: -1.000E+00  
Iteration:     70  Time: 1.400E+02  Max CFL: 6.967E+01  Max Diff. No.: -1.000E+00  
Iteration:     72  Time: 1.440E+02  Max CFL: 6.967E+01  Max Diff. No.: -1.000E+00  
Iteration:     74  Time: 1.480E+02  Max CFL: 6.967E+01  Max Diff. No.: -1.000E+00  
Iteration:     76  Time: 1.520E+02  Max CFL: 6.967E+01  Max Diff. No.: -1.000E+00  
Iteration:     78  Time: 1.560E+02  Max CFL: 6.968E+01  Max Diff. No.: -1.000E+00  
Iteration:     80  Time: 1.600E+02  Max CFL: 6.968E+01  Max Diff. No.: -1.000E+00  
Writing solution file op_00004.bin.
Iteration:     82  Time: 1.640E+02  Max CFL: 6.968E+01  Max Diff. No.: -1.000E+00  
Iteration:     84  Time: 1.680E+02  Max CFL: 6.968E+01  Max Diff. No.: -1.000E+00  
Iteration:     86  Time: 1.720E+02  Max CFL: 6.968E+01  Max Diff. No.: -1.000E+00  
Iteration:     88  Time: 1.760E+02  Max CFL: 6.968E+01  Max Diff. No.: -1.000E+00  
Iteration:     90  Time: 1.800E+02  Max CFL: 6.968E+01  Max Diff. No.: -1.000E+00  
Iteration:     92  Time: 1.840E+02  Max CFL: 6.968E+01  Max Diff. No.: -1.000E+00  
Iteration:     94  Time: 1.880E+02  Max CFL: 6.967E+01  Max Diff. No.: -1.000E+00  
Iteration:     96  Time: 1.920E+02  Max CFL: 6.967E+01  Max Diff. No.: -1.000E+00  
Iteration:     98  Time: 1.960E+02  Max CFL: 6.967E+01  Max Diff. No.: -1.000E+00  
Iteration:    100  Time: 2.000E+02  Max CFL: 6.967E+01  Max Diff. No.: -1.000E+00  
Writing solution file op_00005.bin.
Iteration:    102  Time: 2.040E+02  Max CFL: 6.967E+01  Max Diff. No.: -1.000E+00  
Iteration:    104  Time: 2.080E+02  Max CFL: 6.967E+01  Max Diff. No.: -1.000E+00  
Iteration:    106  Time: 2.120E+02  Max CFL: 6.966E+01  Max Diff. No.: -1.000E+00  
Iteration:    108  Time: 2.160E+02  Max CFL: 6.966E+01  Max Diff. No.: -1.000E+00  
Iteration:    110  Time: 2.200E+02  Max CFL: 6.966E+01  Max Diff. No.: -1.000E+00  
Iteration:    112  Time: 2.240E+02  Max CFL: 6.966E+01  Max Diff. No.: -1.000E+00  
Iteration:    114  Time: 2.280E+02  Max CFL: 6.965E+01  Max Diff. No.: -1.000E+00  
Iteration:    116  Time: 2.320E+02  Max CFL: 6.965E+01  Max Diff. No.: -1.000E+00  
Iteration:    118  Time: 2.360E+02  Max CFL: 6.965E+01  Max Diff. No.: -1.000E+00  
Iteration:    120  Time: 2.400E+02  Max CFL: 6.965E+01  Max Diff. No.: -1.000E+00  
Writing solution file op_00006.bin.
Iteration:    122  Time: 2.440E+02  Max CFL: 6.964E+01  Max Diff. No.: -1.000E+00  
Iteration:    124  Time: 2.480E+02  Max CFL: 6.964E+01  Max Diff. No.: -1.000E+00  
Iteration:    126  Time: 2.520E+02  Max CFL: 6.964E+01  Max Diff. No.: -1.000E+00  
Iteration:    128  Time: 2.560E+02  Max CFL: 6.964E+01  Max Diff. No.: -1.000E+00  
Iteration:    130  Time: 2.600E+02  Max CFL: 6.963E+01  Max Diff. No.: -1.000E+00  
Iteration:    132  Time: 2.640E+02  Max CFL: 6.963E+01  Max Diff. No.: -1.000E+00  
Iteration:    134  Time: 2.680E+02  Max CFL: 6.963E+01  Max Diff. No.: -1.000E+00  
Iteration:    136  Time: 2.720E+02  Max CFL: 6.963E+01  Max Diff. No.: -1.000E+00  
Iteration:    138  Time: 2.760E+02  Max CFL: 6.963E+01  Max Diff. No.: -1.000E+00  
Iteration:    140  Time: 2.800E+02  Max CFL: 6.962E+01  Max Diff. No.: -1.000E+00  
Writing solution file op_00007.bin.
Iteration:    142  Time: 2.840E+02  Max CFL: 6.962E+01  Max Diff. No.: -1.000E+00  
Iteration:    144  Time: 2.880E+02  Max CFL: 6.962E+01  Max Diff. No.: -1.000E+00  
Iteration:    146  Time: 2.920E+02  Max CFL: 6.962E+01  Max Diff. No.: -1.000E+00  
Iteration:    148  Time: 2.960E+02  Max CFL: 6.962E+01  Max Diff. No.: -1.000E+00  
Iteration:    150  Time: 3.000E+02  Max CFL: 6.962E+01  Max Diff. No.: -1.000E+00  
Iteration:    152  Time: 3.040E+02  Max CFL: 6.962E+01  Max Diff. No.: -1.000E+00  
Iteration:    154  Time: 3.080E+02  Max CFL: 6.962E+01  Max Diff. No.: -1.000E+00  
Iteration:    156  Time: 3.120E+02  Max CFL: 6.962E+01  Max Diff. No.: -1.000E+00  
Iteration:    158  Time: 3.160E+02  Max CFL: 6.961E+01  Max Diff. No.: -1.000E+00  
Iteration:    160  Time: 3.200E+02  Max CFL: 6.961E+01  Max Diff. No.: -1.000E+00  
Writing solution file op_00008.bin.
Iteration:    162  Time: 3.240E+02  Max CFL: 6.961E+01  Max Diff. No.: -1.000E+00  
Iteration:    164  Time: 3.280E+02  Max CFL: 6.961E+01  Max Diff. No.: -1.000E+00  
Iteration:    166  Time: 3.320E+02  Max CFL: 6.961E+01  Max Diff. No.: -1.000E+00  
Iteration:    168  Time: 3.360E+02  Max CFL: 6.961E+01  Max Diff. No.: -1.000E+00  
Iteration:    170  Time: 3.400E+02  Max CFL: 6.961E+01  Max Diff. No.: -1.000E+00  
Iteration:    172  Time: 3.440E+02  Max CFL: 6.961E+01  Max Diff. No.: -1.000E+00  
Iteration:    174  Time: 3.480E+02  Max CFL: 6.962E+01  Max Diff. No.: -1.000E+00  
Iteration:    176  Time: 3.520E+02  Max CFL: 6.962E+01  Max Diff. No.: -1.000E+00  
Iteration:    178  Time: 3.560E+02  Max CFL: 6.962E+01  Max Diff. No.: -1.000E+00  
Iteration:    180  Time: 3.600E+02  Max CFL: 6.961E+01  Max Diff. No.: -1.000E+00  
Writing solution file op_00009.bin.
Iteration:    182  Time: 3.640E+02  Max CFL: 6.961E+01  Max Diff. No.: -1.000E+00  
Iteration:    184  Time: 3.680E+02  Max CFL: 6.960E+01  Max Diff. No.: -1.000E+00  
Iteration:    186  Time: 3.720E+02  Max CFL: 6.960E+01  Max Diff. No.: -1.000E+00  
Iteration:    188  Time: 3.760E+02  Max CFL: 6.959E+01  Max Diff. No.: -1.000E+00  
Iteration:    190  Time: 3.800E+02  Max CFL: 6.958E+01  Max Diff. No.: -1.000E+00  
Iteration:    192  Time: 3.840E+02  Max CFL: 6.957E+01  Max Diff. No.: -1.000E+00  
Iteration:    194  Time: 3.880E+02  Max CFL: 6.955E+01  Max Diff. No.: -1.000E+00  
Iteration:    196  Time: 3.920E+02  Max CFL: 6.954E+01  Max Diff. No.: -1.000E+00  
Iteration:    198  Time: 3.960E+02  Max CFL: 6.952E+01  Max Diff. No.: -1.000E+00  
Iteration:    200  Time: 4.000E+02  Max CFL: 6.951E+01  Max Diff. No.: -1.000E+00  
Writing solution file op_00010.bin.
** Completed PETSc time integration **
Computed errors:
  L1         Error           : 0.0000000000000000E+00
  L2         Error           : 0.0000000000000000E+00
  Linfinity  Error           : 0.0000000000000000E+00
Conservation Errors:
	0.0000000000000000E+00
	0.0000000000000000E+00
	0.0000000000000000E+00
	0.0000000000000000E+00
	0.0000000000000000E+00
Solver runtime (in seconds): 3.9632955870000001E+03
Total  runtime (in seconds): 3.9634643080000001E+03
Deallocating arrays.
Finished.
