MHYSA - Parallel (MPI) version with 16 processes
Compiled with PETSc time integration.
Reading solver inputs from file "solver.inp".
	No. of dimensions                          : 3
	No. of variables                           : 5
	Domain size                                : 256 256 3 
	Processes along each dimension             : 4 4 1 
	No. of ghosts pts                          : 3
	No. of iter.                               : 400
	Restart iteration                          : 0
	Time integration scheme                    : rk (44)
	Spatial discretization scheme (hyperbolic) : weno5
	Split hyperbolic flux term?                : no
	Interpolation type for hyperbolic term     : components
	Spatial discretization type   (parabolic ) : nonconservative-1stage
	Spatial discretization scheme (parabolic ) : 2
	Time Step                                  : 5.000000E-03
	Check for conservation                     : no
	Screen output iterations                   : 1
	File output iterations                     : 5
	Initial solution file type                 : binary
	Initial solution read mode                 : serial
	Solution file write mode                   : serial
	Solution file format                       : binary
	Overwrite solution file                    : no
	Physical model                             : navierstokes3d
	Immersed Body                              : cylinder.stl
Partitioning domain.
Allocating data arrays.
Reading array from binary file initial.inp (Serial mode).
Volume integral of the initial solution:
 0:  1.3577505742780760E+01
 1:  6.1066251110367062E+00
 2:  0.0000000000000000E+00
 3:  0.0000000000000000E+00
 4:  5.1720680582882707E+01
Initializing solvers.
Reading WENO parameters from weno.inp.
Initializing physics. Model = "navierstokes3d"
Reading physical model inputs from file "physics.inp".
Reading boundary conditions from "boundary.inp".
  Boundary                subsonic-inflow:  Along dimension  0 and face +1
  Boundary              supersonic-inflow:  Along dimension  0 and face -1
  Boundary                      slip-wall:  Along dimension  1 and face +1
  Boundary                      slip-wall:  Along dimension  1 and face -1
  Boundary                       periodic:  Along dimension  2 and face +1
  Boundary                       periodic:  Along dimension  2 and face -1
6 boundary condition(s) read.
Immersed body read from cylinder.stl:
    Number of facets: 628
    Bounding box: [-1.0,1.0] X [-1.0,1.0] X [-5.0,5.0]
    Number of grid points inside immersed body: 6408 ( 3.3%).
    Number of immersed boundary points        : 1242 ( 0.6%).
    Immersed body simulation mode             : 2d (xy).
Writing solution file iblank_00000.bin.
Setting up time integration.
Solving in time (from 0 to 400 iterations)
Writing immersed body surface data file surface00000.dat.
Writing solution file op_00000.bin.
Iteration:       1  Time: 5.000E-03  Max CFL: 5.822E-01  Max Diff. No.: -1.000E+00  Norm: 1.0240E+00  
Iteration:       2  Time: 1.000E-02  Max CFL: 5.862E-01  Max Diff. No.: -1.000E+00  Norm: 8.2648E-01  
Iteration:       3  Time: 1.500E-02  Max CFL: 5.850E-01  Max Diff. No.: -1.000E+00  Norm: 7.4463E-01  
Iteration:       4  Time: 2.000E-02  Max CFL: 5.842E-01  Max Diff. No.: -1.000E+00  Norm: 7.3702E-01  
Iteration:       5  Time: 2.500E-02  Max CFL: 5.858E-01  Max Diff. No.: -1.000E+00  Norm: 6.9682E-01  
Writing immersed body surface data file surface00001.dat.
Writing solution file op_00001.bin.
Iteration:       6  Time: 3.000E-02  Max CFL: 5.861E-01  Max Diff. No.: -1.000E+00  Norm: 7.3314E-01  
Iteration:       7  Time: 3.500E-02  Max CFL: 5.862E-01  Max Diff. No.: -1.000E+00  Norm: 6.7646E-01  
Iteration:       8  Time: 4.000E-02  Max CFL: 5.882E-01  Max Diff. No.: -1.000E+00  Norm: 7.3468E-01  
Iteration:       9  Time: 4.500E-02  Max CFL: 5.875E-01  Max Diff. No.: -1.000E+00  Norm: 6.7652E-01  
Iteration:      10  Time: 5.000E-02  Max CFL: 5.886E-01  Max Diff. No.: -1.000E+00  Norm: 7.2250E-01  
Writing immersed body surface data file surface00002.dat.
Writing solution file op_00002.bin.
Iteration:      11  Time: 5.500E-02  Max CFL: 5.885E-01  Max Diff. No.: -1.000E+00  Norm: 6.8052E-01  
Iteration:      12  Time: 6.000E-02  Max CFL: 5.884E-01  Max Diff. No.: -1.000E+00  Norm: 7.2117E-01  
Iteration:      13  Time: 6.500E-02  Max CFL: 5.881E-01  Max Diff. No.: -1.000E+00  Norm: 6.9252E-01  
Iteration:      14  Time: 7.000E-02  Max CFL: 5.882E-01  Max Diff. No.: -1.000E+00  Norm: 7.0221E-01  
Iteration:      15  Time: 7.500E-02  Max CFL: 5.880E-01  Max Diff. No.: -1.000E+00  Norm: 7.1258E-01  
Writing immersed body surface data file surface00003.dat.
Writing solution file op_00003.bin.
Iteration:      16  Time: 8.000E-02  Max CFL: 5.879E-01  Max Diff. No.: -1.000E+00  Norm: 6.8407E-01  
Iteration:      17  Time: 8.500E-02  Max CFL: 5.877E-01  Max Diff. No.: -1.000E+00  Norm: 7.1896E-01  
Iteration:      18  Time: 9.000E-02  Max CFL: 5.874E-01  Max Diff. No.: -1.000E+00  Norm: 6.7238E-01  
Iteration:      19  Time: 9.500E-02  Max CFL: 5.872E-01  Max Diff. No.: -1.000E+00  Norm: 7.3014E-01  
Iteration:      20  Time: 1.000E-01  Max CFL: 5.870E-01  Max Diff. No.: -1.000E+00  Norm: 6.7262E-01  
Writing immersed body surface data file surface00004.dat.
Writing solution file op_00004.bin.
Iteration:      21  Time: 1.050E-01  Max CFL: 5.869E-01  Max Diff. No.: -1.000E+00  Norm: 7.1461E-01  
Iteration:      22  Time: 1.100E-01  Max CFL: 5.868E-01  Max Diff. No.: -1.000E+00  Norm: 6.7933E-01  
Iteration:      23  Time: 1.150E-01  Max CFL: 5.868E-01  Max Diff. No.: -1.000E+00  Norm: 7.1549E-01  
Iteration:      24  Time: 1.200E-01  Max CFL: 5.868E-01  Max Diff. No.: -1.000E+00  Norm: 6.8632E-01  
Iteration:      25  Time: 1.250E-01  Max CFL: 5.868E-01  Max Diff. No.: -1.000E+00  Norm: 6.9255E-01  
Writing immersed body surface data file surface00005.dat.
Writing solution file op_00005.bin.
Iteration:      26  Time: 1.300E-01  Max CFL: 5.868E-01  Max Diff. No.: -1.000E+00  Norm: 7.0971E-01  
Iteration:      27  Time: 1.350E-01  Max CFL: 5.867E-01  Max Diff. No.: -1.000E+00  Norm: 6.7868E-01  
Iteration:      28  Time: 1.400E-01  Max CFL: 5.868E-01  Max Diff. No.: -1.000E+00  Norm: 7.1462E-01  
Iteration:      29  Time: 1.450E-01  Max CFL: 5.869E-01  Max Diff. No.: -1.000E+00  Norm: 6.6626E-01  
Iteration:      30  Time: 1.500E-01  Max CFL: 5.869E-01  Max Diff. No.: -1.000E+00  Norm: 7.2640E-01  
Writing immersed body surface data file surface00006.dat.
Writing solution file op_00006.bin.
Iteration:      31  Time: 1.550E-01  Max CFL: 5.869E-01  Max Diff. No.: -1.000E+00  Norm: 6.6827E-01  
Iteration:      32  Time: 1.600E-01  Max CFL: 5.869E-01  Max Diff. No.: -1.000E+00  Norm: 7.1796E-01  
Iteration:      33  Time: 1.650E-01  Max CFL: 5.869E-01  Max Diff. No.: -1.000E+00  Norm: 6.7926E-01  
Iteration:      34  Time: 1.700E-01  Max CFL: 5.872E-01  Max Diff. No.: -1.000E+00  Norm: 7.1783E-01  
Iteration:      35  Time: 1.750E-01  Max CFL: 5.868E-01  Max Diff. No.: -1.000E+00  Norm: 6.8918E-01  
Writing immersed body surface data file surface00007.dat.
Writing solution file op_00007.bin.
Iteration:      36  Time: 1.800E-01  Max CFL: 5.870E-01  Max Diff. No.: -1.000E+00  Norm: 6.9742E-01  
Iteration:      37  Time: 1.850E-01  Max CFL: 5.869E-01  Max Diff. No.: -1.000E+00  Norm: 7.1258E-01  
Iteration:      38  Time: 1.900E-01  Max CFL: 5.869E-01  Max Diff. No.: -1.000E+00  Norm: 6.8310E-01  
Iteration:      39  Time: 1.950E-01  Max CFL: 5.871E-01  Max Diff. No.: -1.000E+00  Norm: 7.2166E-01  
Iteration:      40  Time: 2.000E-01  Max CFL: 5.872E-01  Max Diff. No.: -1.000E+00  Norm: 6.7074E-01  
Writing immersed body surface data file surface00008.dat.
Writing solution file op_00008.bin.
Iteration:      41  Time: 2.050E-01  Max CFL: 5.870E-01  Max Diff. No.: -1.000E+00  Norm: 7.3094E-01  
Iteration:      42  Time: 2.100E-01  Max CFL: 5.868E-01  Max Diff. No.: -1.000E+00  Norm: 6.7560E-01  
Iteration:      43  Time: 2.150E-01  Max CFL: 5.868E-01  Max Diff. No.: -1.000E+00  Norm: 7.2287E-01  
Iteration:      44  Time: 2.200E-01  Max CFL: 5.867E-01  Max Diff. No.: -1.000E+00  Norm: 6.8663E-01  
Iteration:      45  Time: 2.250E-01  Max CFL: 5.867E-01  Max Diff. No.: -1.000E+00  Norm: 7.1936E-01  
Writing immersed body surface data file surface00009.dat.
Writing solution file op_00009.bin.
Iteration:      46  Time: 2.300E-01  Max CFL: 5.866E-01  Max Diff. No.: -1.000E+00  Norm: 6.9175E-01  
Iteration:      47  Time: 2.350E-01  Max CFL: 5.866E-01  Max Diff. No.: -1.000E+00  Norm: 6.9501E-01  
Iteration:      48  Time: 2.400E-01  Max CFL: 5.866E-01  Max Diff. No.: -1.000E+00  Norm: 7.1519E-01  
Iteration:      49  Time: 2.450E-01  Max CFL: 5.867E-01  Max Diff. No.: -1.000E+00  Norm: 6.8399E-01  
Iteration:      50  Time: 2.500E-01  Max CFL: 5.867E-01  Max Diff. No.: -1.000E+00  Norm: 7.2476E-01  
Writing immersed body surface data file surface00010.dat.
Writing solution file op_00010.bin.
Iteration:      51  Time: 2.550E-01  Max CFL: 5.867E-01  Max Diff. No.: -1.000E+00  Norm: 6.7247E-01  
Iteration:      52  Time: 2.600E-01  Max CFL: 5.867E-01  Max Diff. No.: -1.000E+00  Norm: 7.3114E-01  
Iteration:      53  Time: 2.650E-01  Max CFL: 5.867E-01  Max Diff. No.: -1.000E+00  Norm: 6.7658E-01  
Iteration:      54  Time: 2.700E-01  Max CFL: 6.429E-01  Max Diff. No.: -1.000E+00  Norm: 7.2436E-01  
Iteration:      55  Time: 2.750E-01  Max CFL: 8.303E-01  Max Diff. No.: -1.000E+00  Norm: 6.8916E-01  
Writing immersed body surface data file surface00011.dat.
Writing solution file op_00011.bin.
Iteration:      56  Time: 2.800E-01  Max CFL: 9.367E-01  Max Diff. No.: -1.000E+00  Norm: 7.1959E-01  
Iteration:      57  Time: 2.850E-01  Max CFL: 9.865E-01  Max Diff. No.: -1.000E+00  Norm: 7.0618E-01  
Iteration:      58  Time: 2.900E-01  Max CFL: 9.902E-01  Max Diff. No.: -1.000E+00  Norm: 6.9337E-01  
Iteration:      59  Time: 2.950E-01  Max CFL: 9.668E-01  Max Diff. No.: -1.000E+00  Norm: 7.0988E-01  
Iteration:      60  Time: 3.000E-01  Max CFL: 9.929E-01  Max Diff. No.: -1.000E+00  Norm: 6.7414E-01  
Writing immersed body surface data file surface00012.dat.
Writing solution file op_00012.bin.
Iteration:      61  Time: 3.050E-01  Max CFL: 9.790E-01  Max Diff. No.: -1.000E+00  Norm: 7.1098E-01  
Iteration:      62  Time: 3.100E-01  Max CFL: 9.481E-01  Max Diff. No.: -1.000E+00  Norm: 6.5711E-01  
Iteration:      63  Time: 3.150E-01  Max CFL: 9.200E-01  Max Diff. No.: -1.000E+00  Norm: 7.0312E-01  
Iteration:      64  Time: 3.200E-01  Max CFL: 9.126E-01  Max Diff. No.: -1.000E+00  Norm: 6.5494E-01  
Iteration:      65  Time: 3.250E-01  Max CFL: 8.919E-01  Max Diff. No.: -1.000E+00  Norm: 6.9761E-01  
Writing immersed body surface data file surface00013.dat.
Writing solution file op_00013.bin.
Iteration:      66  Time: 3.300E-01  Max CFL: 8.695E-01  Max Diff. No.: -1.000E+00  Norm: 6.6229E-01  
Iteration:      67  Time: 3.350E-01  Max CFL: 8.454E-01  Max Diff. No.: -1.000E+00  Norm: 6.7774E-01  
Iteration:      68  Time: 3.400E-01  Max CFL: 8.214E-01  Max Diff. No.: -1.000E+00  Norm: 6.7554E-01  
Iteration:      69  Time: 3.450E-01  Max CFL: 8.076E-01  Max Diff. No.: -1.000E+00  Norm: 6.5661E-01  
Iteration:      70  Time: 3.500E-01  Max CFL: 8.038E-01  Max Diff. No.: -1.000E+00  Norm: 6.8535E-01  
Writing immersed body surface data file surface00014.dat.
Writing solution file op_00014.bin.
Iteration:      71  Time: 3.550E-01  Max CFL: 7.977E-01  Max Diff. No.: -1.000E+00  Norm: 6.4636E-01  
Iteration:      72  Time: 3.600E-01  Max CFL: 8.354E-01  Max Diff. No.: -1.000E+00  Norm: 6.9465E-01  
Iteration:      73  Time: 3.650E-01  Max CFL: 8.359E-01  Max Diff. No.: -1.000E+00  Norm: 6.4282E-01  
Iteration:      74  Time: 3.700E-01  Max CFL: 8.563E-01  Max Diff. No.: -1.000E+00  Norm: 6.8326E-01  
Iteration:      75  Time: 3.750E-01  Max CFL: 8.658E-01  Max Diff. No.: -1.000E+00  Norm: 6.4862E-01  
Writing immersed body surface data file surface00015.dat.
Writing solution file op_00015.bin.
Iteration:      76  Time: 3.800E-01  Max CFL: 8.526E-01  Max Diff. No.: -1.000E+00  Norm: 6.8464E-01  
Iteration:      77  Time: 3.850E-01  Max CFL: 8.358E-01  Max Diff. No.: -1.000E+00  Norm: 6.5449E-01  
Iteration:      78  Time: 3.900E-01  Max CFL: 8.270E-01  Max Diff. No.: -1.000E+00  Norm: 6.6539E-01  
Iteration:      79  Time: 3.950E-01  Max CFL: 8.149E-01  Max Diff. No.: -1.000E+00  Norm: 6.7853E-01  
Iteration:      80  Time: 4.000E-01  Max CFL: 8.528E-01  Max Diff. No.: -1.000E+00  Norm: 6.5323E-01  
Writing immersed body surface data file surface00016.dat.
Writing solution file op_00016.bin.
Iteration:      81  Time: 4.050E-01  Max CFL: 9.039E-01  Max Diff. No.: -1.000E+00  Norm: 6.8592E-01  
Iteration:      82  Time: 4.100E-01  Max CFL: 9.214E-01  Max Diff. No.: -1.000E+00  Norm: 6.4766E-01  
Iteration:      83  Time: 4.150E-01  Max CFL: 9.292E-01  Max Diff. No.: -1.000E+00  Norm: 7.0214E-01  
Iteration:      84  Time: 4.200E-01  Max CFL: 9.302E-01  Max Diff. No.: -1.000E+00  Norm: 6.5532E-01  
Iteration:      85  Time: 4.250E-01  Max CFL: 9.274E-01  Max Diff. No.: -1.000E+00  Norm: 6.9607E-01  
Writing immersed body surface data file surface00017.dat.
Writing solution file op_00017.bin.
Iteration:      86  Time: 4.300E-01  Max CFL: 9.202E-01  Max Diff. No.: -1.000E+00  Norm: 6.6653E-01  
Iteration:      87  Time: 4.350E-01  Max CFL: 9.116E-01  Max Diff. No.: -1.000E+00  Norm: 6.9478E-01  
Iteration:      88  Time: 4.400E-01  Max CFL: 9.003E-01  Max Diff. No.: -1.000E+00  Norm: 6.7053E-01  
Iteration:      89  Time: 4.450E-01  Max CFL: 8.900E-01  Max Diff. No.: -1.000E+00  Norm: 6.7429E-01  
Iteration:      90  Time: 4.500E-01  Max CFL: 8.789E-01  Max Diff. No.: -1.000E+00  Norm: 6.9376E-01  
Writing immersed body surface data file surface00018.dat.
Writing solution file op_00018.bin.
Iteration:      91  Time: 4.550E-01  Max CFL: 8.665E-01  Max Diff. No.: -1.000E+00  Norm: 6.6821E-01  
Iteration:      92  Time: 4.600E-01  Max CFL: 8.543E-01  Max Diff. No.: -1.000E+00  Norm: 7.0489E-01  
Iteration:      93  Time: 4.650E-01  Max CFL: 8.716E-01  Max Diff. No.: -1.000E+00  Norm: 6.6132E-01  
Iteration:      94  Time: 4.700E-01  Max CFL: 9.115E-01  Max Diff. No.: -1.000E+00  Norm: 7.0812E-01  
Iteration:      95  Time: 4.750E-01  Max CFL: 9.515E-01  Max Diff. No.: -1.000E+00  Norm: 6.6778E-01  
Writing immersed body surface data file surface00019.dat.
Writing solution file op_00019.bin.
Iteration:      96  Time: 4.800E-01  Max CFL: 1.018E+00  Max Diff. No.: -1.000E+00  Norm: 7.0755E-01  
Iteration:      97  Time: 4.850E-01  Max CFL: 1.045E+00  Max Diff. No.: -1.000E+00  Norm: 6.7950E-01  
Iteration:      98  Time: 4.900E-01  Max CFL: 1.046E+00  Max Diff. No.: -1.000E+00  Norm: 7.0029E-01  
Iteration:      99  Time: 4.950E-01  Max CFL: 1.044E+00  Max Diff. No.: -1.000E+00  Norm: 6.9468E-01  
Iteration:     100  Time: 5.000E-01  Max CFL: 1.037E+00  Max Diff. No.: -1.000E+00  Norm: 6.8286E-01  
Writing immersed body surface data file surface00020.dat.
Writing solution file op_00020.bin.
Iteration:     101  Time: 5.050E-01  Max CFL: 1.025E+00  Max Diff. No.: -1.000E+00  Norm: 7.0588E-01  
Iteration:     102  Time: 5.100E-01  Max CFL: 1.014E+00  Max Diff. No.: -1.000E+00  Norm: 6.7506E-01  
Iteration:     103  Time: 5.150E-01  Max CFL: 1.002E+00  Max Diff. No.: -1.000E+00  Norm: 7.1404E-01  
Iteration:     104  Time: 5.200E-01  Max CFL: 1.029E+00  Max Diff. No.: -1.000E+00  Norm: 6.6832E-01  
Iteration:     105  Time: 5.250E-01  Max CFL: 1.057E+00  Max Diff. No.: -1.000E+00  Norm: 7.0842E-01  
Writing immersed body surface data file surface00021.dat.
Writing solution file op_00021.bin.
Iteration:     106  Time: 5.300E-01  Max CFL: 1.112E+00  Max Diff. No.: -1.000E+00  Norm: 6.7660E-01  
Iteration:     107  Time: 5.350E-01  Max CFL: 1.162E+00  Max Diff. No.: -1.000E+00  Norm: 7.1042E-01  
Iteration:     108  Time: 5.400E-01  Max CFL: 1.182E+00  Max Diff. No.: -1.000E+00  Norm: 6.8177E-01  
Iteration:     109  Time: 5.450E-01  Max CFL: 1.252E+00  Max Diff. No.: -1.000E+00  Norm: 6.9799E-01  
Iteration:     110  Time: 5.500E-01  Max CFL: 1.286E+00  Max Diff. No.: -1.000E+00  Norm: 7.0609E-01  
Writing immersed body surface data file surface00022.dat.
Writing solution file op_00022.bin.
Iteration:     111  Time: 5.550E-01  Max CFL: 1.310E+00  Max Diff. No.: -1.000E+00  Norm: 6.8474E-01  
Iteration:     112  Time: 5.600E-01  Max CFL: 1.363E+00  Max Diff. No.: -1.000E+00  Norm: 7.1121E-01  
Iteration:     113  Time: 5.650E-01  Max CFL: 1.373E+00  Max Diff. No.: -1.000E+00  Norm: 6.8001E-01  
Iteration:     114  Time: 5.700E-01  Max CFL: 1.397E+00  Max Diff. No.: -1.000E+00  Norm: 7.2387E-01  
Iteration:     115  Time: 5.750E-01  Max CFL: 1.417E+00  Max Diff. No.: -1.000E+00  Norm: 6.7731E-01  
Writing immersed body surface data file surface00023.dat.
Writing solution file op_00023.bin.
Iteration:     116  Time: 5.800E-01  Max CFL: 1.422E+00  Max Diff. No.: -1.000E+00  Norm: 7.1486E-01  
Iteration:     117  Time: 5.850E-01  Max CFL: 1.418E+00  Max Diff. No.: -1.000E+00  Norm: 6.8383E-01  
Iteration:     118  Time: 5.900E-01  Max CFL: 1.433E+00  Max Diff. No.: -1.000E+00  Norm: 7.1780E-01  
Iteration:     119  Time: 5.950E-01  Max CFL: 1.429E+00  Max Diff. No.: -1.000E+00  Norm: 6.9223E-01  
Iteration:     120  Time: 6.000E-01  Max CFL: 1.420E+00  Max Diff. No.: -1.000E+00  Norm: 7.0258E-01  
Writing immersed body surface data file surface00024.dat.
Writing solution file op_00024.bin.
Iteration:     121  Time: 6.050E-01  Max CFL: 1.399E+00  Max Diff. No.: -1.000E+00  Norm: 7.1413E-01  
Iteration:     122  Time: 6.100E-01  Max CFL: 1.382E+00  Max Diff. No.: -1.000E+00  Norm: 6.9344E-01  
Iteration:     123  Time: 6.150E-01  Max CFL: 1.368E+00  Max Diff. No.: -1.000E+00  Norm: 7.1968E-01  
Iteration:     124  Time: 6.200E-01  Max CFL: 1.350E+00  Max Diff. No.: -1.000E+00  Norm: 6.8497E-01  
Iteration:     125  Time: 6.250E-01  Max CFL: 1.332E+00  Max Diff. No.: -1.000E+00  Norm: 7.2953E-01  
Writing immersed body surface data file surface00025.dat.
Writing solution file op_00025.bin.
Iteration:     126  Time: 6.300E-01  Max CFL: 1.316E+00  Max Diff. No.: -1.000E+00  Norm: 6.8729E-01  
Iteration:     127  Time: 6.350E-01  Max CFL: 1.304E+00  Max Diff. No.: -1.000E+00  Norm: 7.2063E-01  
Iteration:     128  Time: 6.400E-01  Max CFL: 1.289E+00  Max Diff. No.: -1.000E+00  Norm: 6.9447E-01  
Iteration:     129  Time: 6.450E-01  Max CFL: 1.272E+00  Max Diff. No.: -1.000E+00  Norm: 7.2095E-01  
Iteration:     130  Time: 6.500E-01  Max CFL: 1.257E+00  Max Diff. No.: -1.000E+00  Norm: 7.0013E-01  
Writing immersed body surface data file surface00026.dat.
Writing solution file op_00026.bin.
Iteration:     131  Time: 6.550E-01  Max CFL: 1.240E+00  Max Diff. No.: -1.000E+00  Norm: 7.0441E-01  
Iteration:     132  Time: 6.600E-01  Max CFL: 1.222E+00  Max Diff. No.: -1.000E+00  Norm: 7.1897E-01  
Iteration:     133  Time: 6.650E-01  Max CFL: 1.204E+00  Max Diff. No.: -1.000E+00  Norm: 6.9724E-01  
Iteration:     134  Time: 6.700E-01  Max CFL: 1.184E+00  Max Diff. No.: -1.000E+00  Norm: 7.2412E-01  
Iteration:     135  Time: 6.750E-01  Max CFL: 1.165E+00  Max Diff. No.: -1.000E+00  Norm: 6.8955E-01  
Writing immersed body surface data file surface00027.dat.
Writing solution file op_00027.bin.
Iteration:     136  Time: 6.800E-01  Max CFL: 1.146E+00  Max Diff. No.: -1.000E+00  Norm: 7.2822E-01  
Iteration:     137  Time: 6.850E-01  Max CFL: 1.129E+00  Max Diff. No.: -1.000E+00  Norm: 6.9283E-01  
Iteration:     138  Time: 6.900E-01  Max CFL: 1.115E+00  Max Diff. No.: -1.000E+00  Norm: 7.2174E-01  
Iteration:     139  Time: 6.950E-01  Max CFL: 1.104E+00  Max Diff. No.: -1.000E+00  Norm: 6.9908E-01  
Iteration:     140  Time: 7.000E-01  Max CFL: 1.096E+00  Max Diff. No.: -1.000E+00  Norm: 7.1724E-01  
Writing immersed body surface data file surface00028.dat.
Writing solution file op_00028.bin.
Iteration:     141  Time: 7.050E-01  Max CFL: 1.090E+00  Max Diff. No.: -1.000E+00  Norm: 7.0855E-01  
Iteration:     142  Time: 7.100E-01  Max CFL: 1.086E+00  Max Diff. No.: -1.000E+00  Norm: 6.9958E-01  
Iteration:     143  Time: 7.150E-01  Max CFL: 1.081E+00  Max Diff. No.: -1.000E+00  Norm: 7.2178E-01  
Iteration:     144  Time: 7.200E-01  Max CFL: 1.075E+00  Max Diff. No.: -1.000E+00  Norm: 6.9505E-01  
Iteration:     145  Time: 7.250E-01  Max CFL: 1.068E+00  Max Diff. No.: -1.000E+00  Norm: 7.2679E-01  
Writing immersed body surface data file surface00029.dat.
Writing solution file op_00029.bin.
Iteration:     146  Time: 7.300E-01  Max CFL: 1.062E+00  Max Diff. No.: -1.000E+00  Norm: 6.8858E-01  
Iteration:     147  Time: 7.350E-01  Max CFL: 1.058E+00  Max Diff. No.: -1.000E+00  Norm: 7.2397E-01  
Iteration:     148  Time: 7.400E-01  Max CFL: 1.055E+00  Max Diff. No.: -1.000E+00  Norm: 6.9294E-01  
Iteration:     149  Time: 7.450E-01  Max CFL: 1.051E+00  Max Diff. No.: -1.000E+00  Norm: 7.2219E-01  
Iteration:     150  Time: 7.500E-01  Max CFL: 1.046E+00  Max Diff. No.: -1.000E+00  Norm: 6.9881E-01  
Writing immersed body surface data file surface00030.dat.
Writing solution file op_00030.bin.
Iteration:     151  Time: 7.550E-01  Max CFL: 1.041E+00  Max Diff. No.: -1.000E+00  Norm: 7.0935E-01  
Iteration:     152  Time: 7.600E-01  Max CFL: 1.035E+00  Max Diff. No.: -1.000E+00  Norm: 7.1483E-01  
Iteration:     153  Time: 7.650E-01  Max CFL: 1.030E+00  Max Diff. No.: -1.000E+00  Norm: 6.9745E-01  
Iteration:     154  Time: 7.700E-01  Max CFL: 1.024E+00  Max Diff. No.: -1.000E+00  Norm: 7.1995E-01  
Iteration:     155  Time: 7.750E-01  Max CFL: 1.018E+00  Max Diff. No.: -1.000E+00  Norm: 6.8849E-01  
Writing immersed body surface data file surface00031.dat.
Writing solution file op_00031.bin.
Iteration:     156  Time: 7.800E-01  Max CFL: 1.012E+00  Max Diff. No.: -1.000E+00  Norm: 7.2817E-01  
Iteration:     157  Time: 7.850E-01  Max CFL: 1.005E+00  Max Diff. No.: -1.000E+00  Norm: 6.8678E-01  
Iteration:     158  Time: 7.900E-01  Max CFL: 9.989E-01  Max Diff. No.: -1.000E+00  Norm: 7.1993E-01  
Iteration:     159  Time: 7.950E-01  Max CFL: 9.938E-01  Max Diff. No.: -1.000E+00  Norm: 6.9045E-01  
Iteration:     160  Time: 8.000E-01  Max CFL: 9.919E-01  Max Diff. No.: -1.000E+00  Norm: 7.2060E-01  
Writing immersed body surface data file surface00032.dat.
Writing solution file op_00032.bin.
Iteration:     161  Time: 8.050E-01  Max CFL: 9.912E-01  Max Diff. No.: -1.000E+00  Norm: 6.9689E-01  
Iteration:     162  Time: 8.100E-01  Max CFL: 9.902E-01  Max Diff. No.: -1.000E+00  Norm: 7.0595E-01  
Iteration:     163  Time: 8.150E-01  Max CFL: 9.890E-01  Max Diff. No.: -1.000E+00  Norm: 7.1420E-01  
Iteration:     164  Time: 8.200E-01  Max CFL: 9.877E-01  Max Diff. No.: -1.000E+00  Norm: 6.9339E-01  
Iteration:     165  Time: 8.250E-01  Max CFL: 9.879E-01  Max Diff. No.: -1.000E+00  Norm: 7.1813E-01  
Writing immersed body surface data file surface00033.dat.
Writing solution file op_00033.bin.
Iteration:     166  Time: 8.300E-01  Max CFL: 9.879E-01  Max Diff. No.: -1.000E+00  Norm: 6.8583E-01  
Iteration:     167  Time: 8.350E-01  Max CFL: 9.872E-01  Max Diff. No.: -1.000E+00  Norm: 7.2740E-01  
Iteration:     168  Time: 8.400E-01  Max CFL: 9.851E-01  Max Diff. No.: -1.000E+00  Norm: 6.8517E-01  
Iteration:     169  Time: 8.450E-01  Max CFL: 9.825E-01  Max Diff. No.: -1.000E+00  Norm: 7.1836E-01  
Iteration:     170  Time: 8.500E-01  Max CFL: 9.805E-01  Max Diff. No.: -1.000E+00  Norm: 6.8947E-01  
Writing immersed body surface data file surface00034.dat.
Writing solution file op_00034.bin.
Iteration:     171  Time: 8.550E-01  Max CFL: 9.788E-01  Max Diff. No.: -1.000E+00  Norm: 7.1735E-01  
Iteration:     172  Time: 8.600E-01  Max CFL: 9.770E-01  Max Diff. No.: -1.000E+00  Norm: 6.9602E-01  
Iteration:     173  Time: 8.650E-01  Max CFL: 9.749E-01  Max Diff. No.: -1.000E+00  Norm: 7.0236E-01  
Iteration:     174  Time: 8.700E-01  Max CFL: 9.725E-01  Max Diff. No.: -1.000E+00  Norm: 7.1254E-01  
Iteration:     175  Time: 8.750E-01  Max CFL: 9.702E-01  Max Diff. No.: -1.000E+00  Norm: 6.9248E-01  
Writing immersed body surface data file surface00035.dat.
Writing solution file op_00035.bin.
Iteration:     176  Time: 8.800E-01  Max CFL: 9.686E-01  Max Diff. No.: -1.000E+00  Norm: 7.1830E-01  
Iteration:     177  Time: 8.850E-01  Max CFL: 9.678E-01  Max Diff. No.: -1.000E+00  Norm: 6.8308E-01  
Iteration:     178  Time: 8.900E-01  Max CFL: 9.679E-01  Max Diff. No.: -1.000E+00  Norm: 7.2501E-01  
Iteration:     179  Time: 8.950E-01  Max CFL: 9.686E-01  Max Diff. No.: -1.000E+00  Norm: 6.8573E-01  
Iteration:     180  Time: 9.000E-01  Max CFL: 9.700E-01  Max Diff. No.: -1.000E+00  Norm: 7.1856E-01  
Writing immersed body surface data file surface00036.dat.
Writing solution file op_00036.bin.
Iteration:     181  Time: 9.050E-01  Max CFL: 9.718E-01  Max Diff. No.: -1.000E+00  Norm: 6.9163E-01  
Iteration:     182  Time: 9.100E-01  Max CFL: 9.735E-01  Max Diff. No.: -1.000E+00  Norm: 7.1537E-01  
Iteration:     183  Time: 9.150E-01  Max CFL: 9.746E-01  Max Diff. No.: -1.000E+00  Norm: 6.9688E-01  
Iteration:     184  Time: 9.200E-01  Max CFL: 9.751E-01  Max Diff. No.: -1.000E+00  Norm: 6.9951E-01  
Iteration:     185  Time: 9.250E-01  Max CFL: 9.750E-01  Max Diff. No.: -1.000E+00  Norm: 7.1238E-01  
Writing immersed body surface data file surface00037.dat.
Writing solution file op_00037.bin.
Iteration:     186  Time: 9.300E-01  Max CFL: 9.748E-01  Max Diff. No.: -1.000E+00  Norm: 6.9183E-01  
Iteration:     187  Time: 9.350E-01  Max CFL: 9.748E-01  Max Diff. No.: -1.000E+00  Norm: 7.1835E-01  
Iteration:     188  Time: 9.400E-01  Max CFL: 9.746E-01  Max Diff. No.: -1.000E+00  Norm: 6.8462E-01  
Iteration:     189  Time: 9.450E-01  Max CFL: 9.742E-01  Max Diff. No.: -1.000E+00  Norm: 7.2183E-01  
Iteration:     190  Time: 9.500E-01  Max CFL: 9.735E-01  Max Diff. No.: -1.000E+00  Norm: 6.8693E-01  
Writing immersed body surface data file surface00038.dat.
Writing solution file op_00038.bin.
Iteration:     191  Time: 9.550E-01  Max CFL: 9.726E-01  Max Diff. No.: -1.000E+00  Norm: 7.1846E-01  
Iteration:     192  Time: 9.600E-01  Max CFL: 9.717E-01  Max Diff. No.: -1.000E+00  Norm: 6.9241E-01  
Iteration:     193  Time: 9.650E-01  Max CFL: 9.716E-01  Max Diff. No.: -1.000E+00  Norm: 7.1187E-01  
Iteration:     194  Time: 9.700E-01  Max CFL: 9.734E-01  Max Diff. No.: -1.000E+00  Norm: 7.0194E-01  
Iteration:     195  Time: 9.750E-01  Max CFL: 9.763E-01  Max Diff. No.: -1.000E+00  Norm: 6.9804E-01  
Writing immersed body surface data file surface00039.dat.
Writing solution file op_00039.bin.
Iteration:     196  Time: 9.800E-01  Max CFL: 9.790E-01  Max Diff. No.: -1.000E+00  Norm: 7.1221E-01  
Iteration:     197  Time: 9.850E-01  Max CFL: 9.812E-01  Max Diff. No.: -1.000E+00  Norm: 6.9169E-01  
Iteration:     198  Time: 9.900E-01  Max CFL: 9.826E-01  Max Diff. No.: -1.000E+00  Norm: 7.1870E-01  
Iteration:     199  Time: 9.950E-01  Max CFL: 9.836E-01  Max Diff. No.: -1.000E+00  Norm: 6.8598E-01  
Iteration:     200  Time: 1.000E+00  Max CFL: 9.845E-01  Max Diff. No.: -1.000E+00  Norm: 7.1543E-01  
Writing immersed body surface data file surface00040.dat.
Writing solution file op_00040.bin.
Iteration:     201  Time: 1.005E+00  Max CFL: 9.852E-01  Max Diff. No.: -1.000E+00  Norm: 6.8838E-01  
Iteration:     202  Time: 1.010E+00  Max CFL: 9.852E-01  Max Diff. No.: -1.000E+00  Norm: 7.1534E-01  
Iteration:     203  Time: 1.015E+00  Max CFL: 9.854E-01  Max Diff. No.: -1.000E+00  Norm: 6.9164E-01  
Iteration:     204  Time: 1.020E+00  Max CFL: 9.856E-01  Max Diff. No.: -1.000E+00  Norm: 7.0536E-01  
Iteration:     205  Time: 1.025E+00  Max CFL: 9.856E-01  Max Diff. No.: -1.000E+00  Norm: 7.0649E-01  
Writing immersed body surface data file surface00041.dat.
Writing solution file op_00041.bin.
Iteration:     206  Time: 1.030E+00  Max CFL: 9.856E-01  Max Diff. No.: -1.000E+00  Norm: 6.9521E-01  
Iteration:     207  Time: 1.035E+00  Max CFL: 9.856E-01  Max Diff. No.: -1.000E+00  Norm: 7.0948E-01  
Iteration:     208  Time: 1.040E+00  Max CFL: 9.863E-01  Max Diff. No.: -1.000E+00  Norm: 6.8887E-01  
Iteration:     209  Time: 1.045E+00  Max CFL: 9.880E-01  Max Diff. No.: -1.000E+00  Norm: 7.1867E-01  
Iteration:     210  Time: 1.050E+00  Max CFL: 9.911E-01  Max Diff. No.: -1.000E+00  Norm: 6.8737E-01  
Writing immersed body surface data file surface00042.dat.
Writing solution file op_00042.bin.
Iteration:     211  Time: 1.055E+00  Max CFL: 9.942E-01  Max Diff. No.: -1.000E+00  Norm: 7.1167E-01  
Iteration:     212  Time: 1.060E+00  Max CFL: 9.962E-01  Max Diff. No.: -1.000E+00  Norm: 6.8981E-01  
Iteration:     213  Time: 1.065E+00  Max CFL: 9.990E-01  Max Diff. No.: -1.000E+00  Norm: 7.1336E-01  
Iteration:     214  Time: 1.070E+00  Max CFL: 1.001E+00  Max Diff. No.: -1.000E+00  Norm: 6.9361E-01  
Iteration:     215  Time: 1.075E+00  Max CFL: 1.001E+00  Max Diff. No.: -1.000E+00  Norm: 7.0223E-01  
Writing immersed body surface data file surface00043.dat.
Writing solution file op_00043.bin.
Iteration:     216  Time: 1.080E+00  Max CFL: 1.000E+00  Max Diff. No.: -1.000E+00  Norm: 7.0693E-01  
Iteration:     217  Time: 1.085E+00  Max CFL: 1.000E+00  Max Diff. No.: -1.000E+00  Norm: 6.9328E-01  
Iteration:     218  Time: 1.090E+00  Max CFL: 1.000E+00  Max Diff. No.: -1.000E+00  Norm: 7.1051E-01  
Iteration:     219  Time: 1.095E+00  Max CFL: 1.000E+00  Max Diff. No.: -1.000E+00  Norm: 6.8686E-01  
Iteration:     220  Time: 1.100E+00  Max CFL: 1.001E+00  Max Diff. No.: -1.000E+00  Norm: 7.1780E-01  
Writing immersed body surface data file surface00044.dat.
Writing solution file op_00044.bin.
Iteration:     221  Time: 1.105E+00  Max CFL: 1.002E+00  Max Diff. No.: -1.000E+00  Norm: 6.8878E-01  
Iteration:     222  Time: 1.110E+00  Max CFL: 1.005E+00  Max Diff. No.: -1.000E+00  Norm: 7.1100E-01  
Iteration:     223  Time: 1.115E+00  Max CFL: 1.009E+00  Max Diff. No.: -1.000E+00  Norm: 6.9206E-01  
Iteration:     224  Time: 1.120E+00  Max CFL: 1.012E+00  Max Diff. No.: -1.000E+00  Norm: 7.1104E-01  
Iteration:     225  Time: 1.125E+00  Max CFL: 1.015E+00  Max Diff. No.: -1.000E+00  Norm: 6.9570E-01  
Writing immersed body surface data file surface00045.dat.
Writing solution file op_00045.bin.
Iteration:     226  Time: 1.130E+00  Max CFL: 1.018E+00  Max Diff. No.: -1.000E+00  Norm: 6.9812E-01  
Iteration:     227  Time: 1.135E+00  Max CFL: 1.018E+00  Max Diff. No.: -1.000E+00  Norm: 7.0774E-01  
Iteration:     228  Time: 1.140E+00  Max CFL: 1.018E+00  Max Diff. No.: -1.000E+00  Norm: 6.9247E-01  
Iteration:     229  Time: 1.145E+00  Max CFL: 1.016E+00  Max Diff. No.: -1.000E+00  Norm: 7.1143E-01  
Iteration:     230  Time: 1.150E+00  Max CFL: 1.014E+00  Max Diff. No.: -1.000E+00  Norm: 6.8632E-01  
Writing immersed body surface data file surface00046.dat.
Writing solution file op_00046.bin.
Iteration:     231  Time: 1.155E+00  Max CFL: 1.012E+00  Max Diff. No.: -1.000E+00  Norm: 7.1351E-01  
Iteration:     232  Time: 1.160E+00  Max CFL: 1.012E+00  Max Diff. No.: -1.000E+00  Norm: 6.8833E-01  
Iteration:     233  Time: 1.165E+00  Max CFL: 1.011E+00  Max Diff. No.: -1.000E+00  Norm: 7.0986E-01  
Iteration:     234  Time: 1.170E+00  Max CFL: 1.011E+00  Max Diff. No.: -1.000E+00  Norm: 6.9317E-01  
Iteration:     235  Time: 1.175E+00  Max CFL: 1.013E+00  Max Diff. No.: -1.000E+00  Norm: 7.0518E-01  
Writing immersed body surface data file surface00047.dat.
Writing solution file op_00047.bin.
Iteration:     236  Time: 1.180E+00  Max CFL: 1.018E+00  Max Diff. No.: -1.000E+00  Norm: 7.0040E-01  
Iteration:     237  Time: 1.185E+00  Max CFL: 1.022E+00  Max Diff. No.: -1.000E+00  Norm: 6.9408E-01  
Iteration:     238  Time: 1.190E+00  Max CFL: 1.025E+00  Max Diff. No.: -1.000E+00  Norm: 7.0912E-01  
Iteration:     239  Time: 1.195E+00  Max CFL: 1.027E+00  Max Diff. No.: -1.000E+00  Norm: 6.9059E-01  
Iteration:     240  Time: 1.200E+00  Max CFL: 1.030E+00  Max Diff. No.: -1.000E+00  Norm: 7.1275E-01  
Writing immersed body surface data file surface00048.dat.
Writing solution file op_00048.bin.
Iteration:     241  Time: 1.205E+00  Max CFL: 1.031E+00  Max Diff. No.: -1.000E+00  Norm: 6.8652E-01  
Iteration:     242  Time: 1.210E+00  Max CFL: 1.030E+00  Max Diff. No.: -1.000E+00  Norm: 7.0907E-01  
Iteration:     243  Time: 1.215E+00  Max CFL: 1.028E+00  Max Diff. No.: -1.000E+00  Norm: 6.8963E-01  
Iteration:     244  Time: 1.220E+00  Max CFL: 1.027E+00  Max Diff. No.: -1.000E+00  Norm: 7.0865E-01  
Iteration:     245  Time: 1.225E+00  Max CFL: 1.025E+00  Max Diff. No.: -1.000E+00  Norm: 6.9337E-01  
Writing immersed body surface data file surface00049.dat.
Writing solution file op_00049.bin.
Iteration:     246  Time: 1.230E+00  Max CFL: 1.023E+00  Max Diff. No.: -1.000E+00  Norm: 6.9958E-01  
Iteration:     247  Time: 1.235E+00  Max CFL: 1.022E+00  Max Diff. No.: -1.000E+00  Norm: 7.0537E-01  
Iteration:     248  Time: 1.240E+00  Max CFL: 1.022E+00  Max Diff. No.: -1.000E+00  Norm: 6.9102E-01  
Iteration:     249  Time: 1.245E+00  Max CFL: 1.024E+00  Max Diff. No.: -1.000E+00  Norm: 7.0707E-01  
Iteration:     250  Time: 1.250E+00  Max CFL: 1.028E+00  Max Diff. No.: -1.000E+00  Norm: 6.8609E-01  
Writing immersed body surface data file surface00050.dat.
Writing solution file op_00050.bin.
Iteration:     251  Time: 1.255E+00  Max CFL: 1.032E+00  Max Diff. No.: -1.000E+00  Norm: 7.1296E-01  
Iteration:     252  Time: 1.260E+00  Max CFL: 1.035E+00  Max Diff. No.: -1.000E+00  Norm: 6.8552E-01  
Iteration:     253  Time: 1.265E+00  Max CFL: 1.038E+00  Max Diff. No.: -1.000E+00  Norm: 7.0600E-01  
Iteration:     254  Time: 1.270E+00  Max CFL: 1.040E+00  Max Diff. No.: -1.000E+00  Norm: 6.8910E-01  
Iteration:     255  Time: 1.275E+00  Max CFL: 1.041E+00  Max Diff. No.: -1.000E+00  Norm: 7.0639E-01  
Writing immersed body surface data file surface00051.dat.
Writing solution file op_00051.bin.
Iteration:     256  Time: 1.280E+00  Max CFL: 1.043E+00  Max Diff. No.: -1.000E+00  Norm: 6.9316E-01  
Iteration:     257  Time: 1.285E+00  Max CFL: 1.044E+00  Max Diff. No.: -1.000E+00  Norm: 6.9594E-01  
Iteration:     258  Time: 1.290E+00  Max CFL: 1.045E+00  Max Diff. No.: -1.000E+00  Norm: 7.0555E-01  
Iteration:     259  Time: 1.295E+00  Max CFL: 1.043E+00  Max Diff. No.: -1.000E+00  Norm: 6.8885E-01  
Iteration:     260  Time: 1.300E+00  Max CFL: 1.041E+00  Max Diff. No.: -1.000E+00  Norm: 7.0722E-01  
Writing immersed body surface data file surface00052.dat.
Writing solution file op_00052.bin.
Iteration:     261  Time: 1.305E+00  Max CFL: 1.038E+00  Max Diff. No.: -1.000E+00  Norm: 6.8452E-01  
Iteration:     262  Time: 1.310E+00  Max CFL: 1.036E+00  Max Diff. No.: -1.000E+00  Norm: 7.1308E-01  
Iteration:     263  Time: 1.315E+00  Max CFL: 1.035E+00  Max Diff. No.: -1.000E+00  Norm: 6.8624E-01  
Iteration:     264  Time: 1.320E+00  Max CFL: 1.035E+00  Max Diff. No.: -1.000E+00  Norm: 7.0628E-01  
Iteration:     265  Time: 1.325E+00  Max CFL: 1.036E+00  Max Diff. No.: -1.000E+00  Norm: 6.9094E-01  
Writing immersed body surface data file surface00053.dat.
Writing solution file op_00053.bin.
Iteration:     266  Time: 1.330E+00  Max CFL: 1.039E+00  Max Diff. No.: -1.000E+00  Norm: 7.0541E-01  
Iteration:     267  Time: 1.335E+00  Max CFL: 1.042E+00  Max Diff. No.: -1.000E+00  Norm: 6.9500E-01  
Iteration:     268  Time: 1.340E+00  Max CFL: 1.044E+00  Max Diff. No.: -1.000E+00  Norm: 6.9408E-01  
Iteration:     269  Time: 1.345E+00  Max CFL: 1.045E+00  Max Diff. No.: -1.000E+00  Norm: 7.0620E-01  
Iteration:     270  Time: 1.350E+00  Max CFL: 1.045E+00  Max Diff. No.: -1.000E+00  Norm: 6.8798E-01  
Writing immersed body surface data file surface00054.dat.
Writing solution file op_00054.bin.
Iteration:     271  Time: 1.355E+00  Max CFL: 1.046E+00  Max Diff. No.: -1.000E+00  Norm: 7.0914E-01  
Iteration:     272  Time: 1.360E+00  Max CFL: 1.046E+00  Max Diff. No.: -1.000E+00  Norm: 6.8339E-01  
Iteration:     273  Time: 1.365E+00  Max CFL: 1.046E+00  Max Diff. No.: -1.000E+00  Norm: 7.1242E-01  
Iteration:     274  Time: 1.370E+00  Max CFL: 1.045E+00  Max Diff. No.: -1.000E+00  Norm: 6.8684E-01  
Iteration:     275  Time: 1.375E+00  Max CFL: 1.044E+00  Max Diff. No.: -1.000E+00  Norm: 7.0734E-01  
Writing immersed body surface data file surface00055.dat.
Writing solution file op_00055.bin.
Iteration:     276  Time: 1.380E+00  Max CFL: 1.044E+00  Max Diff. No.: -1.000E+00  Norm: 6.9218E-01  
Iteration:     277  Time: 1.385E+00  Max CFL: 1.044E+00  Max Diff. No.: -1.000E+00  Norm: 7.0358E-01  
Iteration:     278  Time: 1.390E+00  Max CFL: 1.045E+00  Max Diff. No.: -1.000E+00  Norm: 6.9874E-01  
Iteration:     279  Time: 1.395E+00  Max CFL: 1.045E+00  Max Diff. No.: -1.000E+00  Norm: 6.9267E-01  
Iteration:     280  Time: 1.400E+00  Max CFL: 1.046E+00  Max Diff. No.: -1.000E+00  Norm: 7.0929E-01  
Writing immersed body surface data file surface00056.dat.
Writing solution file op_00056.bin.
Iteration:     281  Time: 1.405E+00  Max CFL: 1.047E+00  Max Diff. No.: -1.000E+00  Norm: 6.8888E-01  
Iteration:     282  Time: 1.410E+00  Max CFL: 1.047E+00  Max Diff. No.: -1.000E+00  Norm: 7.1227E-01  
Iteration:     283  Time: 1.415E+00  Max CFL: 1.046E+00  Max Diff. No.: -1.000E+00  Norm: 6.8526E-01  
Iteration:     284  Time: 1.420E+00  Max CFL: 1.046E+00  Max Diff. No.: -1.000E+00  Norm: 7.1089E-01  
Iteration:     285  Time: 1.425E+00  Max CFL: 1.048E+00  Max Diff. No.: -1.000E+00  Norm: 6.8911E-01  
Writing immersed body surface data file surface00057.dat.
Writing solution file op_00057.bin.
Iteration:     286  Time: 1.430E+00  Max CFL: 1.048E+00  Max Diff. No.: -1.000E+00  Norm: 7.0936E-01  
Iteration:     287  Time: 1.435E+00  Max CFL: 1.048E+00  Max Diff. No.: -1.000E+00  Norm: 6.9473E-01  
Iteration:     288  Time: 1.440E+00  Max CFL: 1.048E+00  Max Diff. No.: -1.000E+00  Norm: 7.0163E-01  
Iteration:     289  Time: 1.445E+00  Max CFL: 1.047E+00  Max Diff. No.: -1.000E+00  Norm: 7.0472E-01  
Iteration:     290  Time: 1.450E+00  Max CFL: 1.046E+00  Max Diff. No.: -1.000E+00  Norm: 6.9314E-01  
Writing immersed body surface data file surface00058.dat.
Writing solution file op_00058.bin.
Iteration:     291  Time: 1.455E+00  Max CFL: 1.045E+00  Max Diff. No.: -1.000E+00  Norm: 7.1034E-01  
Iteration:     292  Time: 1.460E+00  Max CFL: 1.045E+00  Max Diff. No.: -1.000E+00  Norm: 6.8983E-01  
Iteration:     293  Time: 1.465E+00  Max CFL: 1.046E+00  Max Diff. No.: -1.000E+00  Norm: 7.1546E-01  
Iteration:     294  Time: 1.470E+00  Max CFL: 1.046E+00  Max Diff. No.: -1.000E+00  Norm: 6.8838E-01  
Iteration:     295  Time: 1.475E+00  Max CFL: 1.045E+00  Max Diff. No.: -1.000E+00  Norm: 7.1058E-01  
Writing immersed body surface data file surface00059.dat.
Writing solution file op_00059.bin.
Iteration:     296  Time: 1.480E+00  Max CFL: 1.045E+00  Max Diff. No.: -1.000E+00  Norm: 6.9275E-01  
Iteration:     297  Time: 1.485E+00  Max CFL: 1.044E+00  Max Diff. No.: -1.000E+00  Norm: 7.1115E-01  
Iteration:     298  Time: 1.490E+00  Max CFL: 1.044E+00  Max Diff. No.: -1.000E+00  Norm: 6.9685E-01  
Iteration:     299  Time: 1.495E+00  Max CFL: 1.044E+00  Max Diff. No.: -1.000E+00  Norm: 7.0177E-01  
Iteration:     300  Time: 1.500E+00  Max CFL: 1.044E+00  Max Diff. No.: -1.000E+00  Norm: 7.0883E-01  
Writing immersed body surface data file surface00060.dat.
Writing solution file op_00060.bin.
Iteration:     301  Time: 1.505E+00  Max CFL: 1.045E+00  Max Diff. No.: -1.000E+00  Norm: 6.9443E-01  
Iteration:     302  Time: 1.510E+00  Max CFL: 1.046E+00  Max Diff. No.: -1.000E+00  Norm: 7.1186E-01  
Iteration:     303  Time: 1.515E+00  Max CFL: 1.046E+00  Max Diff. No.: -1.000E+00  Norm: 6.9019E-01  
Iteration:     304  Time: 1.520E+00  Max CFL: 1.047E+00  Max Diff. No.: -1.000E+00  Norm: 7.1791E-01  
Iteration:     305  Time: 1.525E+00  Max CFL: 1.047E+00  Max Diff. No.: -1.000E+00  Norm: 6.9051E-01  
Writing immersed body surface data file surface00061.dat.
Writing solution file op_00061.bin.
Iteration:     306  Time: 1.530E+00  Max CFL: 1.047E+00  Max Diff. No.: -1.000E+00  Norm: 7.1178E-01  
Iteration:     307  Time: 1.535E+00  Max CFL: 1.047E+00  Max Diff. No.: -1.000E+00  Norm: 6.9395E-01  
Iteration:     308  Time: 1.540E+00  Max CFL: 1.046E+00  Max Diff. No.: -1.000E+00  Norm: 7.1099E-01  
Iteration:     309  Time: 1.545E+00  Max CFL: 1.046E+00  Max Diff. No.: -1.000E+00  Norm: 6.9935E-01  
Iteration:     310  Time: 1.550E+00  Max CFL: 1.046E+00  Max Diff. No.: -1.000E+00  Norm: 7.0197E-01  
Writing immersed body surface data file surface00062.dat.
Writing solution file op_00062.bin.
Iteration:     311  Time: 1.555E+00  Max CFL: 1.046E+00  Max Diff. No.: -1.000E+00  Norm: 7.1034E-01  
Iteration:     312  Time: 1.560E+00  Max CFL: 1.046E+00  Max Diff. No.: -1.000E+00  Norm: 6.9468E-01  
Iteration:     313  Time: 1.565E+00  Max CFL: 1.046E+00  Max Diff. No.: -1.000E+00  Norm: 7.1456E-01  
Iteration:     314  Time: 1.570E+00  Max CFL: 1.046E+00  Max Diff. No.: -1.000E+00  Norm: 6.9056E-01  
Iteration:     315  Time: 1.575E+00  Max CFL: 1.047E+00  Max Diff. No.: -1.000E+00  Norm: 7.1924E-01  
Writing immersed body surface data file surface00063.dat.
Writing solution file op_00063.bin.
Iteration:     316  Time: 1.580E+00  Max CFL: 1.046E+00  Max Diff. No.: -1.000E+00  Norm: 6.9264E-01  
Iteration:     317  Time: 1.585E+00  Max CFL: 1.046E+00  Max Diff. No.: -1.000E+00  Norm: 7.1468E-01  
Iteration:     318  Time: 1.590E+00  Max CFL: 1.045E+00  Max Diff. No.: -1.000E+00  Norm: 6.9660E-01  
Iteration:     319  Time: 1.595E+00  Max CFL: 1.044E+00  Max Diff. No.: -1.000E+00  Norm: 7.1221E-01  
Iteration:     320  Time: 1.600E+00  Max CFL: 1.043E+00  Max Diff. No.: -1.000E+00  Norm: 7.0145E-01  
Writing immersed body surface data file surface00064.dat.
Writing solution file op_00064.bin.
Iteration:     321  Time: 1.605E+00  Max CFL: 1.042E+00  Max Diff. No.: -1.000E+00  Norm: 7.0232E-01  
Iteration:     322  Time: 1.610E+00  Max CFL: 1.042E+00  Max Diff. No.: -1.000E+00  Norm: 7.1118E-01  
Iteration:     323  Time: 1.615E+00  Max CFL: 1.042E+00  Max Diff. No.: -1.000E+00  Norm: 6.9723E-01  
Iteration:     324  Time: 1.620E+00  Max CFL: 1.042E+00  Max Diff. No.: -1.000E+00  Norm: 7.1579E-01  
Iteration:     325  Time: 1.625E+00  Max CFL: 1.042E+00  Max Diff. No.: -1.000E+00  Norm: 6.9303E-01  
Writing immersed body surface data file surface00065.dat.
Writing solution file op_00065.bin.
Iteration:     326  Time: 1.630E+00  Max CFL: 1.042E+00  Max Diff. No.: -1.000E+00  Norm: 7.1736E-01  
Iteration:     327  Time: 1.635E+00  Max CFL: 1.042E+00  Max Diff. No.: -1.000E+00  Norm: 6.9572E-01  
Iteration:     328  Time: 1.640E+00  Max CFL: 1.042E+00  Max Diff. No.: -1.000E+00  Norm: 7.1575E-01  
Iteration:     329  Time: 1.645E+00  Max CFL: 1.041E+00  Max Diff. No.: -1.000E+00  Norm: 7.0080E-01  
Iteration:     330  Time: 1.650E+00  Max CFL: 1.041E+00  Max Diff. No.: -1.000E+00  Norm: 7.1116E-01  
Writing immersed body surface data file surface00066.dat.
Writing solution file op_00066.bin.
Iteration:     331  Time: 1.655E+00  Max CFL: 1.041E+00  Max Diff. No.: -1.000E+00  Norm: 7.0766E-01  
Iteration:     332  Time: 1.660E+00  Max CFL: 1.040E+00  Max Diff. No.: -1.000E+00  Norm: 7.0258E-01  
Iteration:     333  Time: 1.665E+00  Max CFL: 1.040E+00  Max Diff. No.: -1.000E+00  Norm: 7.1472E-01  
Iteration:     334  Time: 1.670E+00  Max CFL: 1.039E+00  Max Diff. No.: -1.000E+00  Norm: 6.9912E-01  
Iteration:     335  Time: 1.675E+00  Max CFL: 1.039E+00  Max Diff. No.: -1.000E+00  Norm: 7.1932E-01  
Writing immersed body surface data file surface00067.dat.
Writing solution file op_00067.bin.
Iteration:     336  Time: 1.680E+00  Max CFL: 1.038E+00  Max Diff. No.: -1.000E+00  Norm: 6.9552E-01  
Iteration:     337  Time: 1.685E+00  Max CFL: 1.039E+00  Max Diff. No.: -1.000E+00  Norm: 7.1765E-01  
Iteration:     338  Time: 1.690E+00  Max CFL: 1.039E+00  Max Diff. No.: -1.000E+00  Norm: 6.9689E-01  
Iteration:     339  Time: 1.695E+00  Max CFL: 1.040E+00  Max Diff. No.: -1.000E+00  Norm: 7.1740E-01  
Iteration:     340  Time: 1.700E+00  Max CFL: 1.041E+00  Max Diff. No.: -1.000E+00  Norm: 6.9961E-01  
Writing immersed body surface data file surface00068.dat.
Writing solution file op_00068.bin.
Iteration:     341  Time: 1.705E+00  Max CFL: 1.041E+00  Max Diff. No.: -1.000E+00  Norm: 7.0930E-01  
Iteration:     342  Time: 1.710E+00  Max CFL: 1.041E+00  Max Diff. No.: -1.000E+00  Norm: 7.0823E-01  
Iteration:     343  Time: 1.715E+00  Max CFL: 1.041E+00  Max Diff. No.: -1.000E+00  Norm: 7.0222E-01  
Iteration:     344  Time: 1.720E+00  Max CFL: 1.040E+00  Max Diff. No.: -1.000E+00  Norm: 7.1132E-01  
Iteration:     345  Time: 1.725E+00  Max CFL: 1.038E+00  Max Diff. No.: -1.000E+00  Norm: 6.9719E-01  
Writing immersed body surface data file surface00069.dat.
Writing solution file op_00069.bin.
Iteration:     346  Time: 1.730E+00  Max CFL: 1.037E+00  Max Diff. No.: -1.000E+00  Norm: 7.1746E-01  
Iteration:     347  Time: 1.735E+00  Max CFL: 1.036E+00  Max Diff. No.: -1.000E+00  Norm: 6.9571E-01  
Iteration:     348  Time: 1.740E+00  Max CFL: 1.036E+00  Max Diff. No.: -1.000E+00  Norm: 7.1387E-01  
Iteration:     349  Time: 1.745E+00  Max CFL: 1.036E+00  Max Diff. No.: -1.000E+00  Norm: 6.9708E-01  
Iteration:     350  Time: 1.750E+00  Max CFL: 1.037E+00  Max Diff. No.: -1.000E+00  Norm: 7.1337E-01  
Writing immersed body surface data file surface00070.dat.
Writing solution file op_00070.bin.
Iteration:     351  Time: 1.755E+00  Max CFL: 1.038E+00  Max Diff. No.: -1.000E+00  Norm: 6.9932E-01  
Iteration:     352  Time: 1.760E+00  Max CFL: 1.039E+00  Max Diff. No.: -1.000E+00  Norm: 7.0509E-01  
Iteration:     353  Time: 1.765E+00  Max CFL: 1.041E+00  Max Diff. No.: -1.000E+00  Norm: 7.0788E-01  
Iteration:     354  Time: 1.770E+00  Max CFL: 1.042E+00  Max Diff. No.: -1.000E+00  Norm: 6.9925E-01  
Iteration:     355  Time: 1.775E+00  Max CFL: 1.043E+00  Max Diff. No.: -1.000E+00  Norm: 7.1075E-01  
Writing immersed body surface data file surface00071.dat.
Writing solution file op_00071.bin.
Iteration:     356  Time: 1.780E+00  Max CFL: 1.043E+00  Max Diff. No.: -1.000E+00  Norm: 6.9436E-01  
Iteration:     357  Time: 1.785E+00  Max CFL: 1.043E+00  Max Diff. No.: -1.000E+00  Norm: 7.1538E-01  
Iteration:     358  Time: 1.790E+00  Max CFL: 1.041E+00  Max Diff. No.: -1.000E+00  Norm: 6.9435E-01  
Iteration:     359  Time: 1.795E+00  Max CFL: 1.039E+00  Max Diff. No.: -1.000E+00  Norm: 7.1273E-01  
Iteration:     360  Time: 1.800E+00  Max CFL: 1.037E+00  Max Diff. No.: -1.000E+00  Norm: 6.9718E-01  
Writing immersed body surface data file surface00072.dat.
Writing solution file op_00072.bin.
Iteration:     361  Time: 1.805E+00  Max CFL: 1.037E+00  Max Diff. No.: -1.000E+00  Norm: 7.1243E-01  
Iteration:     362  Time: 1.810E+00  Max CFL: 1.037E+00  Max Diff. No.: -1.000E+00  Norm: 7.0011E-01  
Iteration:     363  Time: 1.815E+00  Max CFL: 1.037E+00  Max Diff. No.: -1.000E+00  Norm: 7.0464E-01  
Iteration:     364  Time: 1.820E+00  Max CFL: 1.038E+00  Max Diff. No.: -1.000E+00  Norm: 7.0869E-01  
Iteration:     365  Time: 1.825E+00  Max CFL: 1.039E+00  Max Diff. No.: -1.000E+00  Norm: 7.0052E-01  
Writing immersed body surface data file surface00073.dat.
Writing solution file op_00073.bin.
Iteration:     366  Time: 1.830E+00  Max CFL: 1.041E+00  Max Diff. No.: -1.000E+00  Norm: 7.1280E-01  
Iteration:     367  Time: 1.835E+00  Max CFL: 1.042E+00  Max Diff. No.: -1.000E+00  Norm: 6.9566E-01  
Iteration:     368  Time: 1.840E+00  Max CFL: 1.044E+00  Max Diff. No.: -1.000E+00  Norm: 7.1569E-01  
Iteration:     369  Time: 1.845E+00  Max CFL: 1.044E+00  Max Diff. No.: -1.000E+00  Norm: 6.9533E-01  
Iteration:     370  Time: 1.850E+00  Max CFL: 1.044E+00  Max Diff. No.: -1.000E+00  Norm: 7.1409E-01  
Writing immersed body surface data file surface00074.dat.
Writing solution file op_00074.bin.
Iteration:     371  Time: 1.855E+00  Max CFL: 1.043E+00  Max Diff. No.: -1.000E+00  Norm: 6.9700E-01  
Iteration:     372  Time: 1.860E+00  Max CFL: 1.042E+00  Max Diff. No.: -1.000E+00  Norm: 7.1258E-01  
Iteration:     373  Time: 1.865E+00  Max CFL: 1.040E+00  Max Diff. No.: -1.000E+00  Norm: 7.0112E-01  
Iteration:     374  Time: 1.870E+00  Max CFL: 1.039E+00  Max Diff. No.: -1.000E+00  Norm: 7.0564E-01  
Iteration:     375  Time: 1.875E+00  Max CFL: 1.038E+00  Max Diff. No.: -1.000E+00  Norm: 7.0792E-01  
Writing immersed body surface data file surface00075.dat.
Writing solution file op_00075.bin.
Iteration:     376  Time: 1.880E+00  Max CFL: 1.038E+00  Max Diff. No.: -1.000E+00  Norm: 7.0214E-01  
Iteration:     377  Time: 1.885E+00  Max CFL: 1.038E+00  Max Diff. No.: -1.000E+00  Norm: 7.1168E-01  
Iteration:     378  Time: 1.890E+00  Max CFL: 1.038E+00  Max Diff. No.: -1.000E+00  Norm: 6.9862E-01  
Iteration:     379  Time: 1.895E+00  Max CFL: 1.039E+00  Max Diff. No.: -1.000E+00  Norm: 7.1184E-01  
Iteration:     380  Time: 1.900E+00  Max CFL: 1.040E+00  Max Diff. No.: -1.000E+00  Norm: 6.9892E-01  
Writing immersed body surface data file surface00076.dat.
Writing solution file op_00076.bin.
Iteration:     381  Time: 1.905E+00  Max CFL: 1.041E+00  Max Diff. No.: -1.000E+00  Norm: 7.1283E-01  
Iteration:     382  Time: 1.910E+00  Max CFL: 1.042E+00  Max Diff. No.: -1.000E+00  Norm: 7.0039E-01  
Iteration:     383  Time: 1.915E+00  Max CFL: 1.042E+00  Max Diff. No.: -1.000E+00  Norm: 7.0930E-01  
Iteration:     384  Time: 1.920E+00  Max CFL: 1.042E+00  Max Diff. No.: -1.000E+00  Norm: 7.0653E-01  
Iteration:     385  Time: 1.925E+00  Max CFL: 1.041E+00  Max Diff. No.: -1.000E+00  Norm: 7.0570E-01  
Writing immersed body surface data file surface00077.dat.
Writing solution file op_00077.bin.
Iteration:     386  Time: 1.930E+00  Max CFL: 1.039E+00  Max Diff. No.: -1.000E+00  Norm: 7.0988E-01  
Iteration:     387  Time: 1.935E+00  Max CFL: 1.037E+00  Max Diff. No.: -1.000E+00  Norm: 7.0208E-01  
Iteration:     388  Time: 1.940E+00  Max CFL: 1.036E+00  Max Diff. No.: -1.000E+00  Norm: 7.1406E-01  
Iteration:     389  Time: 1.945E+00  Max CFL: 1.036E+00  Max Diff. No.: -1.000E+00  Norm: 7.0056E-01  
Iteration:     390  Time: 1.950E+00  Max CFL: 1.036E+00  Max Diff. No.: -1.000E+00  Norm: 7.1232E-01  
Writing immersed body surface data file surface00078.dat.
Writing solution file op_00078.bin.
Iteration:     391  Time: 1.955E+00  Max CFL: 1.037E+00  Max Diff. No.: -1.000E+00  Norm: 7.0079E-01  
Iteration:     392  Time: 1.960E+00  Max CFL: 1.037E+00  Max Diff. No.: -1.000E+00  Norm: 7.1402E-01  
Iteration:     393  Time: 1.965E+00  Max CFL: 1.038E+00  Max Diff. No.: -1.000E+00  Norm: 7.0244E-01  
Iteration:     394  Time: 1.970E+00  Max CFL: 1.038E+00  Max Diff. No.: -1.000E+00  Norm: 7.0826E-01  
Iteration:     395  Time: 1.975E+00  Max CFL: 1.039E+00  Max Diff. No.: -1.000E+00  Norm: 7.0853E-01  
Writing immersed body surface data file surface00079.dat.
Writing solution file op_00079.bin.
Iteration:     396  Time: 1.980E+00  Max CFL: 1.039E+00  Max Diff. No.: -1.000E+00  Norm: 7.0424E-01  
Iteration:     397  Time: 1.985E+00  Max CFL: 1.040E+00  Max Diff. No.: -1.000E+00  Norm: 7.1085E-01  
Iteration:     398  Time: 1.990E+00  Max CFL: 1.040E+00  Max Diff. No.: -1.000E+00  Norm: 7.0076E-01  
Iteration:     399  Time: 1.995E+00  Max CFL: 1.040E+00  Max Diff. No.: -1.000E+00  Norm: 7.1584E-01  
Iteration:     400  Time: 2.000E+00  Max CFL: 1.040E+00  Max Diff. No.: -1.000E+00  Norm: 7.0050E-01  
Writing immersed body surface data file surface00080.dat.
Writing solution file op_00080.bin.
Completed time integration (Final time: 2.000000).
Computed errors:
  L1         Error           : 0.0000000000000000E+00
  L2         Error           : 0.0000000000000000E+00
  Linfinity  Error           : 0.0000000000000000E+00
Conservation Errors:
	0.0000000000000000E+00
	0.0000000000000000E+00
	0.0000000000000000E+00
	0.0000000000000000E+00
	0.0000000000000000E+00
Solver runtime (in seconds): 1.3371039099999999E+02
Total  runtime (in seconds): 1.3380973599999999E+02
Deallocating arrays.
Finished.
