MHYSA - Parallel (MPI) version with 8 processes
Compiled with PETSc time integration.
Reading solver inputs from file "solver.inp".
	No. of dimensions                          : 3
	No. of variables                           : 5
	Domain size                                : 32 32 32 
	Processes along each dimension             : 2 2 2 
	No. of ghosts pts                          : 3
	No. of iter.                               : 1000
	Restart iteration                          : 0
	Time integration scheme                    : rk (44)
	Spatial discretization scheme (hyperbolic) : cupw5
	Split hyperbolic flux term?                : no
	Interpolation type for hyperbolic term     : components
	Spatial discretization type   (parabolic ) : nonconservative-1stage
	Spatial discretization scheme (parabolic ) : 2
	Time Step                                  : 1.000000E-03
	Check for conservation                     : yes
	Screen output iterations                   : 20
	File output iterations                     : 100
	Initial solution file type                 : binary
	Initial solution read mode                 : serial
	Solution file write mode                   : serial
	Solution file format                       : tecplot3d
	Overwrite solution file                    : no
	Physical model                             : navierstokes3d
Partitioning domain.
Allocating data arrays.
Reading array from binary file initial.inp (Serial mode).
Volume integral of the initial solution:
 0:  9.9999999999999989E-01
 1:  9.9999999999999989E-01
 2:  9.9999999999999989E-01
 3:  9.9999999999999989E-01
 4:  3.2857142857142745E+00
Initializing solvers.
tridiagLUInit: File "lusolver.inp" not found. Using default values.
Initializing physics. Model = "navierstokes3d"
Reading physical model inputs from file "physics.inp".
Reading boundary conditions from "boundary.inp".
  Boundary                       periodic:  Along dimension  0 and face +1
  Boundary                       periodic:  Along dimension  0 and face -1
  Boundary                       periodic:  Along dimension  1 and face +1
  Boundary                       periodic:  Along dimension  1 and face -1
  Boundary                       periodic:  Along dimension  2 and face +1
  Boundary                       periodic:  Along dimension  2 and face -1
6 boundary condition(s) read.
Setting up time integration.
Solving in time (from 0 to 1000 iterations)
Writing solution file op_00000.dat.
Iteration:      20  Time: 2.000E-02  Max CFL: 6.571E-02  Max Diff. No.: -1.000E+00  Norm: 9.6190E-04  Conservation loss: 6.6105E-15
Iteration:      40  Time: 4.000E-02  Max CFL: 6.572E-02  Max Diff. No.: -1.000E+00  Norm: 9.6190E-04  Conservation loss: 3.4440E-15
Iteration:      60  Time: 6.000E-02  Max CFL: 6.573E-02  Max Diff. No.: -1.000E+00  Norm: 9.6190E-04  Conservation loss: 1.3035E-15
Iteration:      80  Time: 8.000E-02  Max CFL: 6.571E-02  Max Diff. No.: -1.000E+00  Norm: 9.6190E-04  Conservation loss: 3.7578E-15
Iteration:     100  Time: 1.000E-01  Max CFL: 6.573E-02  Max Diff. No.: -1.000E+00  Norm: 9.6190E-04  Conservation loss: 3.8144E-15
Writing solution file op_00001.dat.
Iteration:     120  Time: 1.200E-01  Max CFL: 6.573E-02  Max Diff. No.: -1.000E+00  Norm: 9.6190E-04  Conservation loss: 3.5490E-15
Iteration:     140  Time: 1.400E-01  Max CFL: 6.571E-02  Max Diff. No.: -1.000E+00  Norm: 9.6190E-04  Conservation loss: 4.7330E-15
Iteration:     160  Time: 1.600E-01  Max CFL: 6.573E-02  Max Diff. No.: -1.000E+00  Norm: 9.6190E-04  Conservation loss: 4.3424E-15
Iteration:     180  Time: 1.800E-01  Max CFL: 6.572E-02  Max Diff. No.: -1.000E+00  Norm: 9.6190E-04  Conservation loss: 3.7096E-15
Iteration:     200  Time: 2.000E-01  Max CFL: 6.572E-02  Max Diff. No.: -1.000E+00  Norm: 9.6190E-04  Conservation loss: 4.1568E-15
Writing solution file op_00002.dat.
Iteration:     220  Time: 2.200E-01  Max CFL: 6.573E-02  Max Diff. No.: -1.000E+00  Norm: 9.6190E-04  Conservation loss: 5.0058E-15
Iteration:     240  Time: 2.400E-01  Max CFL: 6.572E-02  Max Diff. No.: -1.000E+00  Norm: 9.6190E-04  Conservation loss: 6.1467E-15
Iteration:     260  Time: 2.600E-01  Max CFL: 6.572E-02  Max Diff. No.: -1.000E+00  Norm: 9.6190E-04  Conservation loss: 3.1165E-15
Iteration:     280  Time: 2.800E-01  Max CFL: 6.573E-02  Max Diff. No.: -1.000E+00  Norm: 9.6190E-04  Conservation loss: 1.7710E-15
Iteration:     300  Time: 3.000E-01  Max CFL: 6.571E-02  Max Diff. No.: -1.000E+00  Norm: 9.6190E-04  Conservation loss: 5.4588E-15
Writing solution file op_00003.dat.
Iteration:     320  Time: 3.200E-01  Max CFL: 6.573E-02  Max Diff. No.: -1.000E+00  Norm: 9.6189E-04  Conservation loss: 6.0344E-15
Iteration:     340  Time: 3.400E-01  Max CFL: 6.573E-02  Max Diff. No.: -1.000E+00  Norm: 9.6189E-04  Conservation loss: 4.1032E-15
Iteration:     360  Time: 3.600E-01  Max CFL: 6.571E-02  Max Diff. No.: -1.000E+00  Norm: 9.6189E-04  Conservation loss: 3.6560E-15
Iteration:     380  Time: 3.800E-01  Max CFL: 6.573E-02  Max Diff. No.: -1.000E+00  Norm: 9.6189E-04  Conservation loss: 4.7798E-15
Iteration:     400  Time: 4.000E-01  Max CFL: 6.573E-02  Max Diff. No.: -1.000E+00  Norm: 9.6189E-04  Conservation loss: 3.3552E-15
Writing solution file op_00004.dat.
Iteration:     420  Time: 4.200E-01  Max CFL: 6.571E-02  Max Diff. No.: -1.000E+00  Norm: 9.6189E-04  Conservation loss: 2.6530E-15
Iteration:     440  Time: 4.400E-01  Max CFL: 6.573E-02  Max Diff. No.: -1.000E+00  Norm: 9.6189E-04  Conservation loss: 5.8431E-15
Iteration:     460  Time: 4.600E-01  Max CFL: 6.572E-02  Max Diff. No.: -1.000E+00  Norm: 9.6189E-04  Conservation loss: 5.3486E-15
Iteration:     480  Time: 4.800E-01  Max CFL: 6.572E-02  Max Diff. No.: -1.000E+00  Norm: 9.6189E-04  Conservation loss: 6.1136E-15
Iteration:     500  Time: 5.000E-01  Max CFL: 6.573E-02  Max Diff. No.: -1.000E+00  Norm: 9.6189E-04  Conservation loss: 2.9223E-15
Writing solution file op_00005.dat.
Iteration:     520  Time: 5.200E-01  Max CFL: 6.571E-02  Max Diff. No.: -1.000E+00  Norm: 9.6189E-04  Conservation loss: 3.4713E-15
Iteration:     540  Time: 5.400E-01  Max CFL: 6.572E-02  Max Diff. No.: -1.000E+00  Norm: 9.6189E-04  Conservation loss: 4.1099E-15
Iteration:     560  Time: 5.600E-01  Max CFL: 6.573E-02  Max Diff. No.: -1.000E+00  Norm: 9.6189E-04  Conservation loss: 3.6543E-15
Iteration:     580  Time: 5.800E-01  Max CFL: 6.571E-02  Max Diff. No.: -1.000E+00  Norm: 9.6189E-04  Conservation loss: 3.6560E-15
Iteration:     600  Time: 6.000E-01  Max CFL: 6.573E-02  Max Diff. No.: -1.000E+00  Norm: 9.6189E-04  Conservation loss: 4.5335E-15
Writing solution file op_00006.dat.
Iteration:     620  Time: 6.200E-01  Max CFL: 6.573E-02  Max Diff. No.: -1.000E+00  Norm: 9.6189E-04  Conservation loss: 6.4476E-15
Iteration:     640  Time: 6.400E-01  Max CFL: 6.571E-02  Max Diff. No.: -1.000E+00  Norm: 9.6189E-04  Conservation loss: 3.1146E-15
Iteration:     660  Time: 6.600E-01  Max CFL: 6.573E-02  Max Diff. No.: -1.000E+00  Norm: 9.6189E-04  Conservation loss: 2.9637E-15
Iteration:     680  Time: 6.800E-01  Max CFL: 6.572E-02  Max Diff. No.: -1.000E+00  Norm: 9.6189E-04  Conservation loss: 3.5567E-15
Iteration:     700  Time: 7.000E-01  Max CFL: 6.572E-02  Max Diff. No.: -1.000E+00  Norm: 9.6189E-04  Conservation loss: 7.7540E-15
Writing solution file op_00007.dat.
Iteration:     720  Time: 7.200E-01  Max CFL: 6.573E-02  Max Diff. No.: -1.000E+00  Norm: 9.6189E-04  Conservation loss: 4.1943E-15
Iteration:     740  Time: 7.400E-01  Max CFL: 6.572E-02  Max Diff. No.: -1.000E+00  Norm: 9.6189E-04  Conservation loss: 3.3705E-15
Iteration:     760  Time: 7.600E-01  Max CFL: 6.572E-02  Max Diff. No.: -1.000E+00  Norm: 9.6189E-04  Conservation loss: 3.6989E-15
Iteration:     780  Time: 7.800E-01  Max CFL: 6.573E-02  Max Diff. No.: -1.000E+00  Norm: 9.6189E-04  Conservation loss: 4.2425E-15
Iteration:     800  Time: 8.000E-01  Max CFL: 6.571E-02  Max Diff. No.: -1.000E+00  Norm: 9.6188E-04  Conservation loss: 7.7487E-15
Writing solution file op_00008.dat.
Iteration:     820  Time: 8.200E-01  Max CFL: 6.573E-02  Max Diff. No.: -1.000E+00  Norm: 9.6188E-04  Conservation loss: 2.9445E-15
Iteration:     840  Time: 8.400E-01  Max CFL: 6.573E-02  Max Diff. No.: -1.000E+00  Norm: 9.6188E-04  Conservation loss: 2.4309E-15
Iteration:     860  Time: 8.600E-01  Max CFL: 6.571E-02  Max Diff. No.: -1.000E+00  Norm: 9.6188E-04  Conservation loss: 3.6962E-15
Iteration:     880  Time: 8.800E-01  Max CFL: 6.573E-02  Max Diff. No.: -1.000E+00  Norm: 9.6188E-04  Conservation loss: 2.9491E-15
Iteration:     900  Time: 9.000E-01  Max CFL: 6.573E-02  Max Diff. No.: -1.000E+00  Norm: 9.6188E-04  Conservation loss: 5.8825E-15
Writing solution file op_00009.dat.
Iteration:     920  Time: 9.200E-01  Max CFL: 6.571E-02  Max Diff. No.: -1.000E+00  Norm: 9.6188E-04  Conservation loss: 3.1106E-15
Iteration:     940  Time: 9.400E-01  Max CFL: 6.573E-02  Max Diff. No.: -1.000E+00  Norm: 9.6188E-04  Conservation loss: 2.1631E-15
Iteration:     960  Time: 9.600E-01  Max CFL: 6.572E-02  Max Diff. No.: -1.000E+00  Norm: 9.6188E-04  Conservation loss: 4.5527E-15
Iteration:     980  Time: 9.800E-01  Max CFL: 6.572E-02  Max Diff. No.: -1.000E+00  Norm: 9.6188E-04  Conservation loss: 4.9718E-15
Iteration:    1000  Time: 1.000E+00  Max CFL: 6.573E-02  Max Diff. No.: -1.000E+00  Norm: 9.6188E-04  Conservation loss: 4.3307E-15
Writing solution file op_00010.dat.
Completed time integration (Final time: 1.000000).
Reading array from binary file exact.inp (Serial mode).
Computed errors:
  L1         Error           : 4.2992679012546378E-07
  L2         Error           : 5.0559180891578906E-07
  Linfinity  Error           : 9.9165534232772612E-07
Conservation Errors:
	1.1102230246251565E-16
	1.1102230246251565E-16
	1.1102230246251565E-16
	1.1102230246251565E-16
	4.3250427394093200E-15
Solver runtime (in seconds): 1.3417541100000000E+02
Total  runtime (in seconds): 1.3431740700000000E+02
Deallocating arrays.
Finished.
