HyPar - Parallel (MPI) version with 4 processes
Compiled with PETSc time integration.
Reading solver inputs from file "solver.inp".
	No. of dimensions                          : 2
	No. of variables                           : 4
	Domain size                                : 201 201 
	Processes along each dimension             : 2 2 
	No. of ghosts pts                          : 3
	No. of iter.                               : 250
	Restart iteration                          : 0
	Time integration scheme                    : rk (ssprk3)
	Spatial discretization scheme (hyperbolic) : weno5
	Split hyperbolic flux term?                : no
	Interpolation type for hyperbolic term     : characteristic
	Spatial discretization type   (parabolic ) : nonconservative-1stage
	Spatial discretization scheme (parabolic ) : 2
	Time Step                                  : 1.000000E-03
	Check for conservation                     : no
	Screen output iterations                   : 5
	File output iterations                     : 25
	Initial solution file type                 : ascii
	Initial solution read mode                 : serial
	Solution file write mode                   : serial
	Solution file format                       : tecplot2d
	Overwrite solution file                    : no
	Physical model                             : navierstokes2d
Partitioning domain.
Allocating data arrays.
Reading array from ASCII file initial.inp (Serial mode).
Volume integral of the initial solution:
 0:  8.1131000000013331E-01
 1:  3.6014439999993508E-01
 2:  3.6014439999993508E-01
 3:  2.1526268049998598E+00
Reading boundary conditions from "boundary.inp".
  Boundary                    extrapolate:  Along dimension  0 and face +1
  Boundary                    extrapolate:  Along dimension  0 and face -1
  Boundary                    extrapolate:  Along dimension  1 and face +1
  Boundary                    extrapolate:  Along dimension  1 and face -1
4 boundary condition(s) read.
Initializing solvers.
Reading WENO parameters from weno.inp.
Initializing physics. Model = "navierstokes2d"
Reading physical model inputs from file "physics.inp".
Setting up time integration.
Solving in time (from 0 to 250 iterations)
Writing solution file op_00000.dat.
Iteration:       5  Time: 5.000E-03  Max CFL: 4.160E-01  Max Diff. No.: -1.000E+00  Norm: 5.0377E-02  
Iteration:      10  Time: 1.000E-02  Max CFL: 4.194E-01  Max Diff. No.: -1.000E+00  Norm: 4.7008E-02  
Iteration:      15  Time: 1.500E-02  Max CFL: 4.184E-01  Max Diff. No.: -1.000E+00  Norm: 4.5886E-02  
Iteration:      20  Time: 2.000E-02  Max CFL: 4.178E-01  Max Diff. No.: -1.000E+00  Norm: 4.7100E-02  
Iteration:      25  Time: 2.500E-02  Max CFL: 4.250E-01  Max Diff. No.: -1.000E+00  Norm: 4.6940E-02  
Writing solution file op_00001.dat.
Iteration:      30  Time: 3.000E-02  Max CFL: 4.326E-01  Max Diff. No.: -1.000E+00  Norm: 4.7200E-02  
Iteration:      35  Time: 3.500E-02  Max CFL: 4.368E-01  Max Diff. No.: -1.000E+00  Norm: 4.8881E-02  
Iteration:      40  Time: 4.000E-02  Max CFL: 4.419E-01  Max Diff. No.: -1.000E+00  Norm: 4.8287E-02  
Iteration:      45  Time: 4.500E-02  Max CFL: 4.490E-01  Max Diff. No.: -1.000E+00  Norm: 4.8415E-02  
Iteration:      50  Time: 5.000E-02  Max CFL: 4.544E-01  Max Diff. No.: -1.000E+00  Norm: 5.0128E-02  
Writing solution file op_00002.dat.
Iteration:      55  Time: 5.500E-02  Max CFL: 4.550E-01  Max Diff. No.: -1.000E+00  Norm: 5.0085E-02  
Iteration:      60  Time: 6.000E-02  Max CFL: 4.620E-01  Max Diff. No.: -1.000E+00  Norm: 4.9969E-02  
Iteration:      65  Time: 6.500E-02  Max CFL: 4.691E-01  Max Diff. No.: -1.000E+00  Norm: 5.1315E-02  
Iteration:      70  Time: 7.000E-02  Max CFL: 4.731E-01  Max Diff. No.: -1.000E+00  Norm: 5.1266E-02  
Iteration:      75  Time: 7.500E-02  Max CFL: 4.732E-01  Max Diff. No.: -1.000E+00  Norm: 5.2002E-02  
Writing solution file op_00003.dat.
Iteration:      80  Time: 8.000E-02  Max CFL: 4.809E-01  Max Diff. No.: -1.000E+00  Norm: 5.2821E-02  
Iteration:      85  Time: 8.500E-02  Max CFL: 4.870E-01  Max Diff. No.: -1.000E+00  Norm: 5.2476E-02  
Iteration:      90  Time: 9.000E-02  Max CFL: 4.893E-01  Max Diff. No.: -1.000E+00  Norm: 5.3056E-02  
Iteration:      95  Time: 9.500E-02  Max CFL: 4.876E-01  Max Diff. No.: -1.000E+00  Norm: 5.4406E-02  
Iteration:     100  Time: 1.000E-01  Max CFL: 4.929E-01  Max Diff. No.: -1.000E+00  Norm: 5.3954E-02  
Writing solution file op_00004.dat.
Iteration:     105  Time: 1.050E-01  Max CFL: 4.976E-01  Max Diff. No.: -1.000E+00  Norm: 5.4555E-02  
Iteration:     110  Time: 1.100E-01  Max CFL: 4.989E-01  Max Diff. No.: -1.000E+00  Norm: 5.5292E-02  
Iteration:     115  Time: 1.150E-01  Max CFL: 5.044E-01  Max Diff. No.: -1.000E+00  Norm: 5.5373E-02  
Iteration:     120  Time: 1.200E-01  Max CFL: 5.072E-01  Max Diff. No.: -1.000E+00  Norm: 5.5926E-02  
Iteration:     125  Time: 1.250E-01  Max CFL: 5.066E-01  Max Diff. No.: -1.000E+00  Norm: 5.6541E-02  
Writing solution file op_00005.dat.
Iteration:     130  Time: 1.300E-01  Max CFL: 5.125E-01  Max Diff. No.: -1.000E+00  Norm: 5.6235E-02  
Iteration:     135  Time: 1.350E-01  Max CFL: 5.165E-01  Max Diff. No.: -1.000E+00  Norm: 5.7527E-02  
Iteration:     140  Time: 1.400E-01  Max CFL: 5.172E-01  Max Diff. No.: -1.000E+00  Norm: 5.7790E-02  
Iteration:     145  Time: 1.450E-01  Max CFL: 5.154E-01  Max Diff. No.: -1.000E+00  Norm: 5.7671E-02  
Iteration:     150  Time: 1.500E-01  Max CFL: 5.199E-01  Max Diff. No.: -1.000E+00  Norm: 5.8341E-02  
Writing solution file op_00006.dat.
Iteration:     155  Time: 1.550E-01  Max CFL: 5.234E-01  Max Diff. No.: -1.000E+00  Norm: 5.9076E-02  
Iteration:     160  Time: 1.600E-01  Max CFL: 5.240E-01  Max Diff. No.: -1.000E+00  Norm: 5.8772E-02  
Iteration:     165  Time: 1.650E-01  Max CFL: 5.244E-01  Max Diff. No.: -1.000E+00  Norm: 5.9843E-02  
Iteration:     170  Time: 1.700E-01  Max CFL: 5.253E-01  Max Diff. No.: -1.000E+00  Norm: 5.9751E-02  
Iteration:     175  Time: 1.750E-01  Max CFL: 5.262E-01  Max Diff. No.: -1.000E+00  Norm: 6.0037E-02  
Writing solution file op_00007.dat.
Iteration:     180  Time: 1.800E-01  Max CFL: 5.291E-01  Max Diff. No.: -1.000E+00  Norm: 6.0943E-02  
Iteration:     185  Time: 1.850E-01  Max CFL: 5.310E-01  Max Diff. No.: -1.000E+00  Norm: 6.0898E-02  
Iteration:     190  Time: 1.900E-01  Max CFL: 5.311E-01  Max Diff. No.: -1.000E+00  Norm: 6.0664E-02  
Iteration:     195  Time: 1.950E-01  Max CFL: 5.314E-01  Max Diff. No.: -1.000E+00  Norm: 6.1977E-02  
Iteration:     200  Time: 2.000E-01  Max CFL: 5.329E-01  Max Diff. No.: -1.000E+00  Norm: 6.2021E-02  
Writing solution file op_00008.dat.
Iteration:     205  Time: 2.050E-01  Max CFL: 5.333E-01  Max Diff. No.: -1.000E+00  Norm: 6.2052E-02  
Iteration:     210  Time: 2.100E-01  Max CFL: 5.329E-01  Max Diff. No.: -1.000E+00  Norm: 6.2901E-02  
Iteration:     215  Time: 2.150E-01  Max CFL: 5.326E-01  Max Diff. No.: -1.000E+00  Norm: 6.2774E-02  
Iteration:     220  Time: 2.200E-01  Max CFL: 5.325E-01  Max Diff. No.: -1.000E+00  Norm: 6.3254E-02  
Iteration:     225  Time: 2.250E-01  Max CFL: 5.340E-01  Max Diff. No.: -1.000E+00  Norm: 6.3712E-02  
Writing solution file op_00009.dat.
Iteration:     230  Time: 2.300E-01  Max CFL: 5.346E-01  Max Diff. No.: -1.000E+00  Norm: 6.4044E-02  
Iteration:     235  Time: 2.350E-01  Max CFL: 5.338E-01  Max Diff. No.: -1.000E+00  Norm: 6.4045E-02  
Iteration:     240  Time: 2.400E-01  Max CFL: 5.345E-01  Max Diff. No.: -1.000E+00  Norm: 6.5335E-02  
Iteration:     245  Time: 2.450E-01  Max CFL: 5.349E-01  Max Diff. No.: -1.000E+00  Norm: 6.4700E-02  
Iteration:     250  Time: 2.500E-01  Max CFL: 5.338E-01  Max Diff. No.: -1.000E+00  Norm: 6.5624E-02  
Writing solution file op_00010.dat.
Completed time integration (Final time: 0.250000).
Computed errors:
  L1         Error           : 0.0000000000000000E+00
  L2         Error           : 0.0000000000000000E+00
  Linfinity  Error           : 0.0000000000000000E+00
Conservation Errors:
	0.0000000000000000E+00
	0.0000000000000000E+00
	0.0000000000000000E+00
	0.0000000000000000E+00
Solver runtime (in seconds): 6.8764951999999994E+01
Total  runtime (in seconds): 6.8830586999999994E+01
Deallocating arrays.
Finished.
