HyPar - Parallel (MPI) version with 6 processes
Compiled with PETSc time integration.
Reading solver inputs from file "solver.inp".
	No. of dimensions                          : 2
	No. of variables                           : 4
	Domain size                                : 226 502 
	Processes along each dimension             : 2 3 
	No. of ghosts pts                          : 3
	No. of iter.                               : 400
	Restart iteration                          : 0
	Time integration scheme                    : PETSc 
	Spatial discretization scheme (hyperbolic) : weno5
	Split hyperbolic flux term?                : no
	Interpolation type for hyperbolic term     : components
	Spatial discretization type   (parabolic ) : nonconservative-2stage
	Spatial discretization scheme (parabolic ) : 4
	Time Step                                  : 5.000000E-02
	Check for conservation                     : no
	Screen output iterations                   : 1
	File output iterations                     : 10
	Initial solution file type                 : binary
	Initial solution read mode                 : serial
	Solution file write mode                   : serial
	Solution file format                       : binary
	Overwrite solution file                    : yes
	Physical model                             : navierstokes2d
Partitioning domain.
Allocating data arrays.
Reading array from binary file initial.inp (Serial mode).
Volume integral of the initial solution:
 0:  3.1451541361714314E-01
 1:  9.4354624085191963E-02
 2:  0.0000000000000000E+00
 3:  5.7578786078649591E-01
Reading boundary conditions from "boundary.inp".
  Boundary                      slip-wall:  Along dimension  1 and face +1
  Boundary                    noslip-wall:  Along dimension  1 and face +1
  Boundary               subsonic-outflow:  Along dimension  1 and face -1
  Boundary                subsonic-inflow:  Along dimension  0 and face +1
  Boundary               subsonic-outflow:  Along dimension  0 and face -1
5 boundary condition(s) read.
Initializing solvers.
Reading WENO parameters from weno.inp.
Initializing physics. Model = "navierstokes2d"
Reading physical model inputs from file "physics.inp".
Setting up PETSc time integration... 
Implicit-Explicit time-integration:-
Hyperbolic        term: Implicit
Parabolic         term: Implicit
Source            term: Implicit
SolvePETSc(): Problem type is nonlinear.
** Starting PETSc time integration **
Writing solution file op.bin.
Iteration:      1  Time: 5.000E-02  Max CFL: 1.011E+02  Max Diff. No.: -1.000E+00  
Iteration:      2  Time: 1.000E-01  Max CFL: 1.013E+02  Max Diff. No.: -1.000E+00  
Iteration:      3  Time: 1.500E-01  Max CFL: 1.014E+02  Max Diff. No.: -1.000E+00  
Iteration:      4  Time: 2.000E-01  Max CFL: 1.015E+02  Max Diff. No.: -1.000E+00  
Iteration:      5  Time: 2.500E-01  Max CFL: 1.015E+02  Max Diff. No.: -1.000E+00  
Iteration:      6  Time: 3.000E-01  Max CFL: 1.015E+02  Max Diff. No.: -1.000E+00  
Iteration:      7  Time: 3.500E-01  Max CFL: 1.015E+02  Max Diff. No.: -1.000E+00  
Iteration:      8  Time: 4.000E-01  Max CFL: 1.015E+02  Max Diff. No.: -1.000E+00  
Iteration:      9  Time: 4.500E-01  Max CFL: 1.015E+02  Max Diff. No.: -1.000E+00  
Iteration:     10  Time: 5.000E-01  Max CFL: 1.015E+02  Max Diff. No.: -1.000E+00  
Writing solution file op.bin.
Iteration:     11  Time: 5.500E-01  Max CFL: 1.015E+02  Max Diff. No.: -1.000E+00  
Iteration:     12  Time: 6.000E-01  Max CFL: 1.014E+02  Max Diff. No.: -1.000E+00  
Iteration:     13  Time: 6.500E-01  Max CFL: 1.014E+02  Max Diff. No.: -1.000E+00  
Iteration:     14  Time: 7.000E-01  Max CFL: 1.014E+02  Max Diff. No.: -1.000E+00  
Iteration:     15  Time: 7.500E-01  Max CFL: 1.015E+02  Max Diff. No.: -1.000E+00  
Iteration:     16  Time: 8.000E-01  Max CFL: 1.014E+02  Max Diff. No.: -1.000E+00  
Iteration:     17  Time: 8.500E-01  Max CFL: 1.014E+02  Max Diff. No.: -1.000E+00  
Iteration:     18  Time: 9.000E-01  Max CFL: 1.014E+02  Max Diff. No.: -1.000E+00  
Iteration:     19  Time: 9.500E-01  Max CFL: 1.014E+02  Max Diff. No.: -1.000E+00  
Iteration:     20  Time: 1.000E+00  Max CFL: 1.014E+02  Max Diff. No.: -1.000E+00  
Writing solution file op.bin.
Iteration:     21  Time: 1.050E+00  Max CFL: 1.014E+02  Max Diff. No.: -1.000E+00  
Iteration:     22  Time: 1.100E+00  Max CFL: 1.014E+02  Max Diff. No.: -1.000E+00  
Iteration:     23  Time: 1.150E+00  Max CFL: 1.014E+02  Max Diff. No.: -1.000E+00  
Iteration:     24  Time: 1.200E+00  Max CFL: 1.014E+02  Max Diff. No.: -1.000E+00  
Iteration:     25  Time: 1.250E+00  Max CFL: 1.014E+02  Max Diff. No.: -1.000E+00  
Iteration:     26  Time: 1.300E+00  Max CFL: 1.015E+02  Max Diff. No.: -1.000E+00  
Iteration:     27  Time: 1.350E+00  Max CFL: 1.015E+02  Max Diff. No.: -1.000E+00  
Iteration:     28  Time: 1.400E+00  Max CFL: 1.015E+02  Max Diff. No.: -1.000E+00  
Iteration:     29  Time: 1.450E+00  Max CFL: 1.015E+02  Max Diff. No.: -1.000E+00  
Iteration:     30  Time: 1.500E+00  Max CFL: 1.015E+02  Max Diff. No.: -1.000E+00  
Writing solution file op.bin.
Iteration:     31  Time: 1.550E+00  Max CFL: 1.015E+02  Max Diff. No.: -1.000E+00  
Iteration:     32  Time: 1.600E+00  Max CFL: 1.015E+02  Max Diff. No.: -1.000E+00  
Iteration:     33  Time: 1.650E+00  Max CFL: 1.015E+02  Max Diff. No.: -1.000E+00  
Iteration:     34  Time: 1.700E+00  Max CFL: 1.015E+02  Max Diff. No.: -1.000E+00  
Iteration:     35  Time: 1.750E+00  Max CFL: 1.015E+02  Max Diff. No.: -1.000E+00  
Iteration:     36  Time: 1.800E+00  Max CFL: 1.015E+02  Max Diff. No.: -1.000E+00  
Iteration:     37  Time: 1.850E+00  Max CFL: 1.015E+02  Max Diff. No.: -1.000E+00  
Iteration:     38  Time: 1.900E+00  Max CFL: 1.015E+02  Max Diff. No.: -1.000E+00  
Iteration:     39  Time: 1.950E+00  Max CFL: 1.014E+02  Max Diff. No.: -1.000E+00  
Iteration:     40  Time: 2.000E+00  Max CFL: 1.014E+02  Max Diff. No.: -1.000E+00  
Writing solution file op.bin.
Iteration:     41  Time: 2.050E+00  Max CFL: 1.014E+02  Max Diff. No.: -1.000E+00  
Iteration:     42  Time: 2.100E+00  Max CFL: 1.014E+02  Max Diff. No.: -1.000E+00  
Iteration:     43  Time: 2.150E+00  Max CFL: 1.014E+02  Max Diff. No.: -1.000E+00  
Iteration:     44  Time: 2.200E+00  Max CFL: 1.014E+02  Max Diff. No.: -1.000E+00  
Iteration:     45  Time: 2.250E+00  Max CFL: 1.014E+02  Max Diff. No.: -1.000E+00  
Iteration:     46  Time: 2.300E+00  Max CFL: 1.015E+02  Max Diff. No.: -1.000E+00  
Iteration:     47  Time: 2.350E+00  Max CFL: 1.015E+02  Max Diff. No.: -1.000E+00  
Iteration:     48  Time: 2.400E+00  Max CFL: 1.015E+02  Max Diff. No.: -1.000E+00  
Iteration:     49  Time: 2.450E+00  Max CFL: 1.015E+02  Max Diff. No.: -1.000E+00  
Iteration:     50  Time: 2.500E+00  Max CFL: 1.015E+02  Max Diff. No.: -1.000E+00  
Writing solution file op.bin.
Iteration:     51  Time: 2.550E+00  Max CFL: 1.015E+02  Max Diff. No.: -1.000E+00  
Iteration:     52  Time: 2.600E+00  Max CFL: 1.015E+02  Max Diff. No.: -1.000E+00  
Iteration:     53  Time: 2.650E+00  Max CFL: 1.015E+02  Max Diff. No.: -1.000E+00  
Iteration:     54  Time: 2.700E+00  Max CFL: 1.015E+02  Max Diff. No.: -1.000E+00  
Iteration:     55  Time: 2.750E+00  Max CFL: 1.015E+02  Max Diff. No.: -1.000E+00  
Iteration:     56  Time: 2.800E+00  Max CFL: 1.015E+02  Max Diff. No.: -1.000E+00  
Iteration:     57  Time: 2.850E+00  Max CFL: 1.015E+02  Max Diff. No.: -1.000E+00  
Iteration:     58  Time: 2.900E+00  Max CFL: 1.015E+02  Max Diff. No.: -1.000E+00  
Iteration:     59  Time: 2.950E+00  Max CFL: 1.015E+02  Max Diff. No.: -1.000E+00  
Iteration:     60  Time: 3.000E+00  Max CFL: 1.014E+02  Max Diff. No.: -1.000E+00  
Writing solution file op.bin.
Iteration:     61  Time: 3.050E+00  Max CFL: 1.014E+02  Max Diff. No.: -1.000E+00  
Iteration:     62  Time: 3.100E+00  Max CFL: 1.014E+02  Max Diff. No.: -1.000E+00  
Iteration:     63  Time: 3.150E+00  Max CFL: 1.014E+02  Max Diff. No.: -1.000E+00  
Iteration:     64  Time: 3.200E+00  Max CFL: 1.014E+02  Max Diff. No.: -1.000E+00  
Iteration:     65  Time: 3.250E+00  Max CFL: 1.014E+02  Max Diff. No.: -1.000E+00  
Iteration:     66  Time: 3.300E+00  Max CFL: 1.014E+02  Max Diff. No.: -1.000E+00  
Iteration:     67  Time: 3.350E+00  Max CFL: 1.015E+02  Max Diff. No.: -1.000E+00  
Iteration:     68  Time: 3.400E+00  Max CFL: 1.015E+02  Max Diff. No.: -1.000E+00  
Iteration:     69  Time: 3.450E+00  Max CFL: 1.015E+02  Max Diff. No.: -1.000E+00  
Iteration:     70  Time: 3.500E+00  Max CFL: 1.015E+02  Max Diff. No.: -1.000E+00  
Writing solution file op.bin.
Iteration:     71  Time: 3.550E+00  Max CFL: 1.015E+02  Max Diff. No.: -1.000E+00  
Iteration:     72  Time: 3.600E+00  Max CFL: 1.015E+02  Max Diff. No.: -1.000E+00  
Iteration:     73  Time: 3.650E+00  Max CFL: 1.015E+02  Max Diff. No.: -1.000E+00  
Iteration:     74  Time: 3.700E+00  Max CFL: 1.015E+02  Max Diff. No.: -1.000E+00  
Iteration:     75  Time: 3.750E+00  Max CFL: 1.015E+02  Max Diff. No.: -1.000E+00  
Iteration:     76  Time: 3.800E+00  Max CFL: 1.015E+02  Max Diff. No.: -1.000E+00  
Iteration:     77  Time: 3.850E+00  Max CFL: 1.015E+02  Max Diff. No.: -1.000E+00  
Iteration:     78  Time: 3.900E+00  Max CFL: 1.015E+02  Max Diff. No.: -1.000E+00  
Iteration:     79  Time: 3.950E+00  Max CFL: 1.015E+02  Max Diff. No.: -1.000E+00  
Iteration:     80  Time: 4.000E+00  Max CFL: 1.015E+02  Max Diff. No.: -1.000E+00  
Writing solution file op.bin.
Iteration:     81  Time: 4.050E+00  Max CFL: 1.014E+02  Max Diff. No.: -1.000E+00  
Iteration:     82  Time: 4.100E+00  Max CFL: 1.014E+02  Max Diff. No.: -1.000E+00  
Iteration:     83  Time: 4.150E+00  Max CFL: 1.014E+02  Max Diff. No.: -1.000E+00  
Iteration:     84  Time: 4.200E+00  Max CFL: 1.014E+02  Max Diff. No.: -1.000E+00  
Iteration:     85  Time: 4.250E+00  Max CFL: 1.014E+02  Max Diff. No.: -1.000E+00  
Iteration:     86  Time: 4.300E+00  Max CFL: 1.014E+02  Max Diff. No.: -1.000E+00  
Iteration:     87  Time: 4.350E+00  Max CFL: 1.015E+02  Max Diff. No.: -1.000E+00  
Iteration:     88  Time: 4.400E+00  Max CFL: 1.015E+02  Max Diff. No.: -1.000E+00  
Iteration:     89  Time: 4.450E+00  Max CFL: 1.015E+02  Max Diff. No.: -1.000E+00  
Iteration:     90  Time: 4.500E+00  Max CFL: 1.015E+02  Max Diff. No.: -1.000E+00  
Writing solution file op.bin.
Iteration:     91  Time: 4.550E+00  Max CFL: 1.015E+02  Max Diff. No.: -1.000E+00  
Iteration:     92  Time: 4.600E+00  Max CFL: 1.015E+02  Max Diff. No.: -1.000E+00  
Iteration:     93  Time: 4.650E+00  Max CFL: 1.015E+02  Max Diff. No.: -1.000E+00  
Iteration:     94  Time: 4.700E+00  Max CFL: 1.015E+02  Max Diff. No.: -1.000E+00  
Iteration:     95  Time: 4.750E+00  Max CFL: 1.015E+02  Max Diff. No.: -1.000E+00  
Iteration:     96  Time: 4.800E+00  Max CFL: 1.015E+02  Max Diff. No.: -1.000E+00  
Iteration:     97  Time: 4.850E+00  Max CFL: 1.015E+02  Max Diff. No.: -1.000E+00  
Iteration:     98  Time: 4.900E+00  Max CFL: 1.015E+02  Max Diff. No.: -1.000E+00  
Iteration:     99  Time: 4.950E+00  Max CFL: 1.015E+02  Max Diff. No.: -1.000E+00  
Iteration:    100  Time: 5.000E+00  Max CFL: 1.015E+02  Max Diff. No.: -1.000E+00  
Writing solution file op.bin.
Iteration:    101  Time: 5.050E+00  Max CFL: 1.015E+02  Max Diff. No.: -1.000E+00  
Iteration:    102  Time: 5.100E+00  Max CFL: 1.014E+02  Max Diff. No.: -1.000E+00  
Iteration:    103  Time: 5.150E+00  Max CFL: 1.014E+02  Max Diff. No.: -1.000E+00  
Iteration:    104  Time: 5.200E+00  Max CFL: 1.014E+02  Max Diff. No.: -1.000E+00  
Iteration:    105  Time: 5.250E+00  Max CFL: 1.014E+02  Max Diff. No.: -1.000E+00  
Iteration:    106  Time: 5.300E+00  Max CFL: 1.014E+02  Max Diff. No.: -1.000E+00  
Iteration:    107  Time: 5.350E+00  Max CFL: 1.015E+02  Max Diff. No.: -1.000E+00  
Iteration:    108  Time: 5.400E+00  Max CFL: 1.015E+02  Max Diff. No.: -1.000E+00  
Iteration:    109  Time: 5.450E+00  Max CFL: 1.015E+02  Max Diff. No.: -1.000E+00  
Iteration:    110  Time: 5.500E+00  Max CFL: 1.015E+02  Max Diff. No.: -1.000E+00  
Writing solution file op.bin.
Iteration:    111  Time: 5.550E+00  Max CFL: 1.015E+02  Max Diff. No.: -1.000E+00  
Iteration:    112  Time: 5.600E+00  Max CFL: 1.015E+02  Max Diff. No.: -1.000E+00  
Iteration:    113  Time: 5.650E+00  Max CFL: 1.015E+02  Max Diff. No.: -1.000E+00  
Iteration:    114  Time: 5.700E+00  Max CFL: 1.015E+02  Max Diff. No.: -1.000E+00  
Iteration:    115  Time: 5.750E+00  Max CFL: 1.015E+02  Max Diff. No.: -1.000E+00  
Iteration:    116  Time: 5.800E+00  Max CFL: 1.015E+02  Max Diff. No.: -1.000E+00  
Iteration:    117  Time: 5.850E+00  Max CFL: 1.015E+02  Max Diff. No.: -1.000E+00  
Iteration:    118  Time: 5.900E+00  Max CFL: 1.015E+02  Max Diff. No.: -1.000E+00  
Iteration:    119  Time: 5.950E+00  Max CFL: 1.015E+02  Max Diff. No.: -1.000E+00  
Iteration:    120  Time: 6.000E+00  Max CFL: 1.015E+02  Max Diff. No.: -1.000E+00  
Writing solution file op.bin.
Iteration:    121  Time: 6.050E+00  Max CFL: 1.015E+02  Max Diff. No.: -1.000E+00  
Iteration:    122  Time: 6.100E+00  Max CFL: 1.015E+02  Max Diff. No.: -1.000E+00  
Iteration:    123  Time: 6.150E+00  Max CFL: 1.015E+02  Max Diff. No.: -1.000E+00  
Iteration:    124  Time: 6.200E+00  Max CFL: 1.014E+02  Max Diff. No.: -1.000E+00  
Iteration:    125  Time: 6.250E+00  Max CFL: 1.014E+02  Max Diff. No.: -1.000E+00  
Iteration:    126  Time: 6.300E+00  Max CFL: 1.014E+02  Max Diff. No.: -1.000E+00  
Iteration:    127  Time: 6.350E+00  Max CFL: 1.014E+02  Max Diff. No.: -1.000E+00  
Iteration:    128  Time: 6.400E+00  Max CFL: 1.015E+02  Max Diff. No.: -1.000E+00  
Iteration:    129  Time: 6.450E+00  Max CFL: 1.015E+02  Max Diff. No.: -1.000E+00  
Iteration:    130  Time: 6.500E+00  Max CFL: 1.015E+02  Max Diff. No.: -1.000E+00  
Writing solution file op.bin.
Iteration:    131  Time: 6.550E+00  Max CFL: 1.015E+02  Max Diff. No.: -1.000E+00  
Iteration:    132  Time: 6.600E+00  Max CFL: 1.015E+02  Max Diff. No.: -1.000E+00  
Iteration:    133  Time: 6.650E+00  Max CFL: 1.015E+02  Max Diff. No.: -1.000E+00  
Iteration:    134  Time: 6.700E+00  Max CFL: 1.015E+02  Max Diff. No.: -1.000E+00  
Iteration:    135  Time: 6.750E+00  Max CFL: 1.015E+02  Max Diff. No.: -1.000E+00  
Iteration:    136  Time: 6.800E+00  Max CFL: 1.015E+02  Max Diff. No.: -1.000E+00  
Iteration:    137  Time: 6.850E+00  Max CFL: 1.015E+02  Max Diff. No.: -1.000E+00  
Iteration:    138  Time: 6.900E+00  Max CFL: 1.015E+02  Max Diff. No.: -1.000E+00  
Iteration:    139  Time: 6.950E+00  Max CFL: 1.015E+02  Max Diff. No.: -1.000E+00  
Iteration:    140  Time: 7.000E+00  Max CFL: 1.015E+02  Max Diff. No.: -1.000E+00  
Writing solution file op.bin.
Iteration:    141  Time: 7.050E+00  Max CFL: 1.015E+02  Max Diff. No.: -1.000E+00  
Iteration:    142  Time: 7.100E+00  Max CFL: 1.015E+02  Max Diff. No.: -1.000E+00  
Iteration:    143  Time: 7.150E+00  Max CFL: 1.015E+02  Max Diff. No.: -1.000E+00  
Iteration:    144  Time: 7.200E+00  Max CFL: 1.015E+02  Max Diff. No.: -1.000E+00  
Iteration:    145  Time: 7.250E+00  Max CFL: 1.014E+02  Max Diff. No.: -1.000E+00  
Iteration:    146  Time: 7.300E+00  Max CFL: 1.014E+02  Max Diff. No.: -1.000E+00  
Iteration:    147  Time: 7.350E+00  Max CFL: 1.014E+02  Max Diff. No.: -1.000E+00  
Iteration:    148  Time: 7.400E+00  Max CFL: 1.014E+02  Max Diff. No.: -1.000E+00  
Iteration:    149  Time: 7.450E+00  Max CFL: 1.014E+02  Max Diff. No.: -1.000E+00  
Iteration:    150  Time: 7.500E+00  Max CFL: 1.014E+02  Max Diff. No.: -1.000E+00  
Writing solution file op.bin.
Iteration:    151  Time: 7.550E+00  Max CFL: 1.015E+02  Max Diff. No.: -1.000E+00  
Iteration:    152  Time: 7.600E+00  Max CFL: 1.015E+02  Max Diff. No.: -1.000E+00  
Iteration:    153  Time: 7.650E+00  Max CFL: 1.015E+02  Max Diff. No.: -1.000E+00  
Iteration:    154  Time: 7.700E+00  Max CFL: 1.015E+02  Max Diff. No.: -1.000E+00  
Iteration:    155  Time: 7.750E+00  Max CFL: 1.015E+02  Max Diff. No.: -1.000E+00  
Iteration:    156  Time: 7.800E+00  Max CFL: 1.015E+02  Max Diff. No.: -1.000E+00  
Iteration:    157  Time: 7.850E+00  Max CFL: 1.015E+02  Max Diff. No.: -1.000E+00  
Iteration:    158  Time: 7.900E+00  Max CFL: 1.015E+02  Max Diff. No.: -1.000E+00  
Iteration:    159  Time: 7.950E+00  Max CFL: 1.015E+02  Max Diff. No.: -1.000E+00  
Iteration:    160  Time: 8.000E+00  Max CFL: 1.015E+02  Max Diff. No.: -1.000E+00  
Writing solution file op.bin.
Iteration:    161  Time: 8.050E+00  Max CFL: 1.015E+02  Max Diff. No.: -1.000E+00  
Iteration:    162  Time: 8.100E+00  Max CFL: 1.015E+02  Max Diff. No.: -1.000E+00  
Iteration:    163  Time: 8.150E+00  Max CFL: 1.015E+02  Max Diff. No.: -1.000E+00  
Iteration:    164  Time: 8.200E+00  Max CFL: 1.015E+02  Max Diff. No.: -1.000E+00  
Iteration:    165  Time: 8.250E+00  Max CFL: 1.014E+02  Max Diff. No.: -1.000E+00  
Iteration:    166  Time: 8.300E+00  Max CFL: 1.014E+02  Max Diff. No.: -1.000E+00  
Iteration:    167  Time: 8.350E+00  Max CFL: 1.014E+02  Max Diff. No.: -1.000E+00  
Iteration:    168  Time: 8.400E+00  Max CFL: 1.014E+02  Max Diff. No.: -1.000E+00  
Iteration:    169  Time: 8.450E+00  Max CFL: 1.014E+02  Max Diff. No.: -1.000E+00  
Iteration:    170  Time: 8.500E+00  Max CFL: 1.014E+02  Max Diff. No.: -1.000E+00  
Writing solution file op.bin.
Iteration:    171  Time: 8.550E+00  Max CFL: 1.015E+02  Max Diff. No.: -1.000E+00  
Iteration:    172  Time: 8.600E+00  Max CFL: 1.015E+02  Max Diff. No.: -1.000E+00  
Iteration:    173  Time: 8.650E+00  Max CFL: 1.015E+02  Max Diff. No.: -1.000E+00  
Iteration:    174  Time: 8.700E+00  Max CFL: 1.015E+02  Max Diff. No.: -1.000E+00  
Iteration:    175  Time: 8.750E+00  Max CFL: 1.015E+02  Max Diff. No.: -1.000E+00  
Iteration:    176  Time: 8.800E+00  Max CFL: 1.015E+02  Max Diff. No.: -1.000E+00  
Iteration:    177  Time: 8.850E+00  Max CFL: 1.015E+02  Max Diff. No.: -1.000E+00  
Iteration:    178  Time: 8.900E+00  Max CFL: 1.015E+02  Max Diff. No.: -1.000E+00  
Iteration:    179  Time: 8.950E+00  Max CFL: 1.015E+02  Max Diff. No.: -1.000E+00  
Iteration:    180  Time: 9.000E+00  Max CFL: 1.015E+02  Max Diff. No.: -1.000E+00  
Writing solution file op.bin.
Iteration:    181  Time: 9.050E+00  Max CFL: 1.015E+02  Max Diff. No.: -1.000E+00  
Iteration:    182  Time: 9.100E+00  Max CFL: 1.015E+02  Max Diff. No.: -1.000E+00  
Iteration:    183  Time: 9.150E+00  Max CFL: 1.015E+02  Max Diff. No.: -1.000E+00  
Iteration:    184  Time: 9.200E+00  Max CFL: 1.015E+02  Max Diff. No.: -1.000E+00  
Iteration:    185  Time: 9.250E+00  Max CFL: 1.014E+02  Max Diff. No.: -1.000E+00  
Iteration:    186  Time: 9.300E+00  Max CFL: 1.014E+02  Max Diff. No.: -1.000E+00  
Iteration:    187  Time: 9.350E+00  Max CFL: 1.014E+02  Max Diff. No.: -1.000E+00  
Iteration:    188  Time: 9.400E+00  Max CFL: 1.014E+02  Max Diff. No.: -1.000E+00  
Iteration:    189  Time: 9.450E+00  Max CFL: 1.014E+02  Max Diff. No.: -1.000E+00  
Iteration:    190  Time: 9.500E+00  Max CFL: 1.014E+02  Max Diff. No.: -1.000E+00  
Writing solution file op.bin.
Iteration:    191  Time: 9.550E+00  Max CFL: 1.014E+02  Max Diff. No.: -1.000E+00  
Iteration:    192  Time: 9.600E+00  Max CFL: 1.015E+02  Max Diff. No.: -1.000E+00  
Iteration:    193  Time: 9.650E+00  Max CFL: 1.015E+02  Max Diff. No.: -1.000E+00  
Iteration:    194  Time: 9.700E+00  Max CFL: 1.015E+02  Max Diff. No.: -1.000E+00  
Iteration:    195  Time: 9.750E+00  Max CFL: 1.015E+02  Max Diff. No.: -1.000E+00  
Iteration:    196  Time: 9.800E+00  Max CFL: 1.015E+02  Max Diff. No.: -1.000E+00  
Iteration:    197  Time: 9.850E+00  Max CFL: 1.015E+02  Max Diff. No.: -1.000E+00  
Iteration:    198  Time: 9.900E+00  Max CFL: 1.015E+02  Max Diff. No.: -1.000E+00  
Iteration:    199  Time: 9.950E+00  Max CFL: 1.015E+02  Max Diff. No.: -1.000E+00  
Iteration:    200  Time: 1.000E+01  Max CFL: 1.015E+02  Max Diff. No.: -1.000E+00  
Writing solution file op.bin.
Iteration:    201  Time: 1.005E+01  Max CFL: 1.015E+02  Max Diff. No.: -1.000E+00  
Iteration:    202  Time: 1.010E+01  Max CFL: 1.015E+02  Max Diff. No.: -1.000E+00  
Iteration:    203  Time: 1.015E+01  Max CFL: 1.015E+02  Max Diff. No.: -1.000E+00  
Iteration:    204  Time: 1.020E+01  Max CFL: 1.015E+02  Max Diff. No.: -1.000E+00  
Iteration:    205  Time: 1.025E+01  Max CFL: 1.014E+02  Max Diff. No.: -1.000E+00  
Iteration:    206  Time: 1.030E+01  Max CFL: 1.014E+02  Max Diff. No.: -1.000E+00  
Iteration:    207  Time: 1.035E+01  Max CFL: 1.014E+02  Max Diff. No.: -1.000E+00  
Iteration:    208  Time: 1.040E+01  Max CFL: 1.014E+02  Max Diff. No.: -1.000E+00  
Iteration:    209  Time: 1.045E+01  Max CFL: 1.014E+02  Max Diff. No.: -1.000E+00  
Iteration:    210  Time: 1.050E+01  Max CFL: 1.014E+02  Max Diff. No.: -1.000E+00  
Writing solution file op.bin.
Iteration:    211  Time: 1.055E+01  Max CFL: 1.014E+02  Max Diff. No.: -1.000E+00  
Iteration:    212  Time: 1.060E+01  Max CFL: 1.014E+02  Max Diff. No.: -1.000E+00  
Iteration:    213  Time: 1.065E+01  Max CFL: 1.015E+02  Max Diff. No.: -1.000E+00  
Iteration:    214  Time: 1.070E+01  Max CFL: 1.015E+02  Max Diff. No.: -1.000E+00  
Iteration:    215  Time: 1.075E+01  Max CFL: 1.015E+02  Max Diff. No.: -1.000E+00  
Iteration:    216  Time: 1.080E+01  Max CFL: 1.015E+02  Max Diff. No.: -1.000E+00  
Iteration:    217  Time: 1.085E+01  Max CFL: 1.015E+02  Max Diff. No.: -1.000E+00  
Iteration:    218  Time: 1.090E+01  Max CFL: 1.015E+02  Max Diff. No.: -1.000E+00  
Iteration:    219  Time: 1.095E+01  Max CFL: 1.015E+02  Max Diff. No.: -1.000E+00  
Iteration:    220  Time: 1.100E+01  Max CFL: 1.015E+02  Max Diff. No.: -1.000E+00  
Writing solution file op.bin.
Iteration:    221  Time: 1.105E+01  Max CFL: 1.015E+02  Max Diff. No.: -1.000E+00  
Iteration:    222  Time: 1.110E+01  Max CFL: 1.015E+02  Max Diff. No.: -1.000E+00  
Iteration:    223  Time: 1.115E+01  Max CFL: 1.015E+02  Max Diff. No.: -1.000E+00  
Iteration:    224  Time: 1.120E+01  Max CFL: 1.015E+02  Max Diff. No.: -1.000E+00  
Iteration:    225  Time: 1.125E+01  Max CFL: 1.014E+02  Max Diff. No.: -1.000E+00  
Iteration:    226  Time: 1.130E+01  Max CFL: 1.014E+02  Max Diff. No.: -1.000E+00  
Iteration:    227  Time: 1.135E+01  Max CFL: 1.014E+02  Max Diff. No.: -1.000E+00  
Iteration:    228  Time: 1.140E+01  Max CFL: 1.014E+02  Max Diff. No.: -1.000E+00  
Iteration:    229  Time: 1.145E+01  Max CFL: 1.014E+02  Max Diff. No.: -1.000E+00  
Iteration:    230  Time: 1.150E+01  Max CFL: 1.014E+02  Max Diff. No.: -1.000E+00  
Writing solution file op.bin.
Iteration:    231  Time: 1.155E+01  Max CFL: 1.014E+02  Max Diff. No.: -1.000E+00  
Iteration:    232  Time: 1.160E+01  Max CFL: 1.015E+02  Max Diff. No.: -1.000E+00  
Iteration:    233  Time: 1.165E+01  Max CFL: 1.015E+02  Max Diff. No.: -1.000E+00  
Iteration:    234  Time: 1.170E+01  Max CFL: 1.015E+02  Max Diff. No.: -1.000E+00  
Iteration:    235  Time: 1.175E+01  Max CFL: 1.015E+02  Max Diff. No.: -1.000E+00  
Iteration:    236  Time: 1.180E+01  Max CFL: 1.015E+02  Max Diff. No.: -1.000E+00  
Iteration:    237  Time: 1.185E+01  Max CFL: 1.015E+02  Max Diff. No.: -1.000E+00  
Iteration:    238  Time: 1.190E+01  Max CFL: 1.015E+02  Max Diff. No.: -1.000E+00  
Iteration:    239  Time: 1.195E+01  Max CFL: 1.015E+02  Max Diff. No.: -1.000E+00  
Iteration:    240  Time: 1.200E+01  Max CFL: 1.015E+02  Max Diff. No.: -1.000E+00  
Writing solution file op.bin.
Iteration:    241  Time: 1.205E+01  Max CFL: 1.015E+02  Max Diff. No.: -1.000E+00  
Iteration:    242  Time: 1.210E+01  Max CFL: 1.015E+02  Max Diff. No.: -1.000E+00  
Iteration:    243  Time: 1.215E+01  Max CFL: 1.015E+02  Max Diff. No.: -1.000E+00  
Iteration:    244  Time: 1.220E+01  Max CFL: 1.015E+02  Max Diff. No.: -1.000E+00  
Iteration:    245  Time: 1.225E+01  Max CFL: 1.015E+02  Max Diff. No.: -1.000E+00  
Iteration:    246  Time: 1.230E+01  Max CFL: 1.014E+02  Max Diff. No.: -1.000E+00  
Iteration:    247  Time: 1.235E+01  Max CFL: 1.014E+02  Max Diff. No.: -1.000E+00  
Iteration:    248  Time: 1.240E+01  Max CFL: 1.014E+02  Max Diff. No.: -1.000E+00  
Iteration:    249  Time: 1.245E+01  Max CFL: 1.014E+02  Max Diff. No.: -1.000E+00  
Iteration:    250  Time: 1.250E+01  Max CFL: 1.014E+02  Max Diff. No.: -1.000E+00  
Writing solution file op.bin.
Iteration:    251  Time: 1.255E+01  Max CFL: 1.014E+02  Max Diff. No.: -1.000E+00  
Iteration:    252  Time: 1.260E+01  Max CFL: 1.015E+02  Max Diff. No.: -1.000E+00  
Iteration:    253  Time: 1.265E+01  Max CFL: 1.015E+02  Max Diff. No.: -1.000E+00  
Iteration:    254  Time: 1.270E+01  Max CFL: 1.015E+02  Max Diff. No.: -1.000E+00  
Iteration:    255  Time: 1.275E+01  Max CFL: 1.015E+02  Max Diff. No.: -1.000E+00  
Iteration:    256  Time: 1.280E+01  Max CFL: 1.015E+02  Max Diff. No.: -1.000E+00  
Iteration:    257  Time: 1.285E+01  Max CFL: 1.015E+02  Max Diff. No.: -1.000E+00  
Iteration:    258  Time: 1.290E+01  Max CFL: 1.015E+02  Max Diff. No.: -1.000E+00  
Iteration:    259  Time: 1.295E+01  Max CFL: 1.015E+02  Max Diff. No.: -1.000E+00  
Iteration:    260  Time: 1.300E+01  Max CFL: 1.015E+02  Max Diff. No.: -1.000E+00  
Writing solution file op.bin.
Iteration:    261  Time: 1.305E+01  Max CFL: 1.015E+02  Max Diff. No.: -1.000E+00  
Iteration:    262  Time: 1.310E+01  Max CFL: 1.015E+02  Max Diff. No.: -1.000E+00  
Iteration:    263  Time: 1.315E+01  Max CFL: 1.015E+02  Max Diff. No.: -1.000E+00  
Iteration:    264  Time: 1.320E+01  Max CFL: 1.015E+02  Max Diff. No.: -1.000E+00  
Iteration:    265  Time: 1.325E+01  Max CFL: 1.015E+02  Max Diff. No.: -1.000E+00  
Iteration:    266  Time: 1.330E+01  Max CFL: 1.015E+02  Max Diff. No.: -1.000E+00  
Iteration:    267  Time: 1.335E+01  Max CFL: 1.015E+02  Max Diff. No.: -1.000E+00  
Iteration:    268  Time: 1.340E+01  Max CFL: 1.014E+02  Max Diff. No.: -1.000E+00  
Iteration:    269  Time: 1.345E+01  Max CFL: 1.014E+02  Max Diff. No.: -1.000E+00  
Iteration:    270  Time: 1.350E+01  Max CFL: 1.014E+02  Max Diff. No.: -1.000E+00  
Writing solution file op.bin.
Iteration:    271  Time: 1.355E+01  Max CFL: 1.014E+02  Max Diff. No.: -1.000E+00  
Iteration:    272  Time: 1.360E+01  Max CFL: 1.014E+02  Max Diff. No.: -1.000E+00  
Iteration:    273  Time: 1.365E+01  Max CFL: 1.015E+02  Max Diff. No.: -1.000E+00  
Iteration:    274  Time: 1.370E+01  Max CFL: 1.015E+02  Max Diff. No.: -1.000E+00  
Iteration:    275  Time: 1.375E+01  Max CFL: 1.015E+02  Max Diff. No.: -1.000E+00  
Iteration:    276  Time: 1.380E+01  Max CFL: 1.015E+02  Max Diff. No.: -1.000E+00  
Iteration:    277  Time: 1.385E+01  Max CFL: 1.015E+02  Max Diff. No.: -1.000E+00  
Iteration:    278  Time: 1.390E+01  Max CFL: 1.015E+02  Max Diff. No.: -1.000E+00  
Iteration:    279  Time: 1.395E+01  Max CFL: 1.015E+02  Max Diff. No.: -1.000E+00  
Iteration:    280  Time: 1.400E+01  Max CFL: 1.015E+02  Max Diff. No.: -1.000E+00  
Writing solution file op.bin.
Iteration:    281  Time: 1.405E+01  Max CFL: 1.015E+02  Max Diff. No.: -1.000E+00  
Iteration:    282  Time: 1.410E+01  Max CFL: 1.015E+02  Max Diff. No.: -1.000E+00  
Iteration:    283  Time: 1.415E+01  Max CFL: 1.015E+02  Max Diff. No.: -1.000E+00  
Iteration:    284  Time: 1.420E+01  Max CFL: 1.015E+02  Max Diff. No.: -1.000E+00  
Iteration:    285  Time: 1.425E+01  Max CFL: 1.015E+02  Max Diff. No.: -1.000E+00  
Iteration:    286  Time: 1.430E+01  Max CFL: 1.015E+02  Max Diff. No.: -1.000E+00  
Iteration:    287  Time: 1.435E+01  Max CFL: 1.014E+02  Max Diff. No.: -1.000E+00  
Iteration:    288  Time: 1.440E+01  Max CFL: 1.014E+02  Max Diff. No.: -1.000E+00  
Iteration:    289  Time: 1.445E+01  Max CFL: 1.014E+02  Max Diff. No.: -1.000E+00  
Iteration:    290  Time: 1.450E+01  Max CFL: 1.014E+02  Max Diff. No.: -1.000E+00  
Writing solution file op.bin.
Iteration:    291  Time: 1.455E+01  Max CFL: 1.014E+02  Max Diff. No.: -1.000E+00  
Iteration:    292  Time: 1.460E+01  Max CFL: 1.015E+02  Max Diff. No.: -1.000E+00  
Iteration:    293  Time: 1.465E+01  Max CFL: 1.015E+02  Max Diff. No.: -1.000E+00  
Iteration:    294  Time: 1.470E+01  Max CFL: 1.015E+02  Max Diff. No.: -1.000E+00  
Iteration:    295  Time: 1.475E+01  Max CFL: 1.015E+02  Max Diff. No.: -1.000E+00  
Iteration:    296  Time: 1.480E+01  Max CFL: 1.015E+02  Max Diff. No.: -1.000E+00  
Iteration:    297  Time: 1.485E+01  Max CFL: 1.015E+02  Max Diff. No.: -1.000E+00  
Iteration:    298  Time: 1.490E+01  Max CFL: 1.015E+02  Max Diff. No.: -1.000E+00  
Iteration:    299  Time: 1.495E+01  Max CFL: 1.015E+02  Max Diff. No.: -1.000E+00  
Iteration:    300  Time: 1.500E+01  Max CFL: 1.015E+02  Max Diff. No.: -1.000E+00  
Writing solution file op.bin.
Iteration:    301  Time: 1.505E+01  Max CFL: 1.015E+02  Max Diff. No.: -1.000E+00  
Iteration:    302  Time: 1.510E+01  Max CFL: 1.015E+02  Max Diff. No.: -1.000E+00  
Iteration:    303  Time: 1.515E+01  Max CFL: 1.015E+02  Max Diff. No.: -1.000E+00  
Iteration:    304  Time: 1.520E+01  Max CFL: 1.015E+02  Max Diff. No.: -1.000E+00  
Iteration:    305  Time: 1.525E+01  Max CFL: 1.015E+02  Max Diff. No.: -1.000E+00  
Iteration:    306  Time: 1.530E+01  Max CFL: 1.015E+02  Max Diff. No.: -1.000E+00  
Iteration:    307  Time: 1.535E+01  Max CFL: 1.015E+02  Max Diff. No.: -1.000E+00  
Iteration:    308  Time: 1.540E+01  Max CFL: 1.015E+02  Max Diff. No.: -1.000E+00  
Iteration:    309  Time: 1.545E+01  Max CFL: 1.015E+02  Max Diff. No.: -1.000E+00  
Iteration:    310  Time: 1.550E+01  Max CFL: 1.014E+02  Max Diff. No.: -1.000E+00  
Writing solution file op.bin.
Iteration:    311  Time: 1.555E+01  Max CFL: 1.014E+02  Max Diff. No.: -1.000E+00  
Iteration:    312  Time: 1.560E+01  Max CFL: 1.014E+02  Max Diff. No.: -1.000E+00  
Iteration:    313  Time: 1.565E+01  Max CFL: 1.014E+02  Max Diff. No.: -1.000E+00  
Iteration:    314  Time: 1.570E+01  Max CFL: 1.014E+02  Max Diff. No.: -1.000E+00  
Iteration:    315  Time: 1.575E+01  Max CFL: 1.014E+02  Max Diff. No.: -1.000E+00  
Iteration:    316  Time: 1.580E+01  Max CFL: 1.015E+02  Max Diff. No.: -1.000E+00  
Iteration:    317  Time: 1.585E+01  Max CFL: 1.015E+02  Max Diff. No.: -1.000E+00  
Iteration:    318  Time: 1.590E+01  Max CFL: 1.015E+02  Max Diff. No.: -1.000E+00  
Iteration:    319  Time: 1.595E+01  Max CFL: 1.015E+02  Max Diff. No.: -1.000E+00  
Iteration:    320  Time: 1.600E+01  Max CFL: 1.015E+02  Max Diff. No.: -1.000E+00  
Writing solution file op.bin.
Iteration:    321  Time: 1.605E+01  Max CFL: 1.015E+02  Max Diff. No.: -1.000E+00  
Iteration:    322  Time: 1.610E+01  Max CFL: 1.015E+02  Max Diff. No.: -1.000E+00  
Iteration:    323  Time: 1.615E+01  Max CFL: 1.015E+02  Max Diff. No.: -1.000E+00  
Iteration:    324  Time: 1.620E+01  Max CFL: 1.015E+02  Max Diff. No.: -1.000E+00  
Iteration:    325  Time: 1.625E+01  Max CFL: 1.015E+02  Max Diff. No.: -1.000E+00  
Iteration:    326  Time: 1.630E+01  Max CFL: 1.015E+02  Max Diff. No.: -1.000E+00  
Iteration:    327  Time: 1.635E+01  Max CFL: 1.015E+02  Max Diff. No.: -1.000E+00  
Iteration:    328  Time: 1.640E+01  Max CFL: 1.015E+02  Max Diff. No.: -1.000E+00  
Iteration:    329  Time: 1.645E+01  Max CFL: 1.015E+02  Max Diff. No.: -1.000E+00  
Iteration:    330  Time: 1.650E+01  Max CFL: 1.014E+02  Max Diff. No.: -1.000E+00  
Writing solution file op.bin.
Iteration:    331  Time: 1.655E+01  Max CFL: 1.014E+02  Max Diff. No.: -1.000E+00  
Iteration:    332  Time: 1.660E+01  Max CFL: 1.014E+02  Max Diff. No.: -1.000E+00  
Iteration:    333  Time: 1.665E+01  Max CFL: 1.014E+02  Max Diff. No.: -1.000E+00  
Iteration:    334  Time: 1.670E+01  Max CFL: 1.014E+02  Max Diff. No.: -1.000E+00  
Iteration:    335  Time: 1.675E+01  Max CFL: 1.014E+02  Max Diff. No.: -1.000E+00  
Iteration:    336  Time: 1.680E+01  Max CFL: 1.015E+02  Max Diff. No.: -1.000E+00  
Iteration:    337  Time: 1.685E+01  Max CFL: 1.015E+02  Max Diff. No.: -1.000E+00  
Iteration:    338  Time: 1.690E+01  Max CFL: 1.015E+02  Max Diff. No.: -1.000E+00  
Iteration:    339  Time: 1.695E+01  Max CFL: 1.015E+02  Max Diff. No.: -1.000E+00  
Iteration:    340  Time: 1.700E+01  Max CFL: 1.015E+02  Max Diff. No.: -1.000E+00  
Writing solution file op.bin.
Iteration:    341  Time: 1.705E+01  Max CFL: 1.015E+02  Max Diff. No.: -1.000E+00  
Iteration:    342  Time: 1.710E+01  Max CFL: 1.015E+02  Max Diff. No.: -1.000E+00  
Iteration:    343  Time: 1.715E+01  Max CFL: 1.015E+02  Max Diff. No.: -1.000E+00  
Iteration:    344  Time: 1.720E+01  Max CFL: 1.015E+02  Max Diff. No.: -1.000E+00  
Iteration:    345  Time: 1.725E+01  Max CFL: 1.015E+02  Max Diff. No.: -1.000E+00  
Iteration:    346  Time: 1.730E+01  Max CFL: 1.015E+02  Max Diff. No.: -1.000E+00  
Iteration:    347  Time: 1.735E+01  Max CFL: 1.015E+02  Max Diff. No.: -1.000E+00  
Iteration:    348  Time: 1.740E+01  Max CFL: 1.015E+02  Max Diff. No.: -1.000E+00  
Iteration:    349  Time: 1.745E+01  Max CFL: 1.015E+02  Max Diff. No.: -1.000E+00  
Iteration:    350  Time: 1.750E+01  Max CFL: 1.014E+02  Max Diff. No.: -1.000E+00  
Writing solution file op.bin.
Iteration:    351  Time: 1.755E+01  Max CFL: 1.014E+02  Max Diff. No.: -1.000E+00  
Iteration:    352  Time: 1.760E+01  Max CFL: 1.014E+02  Max Diff. No.: -1.000E+00  
Iteration:    353  Time: 1.765E+01  Max CFL: 1.014E+02  Max Diff. No.: -1.000E+00  
Iteration:    354  Time: 1.770E+01  Max CFL: 1.014E+02  Max Diff. No.: -1.000E+00  
Iteration:    355  Time: 1.775E+01  Max CFL: 1.014E+02  Max Diff. No.: -1.000E+00  
Iteration:    356  Time: 1.780E+01  Max CFL: 1.015E+02  Max Diff. No.: -1.000E+00  
Iteration:    357  Time: 1.785E+01  Max CFL: 1.015E+02  Max Diff. No.: -1.000E+00  
Iteration:    358  Time: 1.790E+01  Max CFL: 1.015E+02  Max Diff. No.: -1.000E+00  
Iteration:    359  Time: 1.795E+01  Max CFL: 1.015E+02  Max Diff. No.: -1.000E+00  
Iteration:    360  Time: 1.800E+01  Max CFL: 1.015E+02  Max Diff. No.: -1.000E+00  
Writing solution file op.bin.
Iteration:    361  Time: 1.805E+01  Max CFL: 1.015E+02  Max Diff. No.: -1.000E+00  
Iteration:    362  Time: 1.810E+01  Max CFL: 1.015E+02  Max Diff. No.: -1.000E+00  
Iteration:    363  Time: 1.815E+01  Max CFL: 1.015E+02  Max Diff. No.: -1.000E+00  
Iteration:    364  Time: 1.820E+01  Max CFL: 1.015E+02  Max Diff. No.: -1.000E+00  
Iteration:    365  Time: 1.825E+01  Max CFL: 1.015E+02  Max Diff. No.: -1.000E+00  
Iteration:    366  Time: 1.830E+01  Max CFL: 1.015E+02  Max Diff. No.: -1.000E+00  
Iteration:    367  Time: 1.835E+01  Max CFL: 1.015E+02  Max Diff. No.: -1.000E+00  
Iteration:    368  Time: 1.840E+01  Max CFL: 1.015E+02  Max Diff. No.: -1.000E+00  
Iteration:    369  Time: 1.845E+01  Max CFL: 1.015E+02  Max Diff. No.: -1.000E+00  
Iteration:    370  Time: 1.850E+01  Max CFL: 1.015E+02  Max Diff. No.: -1.000E+00  
Writing solution file op.bin.
Iteration:    371  Time: 1.855E+01  Max CFL: 1.014E+02  Max Diff. No.: -1.000E+00  
Iteration:    372  Time: 1.860E+01  Max CFL: 1.014E+02  Max Diff. No.: -1.000E+00  
Iteration:    373  Time: 1.865E+01  Max CFL: 1.014E+02  Max Diff. No.: -1.000E+00  
Iteration:    374  Time: 1.870E+01  Max CFL: 1.014E+02  Max Diff. No.: -1.000E+00  
Iteration:    375  Time: 1.875E+01  Max CFL: 1.014E+02  Max Diff. No.: -1.000E+00  
Iteration:    376  Time: 1.880E+01  Max CFL: 1.014E+02  Max Diff. No.: -1.000E+00  
Iteration:    377  Time: 1.885E+01  Max CFL: 1.015E+02  Max Diff. No.: -1.000E+00  
Iteration:    378  Time: 1.890E+01  Max CFL: 1.015E+02  Max Diff. No.: -1.000E+00  
Iteration:    379  Time: 1.895E+01  Max CFL: 1.015E+02  Max Diff. No.: -1.000E+00  
Iteration:    380  Time: 1.900E+01  Max CFL: 1.015E+02  Max Diff. No.: -1.000E+00  
Writing solution file op.bin.
Iteration:    381  Time: 1.905E+01  Max CFL: 1.015E+02  Max Diff. No.: -1.000E+00  
Iteration:    382  Time: 1.910E+01  Max CFL: 1.015E+02  Max Diff. No.: -1.000E+00  
Iteration:    383  Time: 1.915E+01  Max CFL: 1.015E+02  Max Diff. No.: -1.000E+00  
Iteration:    384  Time: 1.920E+01  Max CFL: 1.015E+02  Max Diff. No.: -1.000E+00  
Iteration:    385  Time: 1.925E+01  Max CFL: 1.015E+02  Max Diff. No.: -1.000E+00  
Iteration:    386  Time: 1.930E+01  Max CFL: 1.015E+02  Max Diff. No.: -1.000E+00  
Iteration:    387  Time: 1.935E+01  Max CFL: 1.015E+02  Max Diff. No.: -1.000E+00  
Iteration:    388  Time: 1.940E+01  Max CFL: 1.015E+02  Max Diff. No.: -1.000E+00  
Iteration:    389  Time: 1.945E+01  Max CFL: 1.015E+02  Max Diff. No.: -1.000E+00  
Iteration:    390  Time: 1.950E+01  Max CFL: 1.015E+02  Max Diff. No.: -1.000E+00  
Writing solution file op.bin.
Iteration:    391  Time: 1.955E+01  Max CFL: 1.015E+02  Max Diff. No.: -1.000E+00  
Iteration:    392  Time: 1.960E+01  Max CFL: 1.014E+02  Max Diff. No.: -1.000E+00  
Iteration:    393  Time: 1.965E+01  Max CFL: 1.014E+02  Max Diff. No.: -1.000E+00  
Iteration:    394  Time: 1.970E+01  Max CFL: 1.014E+02  Max Diff. No.: -1.000E+00  
Iteration:    395  Time: 1.975E+01  Max CFL: 1.014E+02  Max Diff. No.: -1.000E+00  
Iteration:    396  Time: 1.980E+01  Max CFL: 1.014E+02  Max Diff. No.: -1.000E+00  
Iteration:    397  Time: 1.985E+01  Max CFL: 1.014E+02  Max Diff. No.: -1.000E+00  
Iteration:    398  Time: 1.990E+01  Max CFL: 1.015E+02  Max Diff. No.: -1.000E+00  
Iteration:    399  Time: 1.995E+01  Max CFL: 1.015E+02  Max Diff. No.: -1.000E+00  
Iteration:    400  Time: 2.000E+01  Max CFL: 1.015E+02  Max Diff. No.: -1.000E+00  
Writing solution file op.bin.
** Completed PETSc time integration **
Computed errors:
  L1         Error           : 0.0000000000000000E+00
  L2         Error           : 0.0000000000000000E+00
  Linfinity  Error           : 0.0000000000000000E+00
Conservation Errors:
	0.0000000000000000E+00
	0.0000000000000000E+00
	0.0000000000000000E+00
	0.0000000000000000E+00
Solver runtime (in seconds): 1.9543866630000000E+03
Total  runtime (in seconds): 1.9544529339999999E+03
Deallocating arrays.
Finished.
